<?xml version="1.0" encoding="UTF-8"?>
<robot generator="Robot 7.3.2 (Python 3.12.1 on win32)" generated="2026-02-22T18:07:32.429601" rpa="false" schemaversion="5">
<suite id="s1" name="Tests" source="C:\Users\DELL\Desktop\rob1\tests">
<suite id="s1-s1" name="Login test" source="C:\Users\DELL\Desktop\rob1\tests\Login_test.robot">
<test id="s1-s1-t1" name="Login avec valid cridentiels" line="18">
<kw name="Se connecter au site" owner="base_page" type="SETUP">
<kw name="Run Keyword If" owner="BuiltIn">
<kw name="Open Browser" owner="SeleniumLibrary">
<msg time="2026-02-22T18:07:32.897549" level="INFO">Opening browser 'chrome' to base url 'https://www.saucedemo.com/'.</msg>
<arg>${BASE_URL}</arg>
<arg>chrome</arg>
<doc>Opens a new browser instance to the optional ``url``.</doc>
<status status="PASS" start="2026-02-22T18:07:32.897549" elapsed="4.763686"/>
</kw>
<arg>'${BROWSER}' == 'chrome'</arg>
<arg>Open Browser</arg>
<arg>${BASE_URL}</arg>
<arg>chrome</arg>
<arg>ELSE IF</arg>
<arg>'${BROWSER}' == 'firefox'</arg>
<arg>Open Browser</arg>
<arg>${BASE_URL}</arg>
<arg>firefox</arg>
<arg>ELSE IF</arg>
<arg>'${BROWSER}' == 'edge'</arg>
<arg>Open Browser</arg>
<arg>${BASE_URL}</arg>
<arg>edge</arg>
<arg>ELSE</arg>
<arg>Fail</arg>
<arg>Navigateur non supporté : ${BROWSER}</arg>
<doc>Runs the given keyword with the given arguments, if ``condition`` is true.</doc>
<status status="PASS" start="2026-02-22T18:07:32.896513" elapsed="4.764722"/>
</kw>
<kw name="Maximize Browser Window" owner="SeleniumLibrary">
<doc>Maximizes current browser window.</doc>
<status status="PASS" start="2026-02-22T18:07:37.662800" elapsed="0.303685"/>
</kw>
<kw name="Set Selenium Timeout" owner="SeleniumLibrary">
<arg>${SELENIUM_TIMEOUT}</arg>
<doc>Sets the timeout that is used by various keywords.</doc>
<status status="PASS" start="2026-02-22T18:07:37.967488" elapsed="0.002456"/>
</kw>
<doc>Ouvre Amazon dans Chrome, Firefox ou Edge</doc>
<status status="PASS" start="2026-02-22T18:07:32.895189" elapsed="5.074755"/>
</kw>
<kw name="Saisir username" owner="login_page">
<kw name="Strong" owner="base_page">
<kw name="Set Variable" owner="BuiltIn">
<msg time="2026-02-22T18:07:37.974119" level="INFO">${tentatives_max} = 15</msg>
<var>${tentatives_max}</var>
<arg>15</arg>
<doc>Returns the given values which can then be assigned to a variables.</doc>
<status status="PASS" start="2026-02-22T18:07:37.974119" elapsed="0.000000"/>
</kw>
<kw name="Set Variable" owner="BuiltIn">
<msg time="2026-02-22T18:07:37.975120" level="INFO">${attente} = 0.1s</msg>
<var>${attente}</var>
<arg>0.1s</arg>
<doc>Returns the given values which can then be assigned to a variables.</doc>
<status status="PASS" start="2026-02-22T18:07:37.975120" elapsed="0.000000"/>
</kw>
<kw name="Attendre Que Le DOM Soit Stable" owner="base_page">
<for flavor="IN RANGE">
<iter>
<kw name="Get Element Count" owner="SeleniumLibrary">
<msg time="2026-02-22T18:07:38.560528" level="INFO">${compte1} = 43</msg>
<var>${compte1}</var>
<arg>${locator_racine}</arg>
<doc>Returns the number of elements matching ``locator``.</doc>
<status status="PASS" start="2026-02-22T18:07:37.975120" elapsed="0.585408"/>
</kw>
<kw name="Sleep" owner="BuiltIn">
<msg time="2026-02-22T18:07:38.763178" level="INFO">Slept 200 milliseconds.</msg>
<arg>${intervalle}</arg>
<doc>Pauses the test executed for the given time.</doc>
<status status="PASS" start="2026-02-22T18:07:38.562683" elapsed="0.200495"/>
</kw>
<kw name="Get Element Count" owner="SeleniumLibrary">
<msg time="2026-02-22T18:07:38.928749" level="INFO">${compte2} = 43</msg>
<var>${compte2}</var>
<arg>${locator_racine}</arg>
<doc>Returns the number of elements matching ``locator``.</doc>
<status status="PASS" start="2026-02-22T18:07:38.763178" elapsed="0.165571"/>
</kw>
<if>
<branch type="IF" condition="${compte1} == ${compte2}">
<return>
<status status="PASS" start="2026-02-22T18:07:38.930789" elapsed="0.000000"/>
</return>
<status status="PASS" start="2026-02-22T18:07:38.929796" elapsed="0.000993"/>
</branch>
<status status="PASS" start="2026-02-22T18:07:38.929796" elapsed="0.000993"/>
</if>
<var name="${i}">0</var>
<status status="PASS" start="2026-02-22T18:07:37.975120" elapsed="0.955669"/>
</iter>
<var>${i}</var>
<value>${tentatives_max}</value>
<status status="PASS" start="2026-02-22T18:07:37.975120" elapsed="0.955669"/>
</for>
<kw name="Fail" owner="BuiltIn">
<arg>ERREUR: Le nombre d'éléments dans le DOM ne s'est pas stabilisé après ${tentatives_max} tentatives.</arg>
<doc>Fails the test with the given message and optionally alters its tags.</doc>
<status status="NOT RUN" start="2026-02-22T18:07:38.930789" elapsed="0.000000"/>
</kw>
<doc>Attend que le nombre total d'éléments dans le DOM ne change plus
entre deux intervalles, indiquant une stabilité structurelle.</doc>
<status status="PASS" start="2026-02-22T18:07:37.975120" elapsed="0.956844"/>
</kw>
<for flavor="IN RANGE">
<iter>
<try>
<branch type="TRY">
<kw name="Run Keyword" owner="BuiltIn">
<kw name="Wait Until Element Is Visible" owner="SeleniumLibrary">
<arg>@{args}</arg>
<doc>Waits until the element ``locator`` is visible.</doc>
<status status="PASS" start="2026-02-22T18:07:38.933199" elapsed="0.270295"/>
</kw>
<msg time="2026-02-22T18:07:39.203494" level="INFO">${result} = None</msg>
<var>${result}</var>
<arg>${mot_cle}</arg>
<arg>@{args}</arg>
<doc>Executes the given keyword with the given arguments.</doc>
<status status="PASS" start="2026-02-22T18:07:38.933199" elapsed="0.271300"/>
</kw>
<kw name="Log" owner="BuiltIn">
<msg time="2026-02-22T18:07:39.204499" level="INFO">Succès à la tentative 1 pour : Wait Until Element Is Visible ["xpath=//input[@id='user-name']"]</msg>
<arg>Succès à la tentative ${index + 1} pour : ${mot_cle} ${args}</arg>
<doc>Logs the given message with the given level.</doc>
<status status="PASS" start="2026-02-22T18:07:39.204499" elapsed="0.000000"/>
</kw>
<return>
<value>${result}</value>
<status status="PASS" start="2026-02-22T18:07:39.204499" elapsed="0.000000"/>
</return>
<status status="PASS" start="2026-02-22T18:07:38.931964" elapsed="0.272535"/>
</branch>
<branch type="EXCEPT" assign="${err}">
<kw name="Log To Console" owner="BuiltIn">
<arg>Échec tentative ${index + 1} pour : ${mot_cle} ${args}</arg>
<doc>Logs the given message to the console.</doc>
<status status="NOT RUN" start="2026-02-22T18:07:39.204499" elapsed="0.000000"/>
</kw>
<kw name="Log To Console" owner="BuiltIn">
<arg>Message d'exception : ${err}</arg>
<doc>Logs the given message to the console.</doc>
<status status="NOT RUN" start="2026-02-22T18:07:39.204499" elapsed="0.000000"/>
</kw>
<kw name="Sleep" owner="BuiltIn">
<arg>${attente}</arg>
<doc>Pauses the test executed for the given time.</doc>
<status status="NOT RUN" start="2026-02-22T18:07:39.204499" elapsed="0.000000"/>
</kw>
<status status="NOT RUN" start="2026-02-22T18:07:39.204499" elapsed="0.000000"/>
</branch>
<status status="PASS" start="2026-02-22T18:07:38.931964" elapsed="0.272535"/>
</try>
<var name="${index}">0</var>
<status status="PASS" start="2026-02-22T18:07:38.931964" elapsed="0.272535"/>
</iter>
<var>${index}</var>
<value>${tentatives_max}</value>
<status status="PASS" start="2026-02-22T18:07:38.931964" elapsed="0.272535"/>
</for>
<kw name="Fail" owner="BuiltIn">
<arg>Échec après ${tentatives_max} tentatives du mot-clé : ${mot_cle} ${args}. Dernière erreur: ${err}</arg>
<doc>Fails the test with the given message and optionally alters its tags.</doc>
<status status="NOT RUN" start="2026-02-22T18:07:39.204499" elapsed="0.000000"/>
</kw>
<arg>Wait Until Element Is Visible</arg>
<arg>${Username_Field}</arg>
<doc>Exécute un mot-clé avec rerejeu automatique en cas d'exception dans la limite d'un nombre de fois en paramètre ci-dessous.
Utile pour gérer les erreurs comme StaleElementReferenceException ou autres erreurs intermittentes.</doc>
<status status="PASS" start="2026-02-22T18:07:37.973121" elapsed="1.231378"/>
</kw>
<kw name="Input Text" owner="SeleniumLibrary">
<msg time="2026-02-22T18:07:39.210687" level="INFO">Typing text 'standard_user' into text field 'xpath=//input[@id='user-name']'.</msg>
<arg>${Username_Field}</arg>
<arg>${username}</arg>
<doc>Types the given ``text`` into the text field identified by ``locator``.</doc>
<status status="PASS" start="2026-02-22T18:07:39.204499" elapsed="2.719124"/>
</kw>
<arg>${Valid_Username}</arg>
<status status="PASS" start="2026-02-22T18:07:37.971121" elapsed="3.952502"/>
</kw>
<kw name="Saisir mode de passe" owner="login_page">
<kw name="Strong" owner="base_page">
<kw name="Set Variable" owner="BuiltIn">
<msg time="2026-02-22T18:07:41.930028" level="INFO">${tentatives_max} = 15</msg>
<var>${tentatives_max}</var>
<arg>15</arg>
<doc>Returns the given values which can then be assigned to a variables.</doc>
<status status="PASS" start="2026-02-22T18:07:41.930028" elapsed="0.000000"/>
</kw>
<kw name="Set Variable" owner="BuiltIn">
<msg time="2026-02-22T18:07:41.931032" level="INFO">${attente} = 0.1s</msg>
<var>${attente}</var>
<arg>0.1s</arg>
<doc>Returns the given values which can then be assigned to a variables.</doc>
<status status="PASS" start="2026-02-22T18:07:41.931032" elapsed="0.000000"/>
</kw>
<kw name="Attendre Que Le DOM Soit Stable" owner="base_page">
<for flavor="IN RANGE">
<iter>
<kw name="Get Element Count" owner="SeleniumLibrary">
<msg time="2026-02-22T18:07:41.997342" level="INFO">${compte1} = 43</msg>
<var>${compte1}</var>
<arg>${locator_racine}</arg>
<doc>Returns the number of elements matching ``locator``.</doc>
<status status="PASS" start="2026-02-22T18:07:41.931032" elapsed="0.066310"/>
</kw>
<kw name="Sleep" owner="BuiltIn">
<msg time="2026-02-22T18:07:42.197561" level="INFO">Slept 200 milliseconds.</msg>
<arg>${intervalle}</arg>
<doc>Pauses the test executed for the given time.</doc>
<status status="PASS" start="2026-02-22T18:07:41.997342" elapsed="0.200219"/>
</kw>
<kw name="Get Element Count" owner="SeleniumLibrary">
<msg time="2026-02-22T18:07:42.266206" level="INFO">${compte2} = 43</msg>
<var>${compte2}</var>
<arg>${locator_racine}</arg>
<doc>Returns the number of elements matching ``locator``.</doc>
<status status="PASS" start="2026-02-22T18:07:42.198562" elapsed="0.067644"/>
</kw>
<if>
<branch type="IF" condition="${compte1} == ${compte2}">
<return>
<status status="PASS" start="2026-02-22T18:07:42.266206" elapsed="0.000000"/>
</return>
<status status="PASS" start="2026-02-22T18:07:42.266206" elapsed="0.000000"/>
</branch>
<status status="PASS" start="2026-02-22T18:07:42.266206" elapsed="0.000000"/>
</if>
<var name="${i}">0</var>
<status status="PASS" start="2026-02-22T18:07:41.931032" elapsed="0.335174"/>
</iter>
<var>${i}</var>
<value>${tentatives_max}</value>
<status status="PASS" start="2026-02-22T18:07:41.931032" elapsed="0.335174"/>
</for>
<kw name="Fail" owner="BuiltIn">
<arg>ERREUR: Le nombre d'éléments dans le DOM ne s'est pas stabilisé après ${tentatives_max} tentatives.</arg>
<doc>Fails the test with the given message and optionally alters its tags.</doc>
<status status="NOT RUN" start="2026-02-22T18:07:42.266206" elapsed="0.000000"/>
</kw>
<doc>Attend que le nombre total d'éléments dans le DOM ne change plus
entre deux intervalles, indiquant une stabilité structurelle.</doc>
<status status="PASS" start="2026-02-22T18:07:41.931032" elapsed="0.335174"/>
</kw>
<for flavor="IN RANGE">
<iter>
<try>
<branch type="TRY">
<kw name="Run Keyword" owner="BuiltIn">
<kw name="Wait Until Element Is Visible" owner="SeleniumLibrary">
<arg>@{args}</arg>
<doc>Waits until the element ``locator`` is visible.</doc>
<status status="PASS" start="2026-02-22T18:07:42.266206" elapsed="0.058955"/>
</kw>
<msg time="2026-02-22T18:07:42.325944" level="INFO">${result} = None</msg>
<var>${result}</var>
<arg>${mot_cle}</arg>
<arg>@{args}</arg>
<doc>Executes the given keyword with the given arguments.</doc>
<status status="PASS" start="2026-02-22T18:07:42.266206" elapsed="0.059738"/>
</kw>
<kw name="Log" owner="BuiltIn">
<msg time="2026-02-22T18:07:42.328716" level="INFO">Succès à la tentative 1 pour : Wait Until Element Is Visible ["xpath=//input[@id='password']"]</msg>
<arg>Succès à la tentative ${index + 1} pour : ${mot_cle} ${args}</arg>
<doc>Logs the given message with the given level.</doc>
<status status="PASS" start="2026-02-22T18:07:42.325944" elapsed="0.002772"/>
</kw>
<return>
<value>${result}</value>
<status status="PASS" start="2026-02-22T18:07:42.328716" elapsed="0.000000"/>
</return>
<status status="PASS" start="2026-02-22T18:07:42.266206" elapsed="0.063519"/>
</branch>
<branch type="EXCEPT" assign="${err}">
<kw name="Log To Console" owner="BuiltIn">
<arg>Échec tentative ${index + 1} pour : ${mot_cle} ${args}</arg>
<doc>Logs the given message to the console.</doc>
<status status="NOT RUN" start="2026-02-22T18:07:42.329725" elapsed="0.000000"/>
</kw>
<kw name="Log To Console" owner="BuiltIn">
<arg>Message d'exception : ${err}</arg>
<doc>Logs the given message to the console.</doc>
<status status="NOT RUN" start="2026-02-22T18:07:42.329725" elapsed="0.000000"/>
</kw>
<kw name="Sleep" owner="BuiltIn">
<arg>${attente}</arg>
<doc>Pauses the test executed for the given time.</doc>
<status status="NOT RUN" start="2026-02-22T18:07:42.330727" elapsed="0.000000"/>
</kw>
<status status="NOT RUN" start="2026-02-22T18:07:42.329725" elapsed="0.001002"/>
</branch>
<status status="PASS" start="2026-02-22T18:07:42.266206" elapsed="0.064521"/>
</try>
<var name="${index}">0</var>
<status status="PASS" start="2026-02-22T18:07:42.266206" elapsed="0.064521"/>
</iter>
<var>${index}</var>
<value>${tentatives_max}</value>
<status status="PASS" start="2026-02-22T18:07:42.266206" elapsed="0.064521"/>
</for>
<kw name="Fail" owner="BuiltIn">
<arg>Échec après ${tentatives_max} tentatives du mot-clé : ${mot_cle} ${args}. Dernière erreur: ${err}</arg>
<doc>Fails the test with the given message and optionally alters its tags.</doc>
<status status="NOT RUN" start="2026-02-22T18:07:42.330727" elapsed="0.000000"/>
</kw>
<arg>Wait Until Element Is Visible</arg>
<arg>${Passeword_Field}</arg>
<doc>Exécute un mot-clé avec rerejeu automatique en cas d'exception dans la limite d'un nombre de fois en paramètre ci-dessous.
Utile pour gérer les erreurs comme StaleElementReferenceException ou autres erreurs intermittentes.</doc>
<status status="PASS" start="2026-02-22T18:07:41.929029" elapsed="0.401698"/>
</kw>
<kw name="Input Text" owner="SeleniumLibrary">
<msg time="2026-02-22T18:07:42.330727" level="INFO">Typing text 'secret_sauce' into text field 'xpath=//input[@id='password']'.</msg>
<arg>${Passeword_Field}</arg>
<arg>${passeword}</arg>
<doc>Types the given ``text`` into the text field identified by ``locator``.</doc>
<status status="PASS" start="2026-02-22T18:07:42.330727" elapsed="0.235003"/>
</kw>
<arg>${Valid_Password}</arg>
<status status="PASS" start="2026-02-22T18:07:41.927941" elapsed="0.637789"/>
</kw>
<kw name="Cliquer sur le bouton Login" owner="login_page">
<kw name="Strong" owner="base_page">
<kw name="Set Variable" owner="BuiltIn">
<msg time="2026-02-22T18:07:42.566729" level="INFO">${tentatives_max} = 15</msg>
<var>${tentatives_max}</var>
<arg>15</arg>
<doc>Returns the given values which can then be assigned to a variables.</doc>
<status status="PASS" start="2026-02-22T18:07:42.566729" elapsed="0.000000"/>
</kw>
<kw name="Set Variable" owner="BuiltIn">
<msg time="2026-02-22T18:07:42.566729" level="INFO">${attente} = 0.1s</msg>
<var>${attente}</var>
<arg>0.1s</arg>
<doc>Returns the given values which can then be assigned to a variables.</doc>
<status status="PASS" start="2026-02-22T18:07:42.566729" elapsed="0.000000"/>
</kw>
<kw name="Attendre Que Le DOM Soit Stable" owner="base_page">
<for flavor="IN RANGE">
<iter>
<kw name="Get Element Count" owner="SeleniumLibrary">
<msg time="2026-02-22T18:07:42.612618" level="INFO">${compte1} = 43</msg>
<var>${compte1}</var>
<arg>${locator_racine}</arg>
<doc>Returns the number of elements matching ``locator``.</doc>
<status status="PASS" start="2026-02-22T18:07:42.572444" elapsed="0.040174"/>
</kw>
<kw name="Sleep" owner="BuiltIn">
<msg time="2026-02-22T18:07:42.889827" level="INFO">Slept 200 milliseconds.</msg>
<arg>${intervalle}</arg>
<doc>Pauses the test executed for the given time.</doc>
<status status="PASS" start="2026-02-22T18:07:42.689085" elapsed="0.200742"/>
</kw>
<kw name="Get Element Count" owner="SeleniumLibrary">
<msg time="2026-02-22T18:07:43.392045" level="INFO">${compte2} = 43</msg>
<var>${compte2}</var>
<arg>${locator_racine}</arg>
<doc>Returns the number of elements matching ``locator``.</doc>
<status status="PASS" start="2026-02-22T18:07:42.890870" elapsed="0.501175"/>
</kw>
<if>
<branch type="IF" condition="${compte1} == ${compte2}">
<return>
<status status="PASS" start="2026-02-22T18:07:43.395849" elapsed="0.000000"/>
</return>
<status status="PASS" start="2026-02-22T18:07:43.392045" elapsed="0.005847"/>
</branch>
<status status="PASS" start="2026-02-22T18:07:43.392045" elapsed="0.005847"/>
</if>
<var name="${i}">0</var>
<status status="PASS" start="2026-02-22T18:07:42.571444" elapsed="0.826448"/>
</iter>
<var>${i}</var>
<value>${tentatives_max}</value>
<status status="PASS" start="2026-02-22T18:07:42.571444" elapsed="0.826448"/>
</for>
<kw name="Fail" owner="BuiltIn">
<arg>ERREUR: Le nombre d'éléments dans le DOM ne s'est pas stabilisé après ${tentatives_max} tentatives.</arg>
<doc>Fails the test with the given message and optionally alters its tags.</doc>
<status status="NOT RUN" start="2026-02-22T18:07:43.397892" elapsed="0.001578"/>
</kw>
<doc>Attend que le nombre total d'éléments dans le DOM ne change plus
entre deux intervalles, indiquant une stabilité structurelle.</doc>
<status status="PASS" start="2026-02-22T18:07:42.566729" elapsed="0.832741"/>
</kw>
<for flavor="IN RANGE">
<iter>
<try>
<branch type="TRY">
<kw name="Run Keyword" owner="BuiltIn">
<kw name="Wait Until Element Is Visible" owner="SeleniumLibrary">
<arg>@{args}</arg>
<doc>Waits until the element ``locator`` is visible.</doc>
<status status="PASS" start="2026-02-22T18:07:43.400681" elapsed="0.209694"/>
</kw>
<msg time="2026-02-22T18:07:43.610375" level="INFO">${result} = None</msg>
<var>${result}</var>
<arg>${mot_cle}</arg>
<arg>@{args}</arg>
<doc>Executes the given keyword with the given arguments.</doc>
<status status="PASS" start="2026-02-22T18:07:43.400681" elapsed="0.209694"/>
</kw>
<kw name="Log" owner="BuiltIn">
<msg time="2026-02-22T18:07:43.617656" level="INFO">Succès à la tentative 1 pour : Wait Until Element Is Visible ["xpath=//input[@id='login-button']"]</msg>
<arg>Succès à la tentative ${index + 1} pour : ${mot_cle} ${args}</arg>
<doc>Logs the given message with the given level.</doc>
<status status="PASS" start="2026-02-22T18:07:43.611744" elapsed="0.005912"/>
</kw>
<return>
<value>${result}</value>
<status status="PASS" start="2026-02-22T18:07:43.618659" elapsed="0.000000"/>
</return>
<status status="PASS" start="2026-02-22T18:07:43.400681" elapsed="0.218514"/>
</branch>
<branch type="EXCEPT" assign="${err}">
<kw name="Log To Console" owner="BuiltIn">
<arg>Échec tentative ${index + 1} pour : ${mot_cle} ${args}</arg>
<doc>Logs the given message to the console.</doc>
<status status="NOT RUN" start="2026-02-22T18:07:43.620196" elapsed="0.000066"/>
</kw>
<kw name="Log To Console" owner="BuiltIn">
<arg>Message d'exception : ${err}</arg>
<doc>Logs the given message to the console.</doc>
<status status="NOT RUN" start="2026-02-22T18:07:43.620262" elapsed="0.000000"/>
</kw>
<kw name="Sleep" owner="BuiltIn">
<arg>${attente}</arg>
<doc>Pauses the test executed for the given time.</doc>
<status status="NOT RUN" start="2026-02-22T18:07:43.621504" elapsed="0.000000"/>
</kw>
<status status="NOT RUN" start="2026-02-22T18:07:43.619195" elapsed="0.002309"/>
</branch>
<status status="PASS" start="2026-02-22T18:07:43.400681" elapsed="0.220823"/>
</try>
<var name="${index}">0</var>
<status status="PASS" start="2026-02-22T18:07:43.400681" elapsed="0.220823"/>
</iter>
<var>${index}</var>
<value>${tentatives_max}</value>
<status status="PASS" start="2026-02-22T18:07:43.399470" elapsed="0.222034"/>
</for>
<kw name="Fail" owner="BuiltIn">
<arg>Échec après ${tentatives_max} tentatives du mot-clé : ${mot_cle} ${args}. Dernière erreur: ${err}</arg>
<doc>Fails the test with the given message and optionally alters its tags.</doc>
<status status="NOT RUN" start="2026-02-22T18:07:43.622505" elapsed="0.000000"/>
</kw>
<arg>Wait Until Element Is Visible</arg>
<arg>${Btn_Login}</arg>
<doc>Exécute un mot-clé avec rerejeu automatique en cas d'exception dans la limite d'un nombre de fois en paramètre ci-dessous.
Utile pour gérer les erreurs comme StaleElementReferenceException ou autres erreurs intermittentes.</doc>
<status status="PASS" start="2026-02-22T18:07:42.566729" elapsed="1.055776"/>
</kw>
<kw name="Strong" owner="base_page">
<kw name="Set Variable" owner="BuiltIn">
<msg time="2026-02-22T18:07:43.625415" level="INFO">${tentatives_max} = 15</msg>
<var>${tentatives_max}</var>
<arg>15</arg>
<doc>Returns the given values which can then be assigned to a variables.</doc>
<status status="PASS" start="2026-02-22T18:07:43.624410" elapsed="0.001005"/>
</kw>
<kw name="Set Variable" owner="BuiltIn">
<msg time="2026-02-22T18:07:43.625415" level="INFO">${attente} = 0.1s</msg>
<var>${attente}</var>
<arg>0.1s</arg>
<doc>Returns the given values which can then be assigned to a variables.</doc>
<status status="PASS" start="2026-02-22T18:07:43.625415" elapsed="0.000000"/>
</kw>
<kw name="Attendre Que Le DOM Soit Stable" owner="base_page">
<for flavor="IN RANGE">
<iter>
<kw name="Get Element Count" owner="SeleniumLibrary">
<msg time="2026-02-22T18:07:43.674927" level="INFO">${compte1} = 43</msg>
<var>${compte1}</var>
<arg>${locator_racine}</arg>
<doc>Returns the number of elements matching ``locator``.</doc>
<status status="PASS" start="2026-02-22T18:07:43.633189" elapsed="0.041738"/>
</kw>
<kw name="Sleep" owner="BuiltIn">
<msg time="2026-02-22T18:07:43.876103" level="INFO">Slept 200 milliseconds.</msg>
<arg>${intervalle}</arg>
<doc>Pauses the test executed for the given time.</doc>
<status status="PASS" start="2026-02-22T18:07:43.675928" elapsed="0.200175"/>
</kw>
<kw name="Get Element Count" owner="SeleniumLibrary">
<msg time="2026-02-22T18:07:43.962621" level="INFO">${compte2} = 43</msg>
<var>${compte2}</var>
<arg>${locator_racine}</arg>
<doc>Returns the number of elements matching ``locator``.</doc>
<status status="PASS" start="2026-02-22T18:07:43.876103" elapsed="0.087097"/>
</kw>
<if>
<branch type="IF" condition="${compte1} == ${compte2}">
<return>
<status status="PASS" start="2026-02-22T18:07:43.964291" elapsed="0.001006"/>
</return>
<status status="PASS" start="2026-02-22T18:07:43.963200" elapsed="0.002097"/>
</branch>
<status status="PASS" start="2026-02-22T18:07:43.963200" elapsed="0.002097"/>
</if>
<var name="${i}">0</var>
<status status="PASS" start="2026-02-22T18:07:43.632529" elapsed="0.332768"/>
</iter>
<var>${i}</var>
<value>${tentatives_max}</value>
<status status="PASS" start="2026-02-22T18:07:43.628657" elapsed="0.336640"/>
</for>
<kw name="Fail" owner="BuiltIn">
<arg>ERREUR: Le nombre d'éléments dans le DOM ne s'est pas stabilisé après ${tentatives_max} tentatives.</arg>
<doc>Fails the test with the given message and optionally alters its tags.</doc>
<status status="NOT RUN" start="2026-02-22T18:07:43.965894" elapsed="0.000000"/>
</kw>
<doc>Attend que le nombre total d'éléments dans le DOM ne change plus
entre deux intervalles, indiquant une stabilité structurelle.</doc>
<status status="PASS" start="2026-02-22T18:07:43.627184" elapsed="0.338710"/>
</kw>
<for flavor="IN RANGE">
<iter>
<try>
<branch type="TRY">
<kw name="Run Keyword" owner="BuiltIn">
<kw name="Click Button" owner="SeleniumLibrary">
<msg time="2026-02-22T18:07:43.968613" level="INFO">Clicking button 'xpath=//input[@id='login-button']'.</msg>
<arg>@{args}</arg>
<doc>Clicks the button identified by ``locator``.</doc>
<status status="PASS" start="2026-02-22T18:07:43.968613" elapsed="1.367523"/>
</kw>
<msg time="2026-02-22T18:07:45.336136" level="INFO">${result} = None</msg>
<var>${result}</var>
<arg>${mot_cle}</arg>
<arg>@{args}</arg>
<doc>Executes the given keyword with the given arguments.</doc>
<status status="PASS" start="2026-02-22T18:07:43.967418" elapsed="1.368718"/>
</kw>
<kw name="Log" owner="BuiltIn">
<msg time="2026-02-22T18:07:45.340440" level="INFO">Succès à la tentative 1 pour : Click Button ["xpath=//input[@id='login-button']"]</msg>
<arg>Succès à la tentative ${index + 1} pour : ${mot_cle} ${args}</arg>
<doc>Logs the given message with the given level.</doc>
<status status="PASS" start="2026-02-22T18:07:45.336136" elapsed="0.004304"/>
</kw>
<return>
<value>${result}</value>
<status status="PASS" start="2026-02-22T18:07:45.340440" elapsed="0.000000"/>
</return>
<status status="PASS" start="2026-02-22T18:07:43.967418" elapsed="1.374027"/>
</branch>
<branch type="EXCEPT" assign="${err}">
<kw name="Log To Console" owner="BuiltIn">
<arg>Échec tentative ${index + 1} pour : ${mot_cle} ${args}</arg>
<doc>Logs the given message to the console.</doc>
<status status="NOT RUN" start="2026-02-22T18:07:45.341747" elapsed="0.000000"/>
</kw>
<kw name="Log To Console" owner="BuiltIn">
<arg>Message d'exception : ${err}</arg>
<doc>Logs the given message to the console.</doc>
<status status="NOT RUN" start="2026-02-22T18:07:45.342749" elapsed="0.000000"/>
</kw>
<kw name="Sleep" owner="BuiltIn">
<arg>${attente}</arg>
<doc>Pauses the test executed for the given time.</doc>
<status status="NOT RUN" start="2026-02-22T18:07:45.342749" elapsed="0.000000"/>
</kw>
<status status="NOT RUN" start="2026-02-22T18:07:45.341747" elapsed="0.001002"/>
</branch>
<status status="PASS" start="2026-02-22T18:07:43.967418" elapsed="1.375331"/>
</try>
<var name="${index}">0</var>
<status status="PASS" start="2026-02-22T18:07:43.967418" elapsed="1.375331"/>
</iter>
<var>${index}</var>
<value>${tentatives_max}</value>
<status status="PASS" start="2026-02-22T18:07:43.965894" elapsed="1.376855"/>
</for>
<kw name="Fail" owner="BuiltIn">
<arg>Échec après ${tentatives_max} tentatives du mot-clé : ${mot_cle} ${args}. Dernière erreur: ${err}</arg>
<doc>Fails the test with the given message and optionally alters its tags.</doc>
<status status="NOT RUN" start="2026-02-22T18:07:45.342749" elapsed="0.000000"/>
</kw>
<arg>Click Button</arg>
<arg>${Btn_Login}</arg>
<doc>Exécute un mot-clé avec rerejeu automatique en cas d'exception dans la limite d'un nombre de fois en paramètre ci-dessous.
Utile pour gérer les erreurs comme StaleElementReferenceException ou autres erreurs intermittentes.</doc>
<status status="PASS" start="2026-02-22T18:07:43.623505" elapsed="1.721723"/>
</kw>
<status status="PASS" start="2026-02-22T18:07:42.566729" elapsed="2.778499"/>
</kw>
<kw name="verifier l'affichage de titre Produits" owner="login_page">
<kw name="Strong" owner="base_page">
<kw name="Set Variable" owner="BuiltIn">
<msg time="2026-02-22T18:07:45.386722" level="INFO">${tentatives_max} = 15</msg>
<var>${tentatives_max}</var>
<arg>15</arg>
<doc>Returns the given values which can then be assigned to a variables.</doc>
<status status="PASS" start="2026-02-22T18:07:45.385855" elapsed="0.000867"/>
</kw>
<kw name="Set Variable" owner="BuiltIn">
<msg time="2026-02-22T18:07:45.387719" level="INFO">${attente} = 0.1s</msg>
<var>${attente}</var>
<arg>0.1s</arg>
<doc>Returns the given values which can then be assigned to a variables.</doc>
<status status="PASS" start="2026-02-22T18:07:45.386722" elapsed="0.000997"/>
</kw>
<kw name="Attendre Que Le DOM Soit Stable" owner="base_page">
<for flavor="IN RANGE">
<iter>
<kw name="Get Element Count" owner="SeleniumLibrary">
<msg time="2026-02-22T18:07:45.490860" level="INFO">${compte1} = 138</msg>
<var>${compte1}</var>
<arg>${locator_racine}</arg>
<doc>Returns the number of elements matching ``locator``.</doc>
<status status="PASS" start="2026-02-22T18:07:45.391730" elapsed="0.099130"/>
</kw>
<kw name="Sleep" owner="BuiltIn">
<msg time="2026-02-22T18:07:45.692307" level="INFO">Slept 200 milliseconds.</msg>
<arg>${intervalle}</arg>
<doc>Pauses the test executed for the given time.</doc>
<status status="PASS" start="2026-02-22T18:07:45.491901" elapsed="0.200406"/>
</kw>
<kw name="Get Element Count" owner="SeleniumLibrary">
<msg time="2026-02-22T18:07:45.754827" level="INFO">${compte2} = 138</msg>
<var>${compte2}</var>
<arg>${locator_racine}</arg>
<doc>Returns the number of elements matching ``locator``.</doc>
<status status="PASS" start="2026-02-22T18:07:45.692307" elapsed="0.062520"/>
</kw>
<if>
<branch type="IF" condition="${compte1} == ${compte2}">
<return>
<status status="PASS" start="2026-02-22T18:07:45.755735" elapsed="0.000000"/>
</return>
<status status="PASS" start="2026-02-22T18:07:45.754827" elapsed="0.000908"/>
</branch>
<status status="PASS" start="2026-02-22T18:07:45.754827" elapsed="0.000908"/>
</if>
<var name="${i}">0</var>
<status status="PASS" start="2026-02-22T18:07:45.390724" elapsed="0.365011"/>
</iter>
<var>${i}</var>
<value>${tentatives_max}</value>
<status status="PASS" start="2026-02-22T18:07:45.388723" elapsed="0.367012"/>
</for>
<kw name="Fail" owner="BuiltIn">
<arg>ERREUR: Le nombre d'éléments dans le DOM ne s'est pas stabilisé après ${tentatives_max} tentatives.</arg>
<doc>Fails the test with the given message and optionally alters its tags.</doc>
<status status="NOT RUN" start="2026-02-22T18:07:45.756736" elapsed="0.000000"/>
</kw>
<doc>Attend que le nombre total d'éléments dans le DOM ne change plus
entre deux intervalles, indiquant une stabilité structurelle.</doc>
<status status="PASS" start="2026-02-22T18:07:45.388723" elapsed="0.368013"/>
</kw>
<for flavor="IN RANGE">
<iter>
<try>
<branch type="TRY">
<kw name="Run Keyword" owner="BuiltIn">
<kw name="Page Should Contain" owner="SeleniumLibrary">
<msg time="2026-02-22T18:07:45.821163" level="INFO">Current page contains text 'Swag Labs'.</msg>
<arg>@{args}</arg>
<doc>Verifies that current page contains ``text``.</doc>
<status status="PASS" start="2026-02-22T18:07:45.760214" elapsed="0.060949"/>
</kw>
<msg time="2026-02-22T18:07:45.821163" level="INFO">${result} = None</msg>
<var>${result}</var>
<arg>${mot_cle}</arg>
<arg>@{args}</arg>
<doc>Executes the given keyword with the given arguments.</doc>
<status status="PASS" start="2026-02-22T18:07:45.759020" elapsed="0.062143"/>
</kw>
<kw name="Log" owner="BuiltIn">
<msg time="2026-02-22T18:07:45.824142" level="INFO">Succès à la tentative 1 pour : Page Should Contain ['Swag Labs']</msg>
<arg>Succès à la tentative ${index + 1} pour : ${mot_cle} ${args}</arg>
<doc>Logs the given message with the given level.</doc>
<status status="PASS" start="2026-02-22T18:07:45.821163" elapsed="0.003981"/>
</kw>
<return>
<value>${result}</value>
<status status="PASS" start="2026-02-22T18:07:45.825324" elapsed="0.000000"/>
</return>
<status status="PASS" start="2026-02-22T18:07:45.758734" elapsed="0.066590"/>
</branch>
<branch type="EXCEPT" assign="${err}">
<kw name="Log To Console" owner="BuiltIn">
<arg>Échec tentative ${index + 1} pour : ${mot_cle} ${args}</arg>
<doc>Logs the given message to the console.</doc>
<status status="NOT RUN" start="2026-02-22T18:07:45.825324" elapsed="0.001004"/>
</kw>
<kw name="Log To Console" owner="BuiltIn">
<arg>Message d'exception : ${err}</arg>
<doc>Logs the given message to the console.</doc>
<status status="NOT RUN" start="2026-02-22T18:07:45.826567" elapsed="0.000000"/>
</kw>
<kw name="Sleep" owner="BuiltIn">
<arg>${attente}</arg>
<doc>Pauses the test executed for the given time.</doc>
<status status="NOT RUN" start="2026-02-22T18:07:45.826567" elapsed="0.000000"/>
</kw>
<status status="NOT RUN" start="2026-02-22T18:07:45.825324" elapsed="0.002248"/>
</branch>
<status status="PASS" start="2026-02-22T18:07:45.758734" elapsed="0.068838"/>
</try>
<var name="${index}">0</var>
<status status="PASS" start="2026-02-22T18:07:45.757731" elapsed="0.069841"/>
</iter>
<var>${index}</var>
<value>${tentatives_max}</value>
<status status="PASS" start="2026-02-22T18:07:45.757731" elapsed="0.069841"/>
</for>
<kw name="Fail" owner="BuiltIn">
<arg>Échec après ${tentatives_max} tentatives du mot-clé : ${mot_cle} ${args}. Dernière erreur: ${err}</arg>
<doc>Fails the test with the given message and optionally alters its tags.</doc>
<status status="NOT RUN" start="2026-02-22T18:07:45.828657" elapsed="0.000000"/>
</kw>
<arg>Page Should Contain</arg>
<arg>Swag Labs</arg>
<doc>Exécute un mot-clé avec rerejeu automatique en cas d'exception dans la limite d'un nombre de fois en paramètre ci-dessous.
Utile pour gérer les erreurs comme StaleElementReferenceException ou autres erreurs intermittentes.</doc>
<status status="PASS" start="2026-02-22T18:07:45.384856" elapsed="0.443801"/>
</kw>
<status status="PASS" start="2026-02-22T18:07:45.383636" elapsed="0.446053"/>
</kw>
<kw name="Capture Page Screenshot" owner="SeleniumLibrary">
<msg time="2026-02-22T18:07:46.652610" level="INFO" html="true">&lt;/td&gt;&lt;/tr&gt;&lt;tr&gt;&lt;td colspan="3"&gt;&lt;a href="selenium-screenshot-3.png"&gt;&lt;img src="selenium-screenshot-3.png" width="800px"&gt;&lt;/a&gt;</msg>
<doc>Takes a screenshot of the current page and embeds it into a log file.</doc>
<status status="PASS" start="2026-02-22T18:07:45.832201" elapsed="0.820409"/>
</kw>
<kw name="Fermer tout les navigateurs" owner="base_page" type="TEARDOWN">
<kw name="Close All Browsers" owner="SeleniumLibrary">
<doc>Closes all open browsers and resets the browser cache.</doc>
<status status="PASS" start="2026-02-22T18:07:46.655613" elapsed="4.748406"/>
</kw>
<status status="PASS" start="2026-02-22T18:07:46.655613" elapsed="4.749635"/>
</kw>
<doc>ce cas de test permet de se connecter au site avec
un username et mot de passe valides</doc>
<tag>login</tag>
<status status="PASS" start="2026-02-22T18:07:32.893070" elapsed="18.512950"/>
</test>
<test id="s1-s1-t2" name=" Login avec invalid cridentiels" line="30">
<kw name="Se connecter au site" owner="base_page" type="SETUP">
<kw name="Run Keyword If" owner="BuiltIn">
<kw name="Open Browser" owner="SeleniumLibrary">
<msg time="2026-02-22T18:07:51.412719" level="INFO">Opening browser 'chrome' to base url 'https://www.saucedemo.com/'.</msg>
<arg>${BASE_URL}</arg>
<arg>chrome</arg>
<doc>Opens a new browser instance to the optional ``url``.</doc>
<status status="PASS" start="2026-02-22T18:07:51.411935" elapsed="5.311655"/>
</kw>
<arg>'${BROWSER}' == 'chrome'</arg>
<arg>Open Browser</arg>
<arg>${BASE_URL}</arg>
<arg>chrome</arg>
<arg>ELSE IF</arg>
<arg>'${BROWSER}' == 'firefox'</arg>
<arg>Open Browser</arg>
<arg>${BASE_URL}</arg>
<arg>firefox</arg>
<arg>ELSE IF</arg>
<arg>'${BROWSER}' == 'edge'</arg>
<arg>Open Browser</arg>
<arg>${BASE_URL}</arg>
<arg>edge</arg>
<arg>ELSE</arg>
<arg>Fail</arg>
<arg>Navigateur non supporté : ${BROWSER}</arg>
<doc>Runs the given keyword with the given arguments, if ``condition`` is true.</doc>
<status status="PASS" start="2026-02-22T18:07:51.410385" elapsed="5.314349"/>
</kw>
<kw name="Maximize Browser Window" owner="SeleniumLibrary">
<doc>Maximizes current browser window.</doc>
<status status="PASS" start="2026-02-22T18:07:56.724734" elapsed="0.242956"/>
</kw>
<kw name="Set Selenium Timeout" owner="SeleniumLibrary">
<arg>${SELENIUM_TIMEOUT}</arg>
<doc>Sets the timeout that is used by various keywords.</doc>
<status status="PASS" start="2026-02-22T18:07:56.968697" elapsed="0.006474"/>
</kw>
<doc>Ouvre Amazon dans Chrome, Firefox ou Edge</doc>
<status status="PASS" start="2026-02-22T18:07:51.410385" elapsed="5.564786"/>
</kw>
<kw name="Saisir username" owner="login_page">
<kw name="Strong" owner="base_page">
<kw name="Set Variable" owner="BuiltIn">
<msg time="2026-02-22T18:07:56.979947" level="INFO">${tentatives_max} = 15</msg>
<var>${tentatives_max}</var>
<arg>15</arg>
<doc>Returns the given values which can then be assigned to a variables.</doc>
<status status="PASS" start="2026-02-22T18:07:56.979947" elapsed="0.000000"/>
</kw>
<kw name="Set Variable" owner="BuiltIn">
<msg time="2026-02-22T18:07:56.979947" level="INFO">${attente} = 0.1s</msg>
<var>${attente}</var>
<arg>0.1s</arg>
<doc>Returns the given values which can then be assigned to a variables.</doc>
<status status="PASS" start="2026-02-22T18:07:56.979947" elapsed="0.000000"/>
</kw>
<kw name="Attendre Que Le DOM Soit Stable" owner="base_page">
<for flavor="IN RANGE">
<iter>
<kw name="Get Element Count" owner="SeleniumLibrary">
<msg time="2026-02-22T18:07:57.057511" level="INFO">${compte1} = 43</msg>
<var>${compte1}</var>
<arg>${locator_racine}</arg>
<doc>Returns the number of elements matching ``locator``.</doc>
<status status="PASS" start="2026-02-22T18:07:56.979947" elapsed="0.077564"/>
</kw>
<kw name="Sleep" owner="BuiltIn">
<msg time="2026-02-22T18:07:57.258618" level="INFO">Slept 200 milliseconds.</msg>
<arg>${intervalle}</arg>
<doc>Pauses the test executed for the given time.</doc>
<status status="PASS" start="2026-02-22T18:07:57.058510" elapsed="0.200108"/>
</kw>
<kw name="Get Element Count" owner="SeleniumLibrary">
<msg time="2026-02-22T18:07:57.340850" level="INFO">${compte2} = 43</msg>
<var>${compte2}</var>
<arg>${locator_racine}</arg>
<doc>Returns the number of elements matching ``locator``.</doc>
<status status="PASS" start="2026-02-22T18:07:57.258618" elapsed="0.082232"/>
</kw>
<if>
<branch type="IF" condition="${compte1} == ${compte2}">
<return>
<status status="PASS" start="2026-02-22T18:07:57.341853" elapsed="0.000000"/>
</return>
<status status="PASS" start="2026-02-22T18:07:57.340850" elapsed="0.001003"/>
</branch>
<status status="PASS" start="2026-02-22T18:07:57.340850" elapsed="0.001003"/>
</if>
<var name="${i}">0</var>
<status status="PASS" start="2026-02-22T18:07:56.979947" elapsed="0.361906"/>
</iter>
<var>${i}</var>
<value>${tentatives_max}</value>
<status status="PASS" start="2026-02-22T18:07:56.979947" elapsed="0.361906"/>
</for>
<kw name="Fail" owner="BuiltIn">
<arg>ERREUR: Le nombre d'éléments dans le DOM ne s'est pas stabilisé après ${tentatives_max} tentatives.</arg>
<doc>Fails the test with the given message and optionally alters its tags.</doc>
<status status="NOT RUN" start="2026-02-22T18:07:57.342864" elapsed="0.000000"/>
</kw>
<doc>Attend que le nombre total d'éléments dans le DOM ne change plus
entre deux intervalles, indiquant une stabilité structurelle.</doc>
<status status="PASS" start="2026-02-22T18:07:56.979947" elapsed="0.362917"/>
</kw>
<for flavor="IN RANGE">
<iter>
<try>
<branch type="TRY">
<kw name="Run Keyword" owner="BuiltIn">
<kw name="Wait Until Element Is Visible" owner="SeleniumLibrary">
<arg>@{args}</arg>
<doc>Waits until the element ``locator`` is visible.</doc>
<status status="PASS" start="2026-02-22T18:07:57.344994" elapsed="0.061936"/>
</kw>
<msg time="2026-02-22T18:07:57.406930" level="INFO">${result} = None</msg>
<var>${result}</var>
<arg>${mot_cle}</arg>
<arg>@{args}</arg>
<doc>Executes the given keyword with the given arguments.</doc>
<status status="PASS" start="2026-02-22T18:07:57.343995" elapsed="0.062935"/>
</kw>
<kw name="Log" owner="BuiltIn">
<msg time="2026-02-22T18:07:57.409036" level="INFO">Succès à la tentative 1 pour : Wait Until Element Is Visible ["xpath=//input[@id='user-name']"]</msg>
<arg>Succès à la tentative ${index + 1} pour : ${mot_cle} ${args}</arg>
<doc>Logs the given message with the given level.</doc>
<status status="PASS" start="2026-02-22T18:07:57.406930" elapsed="0.002106"/>
</kw>
<return>
<value>${result}</value>
<status status="PASS" start="2026-02-22T18:07:57.409036" elapsed="0.000000"/>
</return>
<status status="PASS" start="2026-02-22T18:07:57.343995" elapsed="0.065041"/>
</branch>
<branch type="EXCEPT" assign="${err}">
<kw name="Log To Console" owner="BuiltIn">
<arg>Échec tentative ${index + 1} pour : ${mot_cle} ${args}</arg>
<doc>Logs the given message to the console.</doc>
<status status="NOT RUN" start="2026-02-22T18:07:57.409036" elapsed="0.000000"/>
</kw>
<kw name="Log To Console" owner="BuiltIn">
<arg>Message d'exception : ${err}</arg>
<doc>Logs the given message to the console.</doc>
<status status="NOT RUN" start="2026-02-22T18:07:57.409036" elapsed="0.000000"/>
</kw>
<kw name="Sleep" owner="BuiltIn">
<arg>${attente}</arg>
<doc>Pauses the test executed for the given time.</doc>
<status status="NOT RUN" start="2026-02-22T18:07:57.409036" elapsed="0.002462"/>
</kw>
<status status="NOT RUN" start="2026-02-22T18:07:57.409036" elapsed="0.002462"/>
</branch>
<status status="PASS" start="2026-02-22T18:07:57.343995" elapsed="0.067503"/>
</try>
<var name="${index}">0</var>
<status status="PASS" start="2026-02-22T18:07:57.343995" elapsed="0.067994"/>
</iter>
<var>${index}</var>
<value>${tentatives_max}</value>
<status status="PASS" start="2026-02-22T18:07:57.342864" elapsed="0.069125"/>
</for>
<kw name="Fail" owner="BuiltIn">
<arg>Échec après ${tentatives_max} tentatives du mot-clé : ${mot_cle} ${args}. Dernière erreur: ${err}</arg>
<doc>Fails the test with the given message and optionally alters its tags.</doc>
<status status="NOT RUN" start="2026-02-22T18:07:57.412598" elapsed="0.000000"/>
</kw>
<arg>Wait Until Element Is Visible</arg>
<arg>${Username_Field}</arg>
<doc>Exécute un mot-clé avec rerejeu automatique en cas d'exception dans la limite d'un nombre de fois en paramètre ci-dessous.
Utile pour gérer les erreurs comme StaleElementReferenceException ou autres erreurs intermittentes.</doc>
<status status="PASS" start="2026-02-22T18:07:56.979947" elapsed="0.433045"/>
</kw>
<kw name="Input Text" owner="SeleniumLibrary">
<msg time="2026-02-22T18:07:57.414916" level="INFO">Typing text '12' into text field 'xpath=//input[@id='user-name']'.</msg>
<arg>${Username_Field}</arg>
<arg>${username}</arg>
<doc>Types the given ``text`` into the text field identified by ``locator``.</doc>
<status status="PASS" start="2026-02-22T18:07:57.413406" elapsed="0.611683"/>
</kw>
<arg>${Invalid_Username}</arg>
<status status="PASS" start="2026-02-22T18:07:56.977326" elapsed="1.047763"/>
</kw>
<kw name="Saisir mode de passe" owner="login_page">
<kw name="Strong" owner="base_page">
<kw name="Set Variable" owner="BuiltIn">
<msg time="2026-02-22T18:07:58.035918" level="INFO">${tentatives_max} = 15</msg>
<var>${tentatives_max}</var>
<arg>15</arg>
<doc>Returns the given values which can then be assigned to a variables.</doc>
<status status="PASS" start="2026-02-22T18:07:58.035918" elapsed="0.000000"/>
</kw>
<kw name="Set Variable" owner="BuiltIn">
<msg time="2026-02-22T18:07:58.035918" level="INFO">${attente} = 0.1s</msg>
<var>${attente}</var>
<arg>0.1s</arg>
<doc>Returns the given values which can then be assigned to a variables.</doc>
<status status="PASS" start="2026-02-22T18:07:58.035918" elapsed="0.000000"/>
</kw>
<kw name="Attendre Que Le DOM Soit Stable" owner="base_page">
<for flavor="IN RANGE">
<iter>
<kw name="Get Element Count" owner="SeleniumLibrary">
<msg time="2026-02-22T18:07:58.088474" level="INFO">${compte1} = 43</msg>
<var>${compte1}</var>
<arg>${locator_racine}</arg>
<doc>Returns the number of elements matching ``locator``.</doc>
<status status="PASS" start="2026-02-22T18:07:58.035918" elapsed="0.052556"/>
</kw>
<kw name="Sleep" owner="BuiltIn">
<msg time="2026-02-22T18:07:58.288945" level="INFO">Slept 200 milliseconds.</msg>
<arg>${intervalle}</arg>
<doc>Pauses the test executed for the given time.</doc>
<status status="PASS" start="2026-02-22T18:07:58.088474" elapsed="0.200471"/>
</kw>
<kw name="Get Element Count" owner="SeleniumLibrary">
<msg time="2026-02-22T18:07:58.648884" level="INFO">${compte2} = 43</msg>
<var>${compte2}</var>
<arg>${locator_racine}</arg>
<doc>Returns the number of elements matching ``locator``.</doc>
<status status="PASS" start="2026-02-22T18:07:58.289792" elapsed="0.359092"/>
</kw>
<if>
<branch type="IF" condition="${compte1} == ${compte2}">
<return>
<status status="PASS" start="2026-02-22T18:07:58.649890" elapsed="0.000000"/>
</return>
<status status="PASS" start="2026-02-22T18:07:58.649890" elapsed="0.000000"/>
</branch>
<status status="PASS" start="2026-02-22T18:07:58.649890" elapsed="0.000000"/>
</if>
<var name="${i}">0</var>
<status status="PASS" start="2026-02-22T18:07:58.035918" elapsed="0.613972"/>
</iter>
<var>${i}</var>
<value>${tentatives_max}</value>
<status status="PASS" start="2026-02-22T18:07:58.035918" elapsed="0.613972"/>
</for>
<kw name="Fail" owner="BuiltIn">
<arg>ERREUR: Le nombre d'éléments dans le DOM ne s'est pas stabilisé après ${tentatives_max} tentatives.</arg>
<doc>Fails the test with the given message and optionally alters its tags.</doc>
<status status="NOT RUN" start="2026-02-22T18:07:58.649890" elapsed="0.000000"/>
</kw>
<doc>Attend que le nombre total d'éléments dans le DOM ne change plus
entre deux intervalles, indiquant une stabilité structurelle.</doc>
<status status="PASS" start="2026-02-22T18:07:58.035918" elapsed="0.618853"/>
</kw>
<for flavor="IN RANGE">
<iter>
<try>
<branch type="TRY">
<kw name="Run Keyword" owner="BuiltIn">
<kw name="Wait Until Element Is Visible" owner="SeleniumLibrary">
<arg>@{args}</arg>
<doc>Waits until the element ``locator`` is visible.</doc>
<status status="PASS" start="2026-02-22T18:07:58.657867" elapsed="0.498854"/>
</kw>
<msg time="2026-02-22T18:07:59.156721" level="INFO">${result} = None</msg>
<var>${result}</var>
<arg>${mot_cle}</arg>
<arg>@{args}</arg>
<doc>Executes the given keyword with the given arguments.</doc>
<status status="PASS" start="2026-02-22T18:07:58.656863" elapsed="0.499858"/>
</kw>
<kw name="Log" owner="BuiltIn">
<msg time="2026-02-22T18:07:59.156721" level="INFO">Succès à la tentative 1 pour : Wait Until Element Is Visible ["xpath=//input[@id='password']"]</msg>
<arg>Succès à la tentative ${index + 1} pour : ${mot_cle} ${args}</arg>
<doc>Logs the given message with the given level.</doc>
<status status="PASS" start="2026-02-22T18:07:59.156721" elapsed="0.000000"/>
</kw>
<return>
<value>${result}</value>
<status status="PASS" start="2026-02-22T18:07:59.156721" elapsed="0.000000"/>
</return>
<status status="PASS" start="2026-02-22T18:07:58.656863" elapsed="0.499858"/>
</branch>
<branch type="EXCEPT" assign="${err}">
<kw name="Log To Console" owner="BuiltIn">
<arg>Échec tentative ${index + 1} pour : ${mot_cle} ${args}</arg>
<doc>Logs the given message to the console.</doc>
<status status="NOT RUN" start="2026-02-22T18:07:59.156721" elapsed="0.000000"/>
</kw>
<kw name="Log To Console" owner="BuiltIn">
<arg>Message d'exception : ${err}</arg>
<doc>Logs the given message to the console.</doc>
<status status="NOT RUN" start="2026-02-22T18:07:59.156721" elapsed="0.000000"/>
</kw>
<kw name="Sleep" owner="BuiltIn">
<arg>${attente}</arg>
<doc>Pauses the test executed for the given time.</doc>
<status status="NOT RUN" start="2026-02-22T18:07:59.156721" elapsed="0.000000"/>
</kw>
<status status="NOT RUN" start="2026-02-22T18:07:59.156721" elapsed="0.000000"/>
</branch>
<status status="PASS" start="2026-02-22T18:07:58.655770" elapsed="0.500951"/>
</try>
<var name="${index}">0</var>
<status status="PASS" start="2026-02-22T18:07:58.655770" elapsed="0.500951"/>
</iter>
<var>${index}</var>
<value>${tentatives_max}</value>
<status status="PASS" start="2026-02-22T18:07:58.655770" elapsed="0.500951"/>
</for>
<kw name="Fail" owner="BuiltIn">
<arg>Échec après ${tentatives_max} tentatives du mot-clé : ${mot_cle} ${args}. Dernière erreur: ${err}</arg>
<doc>Fails the test with the given message and optionally alters its tags.</doc>
<status status="NOT RUN" start="2026-02-22T18:07:59.156721" elapsed="0.007352"/>
</kw>
<arg>Wait Until Element Is Visible</arg>
<arg>${Passeword_Field}</arg>
<doc>Exécute un mot-clé avec rerejeu automatique en cas d'exception dans la limite d'un nombre de fois en paramètre ci-dessous.
Utile pour gérer les erreurs comme StaleElementReferenceException ou autres erreurs intermittentes.</doc>
<status status="PASS" start="2026-02-22T18:07:58.034234" elapsed="1.130793"/>
</kw>
<kw name="Input Text" owner="SeleniumLibrary">
<msg time="2026-02-22T18:07:59.166771" level="INFO">Typing text '244' into text field 'xpath=//input[@id='password']'.</msg>
<arg>${Passeword_Field}</arg>
<arg>${passeword}</arg>
<doc>Types the given ``text`` into the text field identified by ``locator``.</doc>
<status status="PASS" start="2026-02-22T18:07:59.165768" elapsed="1.536665"/>
</kw>
<arg>${Invalid_Password}</arg>
<status status="PASS" start="2026-02-22T18:07:58.033233" elapsed="2.670206"/>
</kw>
<kw name="Cliquer sur le bouton Login" owner="login_page">
<kw name="Strong" owner="base_page">
<kw name="Set Variable" owner="BuiltIn">
<msg time="2026-02-22T18:08:00.708238" level="INFO">${tentatives_max} = 15</msg>
<var>${tentatives_max}</var>
<arg>15</arg>
<doc>Returns the given values which can then be assigned to a variables.</doc>
<status status="PASS" start="2026-02-22T18:08:00.708060" elapsed="0.000178"/>
</kw>
<kw name="Set Variable" owner="BuiltIn">
<msg time="2026-02-22T18:08:00.709327" level="INFO">${attente} = 0.1s</msg>
<var>${attente}</var>
<arg>0.1s</arg>
<doc>Returns the given values which can then be assigned to a variables.</doc>
<status status="PASS" start="2026-02-22T18:08:00.708238" elapsed="0.001089"/>
</kw>
<kw name="Attendre Que Le DOM Soit Stable" owner="base_page">
<for flavor="IN RANGE">
<iter>
<kw name="Get Element Count" owner="SeleniumLibrary">
<msg time="2026-02-22T18:08:01.269533" level="INFO">${compte1} = 43</msg>
<var>${compte1}</var>
<arg>${locator_racine}</arg>
<doc>Returns the number of elements matching ``locator``.</doc>
<status status="PASS" start="2026-02-22T18:08:00.711188" elapsed="0.558345"/>
</kw>
<kw name="Sleep" owner="BuiltIn">
<msg time="2026-02-22T18:08:01.471817" level="INFO">Slept 200 milliseconds.</msg>
<arg>${intervalle}</arg>
<doc>Pauses the test executed for the given time.</doc>
<status status="PASS" start="2026-02-22T18:08:01.270529" elapsed="0.201288"/>
</kw>
<kw name="Get Element Count" owner="SeleniumLibrary">
<msg time="2026-02-22T18:08:01.885509" level="INFO">${compte2} = 43</msg>
<var>${compte2}</var>
<arg>${locator_racine}</arg>
<doc>Returns the number of elements matching ``locator``.</doc>
<status status="PASS" start="2026-02-22T18:08:01.472682" elapsed="0.413007"/>
</kw>
<if>
<branch type="IF" condition="${compte1} == ${compte2}">
<return>
<status status="PASS" start="2026-02-22T18:08:01.885689" elapsed="0.000000"/>
</return>
<status status="PASS" start="2026-02-22T18:08:01.885689" elapsed="0.001002"/>
</branch>
<status status="PASS" start="2026-02-22T18:08:01.885689" elapsed="0.001002"/>
</if>
<var name="${i}">0</var>
<status status="PASS" start="2026-02-22T18:08:00.711188" elapsed="1.175503"/>
</iter>
<var>${i}</var>
<value>${tentatives_max}</value>
<status status="PASS" start="2026-02-22T18:08:00.710184" elapsed="1.176507"/>
</for>
<kw name="Fail" owner="BuiltIn">
<arg>ERREUR: Le nombre d'éléments dans le DOM ne s'est pas stabilisé après ${tentatives_max} tentatives.</arg>
<doc>Fails the test with the given message and optionally alters its tags.</doc>
<status status="NOT RUN" start="2026-02-22T18:08:01.886691" elapsed="0.000000"/>
</kw>
<doc>Attend que le nombre total d'éléments dans le DOM ne change plus
entre deux intervalles, indiquant une stabilité structurelle.</doc>
<status status="PASS" start="2026-02-22T18:08:00.710184" elapsed="1.177558"/>
</kw>
<for flavor="IN RANGE">
<iter>
<try>
<branch type="TRY">
<kw name="Run Keyword" owner="BuiltIn">
<kw name="Wait Until Element Is Visible" owner="SeleniumLibrary">
<arg>@{args}</arg>
<doc>Waits until the element ``locator`` is visible.</doc>
<status status="PASS" start="2026-02-22T18:08:01.888741" elapsed="0.057539"/>
</kw>
<msg time="2026-02-22T18:08:01.947283" level="INFO">${result} = None</msg>
<var>${result}</var>
<arg>${mot_cle}</arg>
<arg>@{args}</arg>
<doc>Executes the given keyword with the given arguments.</doc>
<status status="PASS" start="2026-02-22T18:08:01.888741" elapsed="0.058542"/>
</kw>
<kw name="Log" owner="BuiltIn">
<msg time="2026-02-22T18:08:01.949363" level="INFO">Succès à la tentative 1 pour : Wait Until Element Is Visible ["xpath=//input[@id='login-button']"]</msg>
<arg>Succès à la tentative ${index + 1} pour : ${mot_cle} ${args}</arg>
<doc>Logs the given message with the given level.</doc>
<status status="PASS" start="2026-02-22T18:08:01.947283" elapsed="0.002080"/>
</kw>
<return>
<value>${result}</value>
<status status="PASS" start="2026-02-22T18:08:01.949363" elapsed="0.000000"/>
</return>
<status status="PASS" start="2026-02-22T18:08:01.888741" elapsed="0.060622"/>
</branch>
<branch type="EXCEPT" assign="${err}">
<kw name="Log To Console" owner="BuiltIn">
<arg>Échec tentative ${index + 1} pour : ${mot_cle} ${args}</arg>
<doc>Logs the given message to the console.</doc>
<status status="NOT RUN" start="2026-02-22T18:08:01.949363" elapsed="0.001130"/>
</kw>
<kw name="Log To Console" owner="BuiltIn">
<arg>Message d'exception : ${err}</arg>
<doc>Logs the given message to the console.</doc>
<status status="NOT RUN" start="2026-02-22T18:08:01.950493" elapsed="0.000000"/>
</kw>
<kw name="Sleep" owner="BuiltIn">
<arg>${attente}</arg>
<doc>Pauses the test executed for the given time.</doc>
<status status="NOT RUN" start="2026-02-22T18:08:01.950493" elapsed="0.001000"/>
</kw>
<status status="NOT RUN" start="2026-02-22T18:08:01.949363" elapsed="0.002130"/>
</branch>
<status status="PASS" start="2026-02-22T18:08:01.888741" elapsed="0.062752"/>
</try>
<var name="${index}">0</var>
<status status="PASS" start="2026-02-22T18:08:01.888741" elapsed="0.062752"/>
</iter>
<var>${index}</var>
<value>${tentatives_max}</value>
<status status="PASS" start="2026-02-22T18:08:01.887742" elapsed="0.063751"/>
</for>
<kw name="Fail" owner="BuiltIn">
<arg>Échec après ${tentatives_max} tentatives du mot-clé : ${mot_cle} ${args}. Dernière erreur: ${err}</arg>
<doc>Fails the test with the given message and optionally alters its tags.</doc>
<status status="NOT RUN" start="2026-02-22T18:08:01.951493" elapsed="0.000000"/>
</kw>
<arg>Wait Until Element Is Visible</arg>
<arg>${Btn_Login}</arg>
<doc>Exécute un mot-clé avec rerejeu automatique en cas d'exception dans la limite d'un nombre de fois en paramètre ci-dessous.
Utile pour gérer les erreurs comme StaleElementReferenceException ou autres erreurs intermittentes.</doc>
<status status="PASS" start="2026-02-22T18:08:00.707057" elapsed="1.244436"/>
</kw>
<kw name="Strong" owner="base_page">
<kw name="Set Variable" owner="BuiltIn">
<msg time="2026-02-22T18:08:01.954731" level="INFO">${tentatives_max} = 15</msg>
<var>${tentatives_max}</var>
<arg>15</arg>
<doc>Returns the given values which can then be assigned to a variables.</doc>
<status status="PASS" start="2026-02-22T18:08:01.954352" elapsed="0.000379"/>
</kw>
<kw name="Set Variable" owner="BuiltIn">
<msg time="2026-02-22T18:08:01.955733" level="INFO">${attente} = 0.1s</msg>
<var>${attente}</var>
<arg>0.1s</arg>
<doc>Returns the given values which can then be assigned to a variables.</doc>
<status status="PASS" start="2026-02-22T18:08:01.954731" elapsed="0.001118"/>
</kw>
<kw name="Attendre Que Le DOM Soit Stable" owner="base_page">
<for flavor="IN RANGE">
<iter>
<kw name="Get Element Count" owner="SeleniumLibrary">
<msg time="2026-02-22T18:08:01.983424" level="INFO">${compte1} = 43</msg>
<var>${compte1}</var>
<arg>${locator_racine}</arg>
<doc>Returns the number of elements matching ``locator``.</doc>
<status status="PASS" start="2026-02-22T18:08:01.957856" elapsed="0.025568"/>
</kw>
<kw name="Sleep" owner="BuiltIn">
<msg time="2026-02-22T18:08:02.183745" level="INFO">Slept 200 milliseconds.</msg>
<arg>${intervalle}</arg>
<doc>Pauses the test executed for the given time.</doc>
<status status="PASS" start="2026-02-22T18:08:01.983424" elapsed="0.200321"/>
</kw>
<kw name="Get Element Count" owner="SeleniumLibrary">
<msg time="2026-02-22T18:08:02.225480" level="INFO">${compte2} = 43</msg>
<var>${compte2}</var>
<arg>${locator_racine}</arg>
<doc>Returns the number of elements matching ``locator``.</doc>
<status status="PASS" start="2026-02-22T18:08:02.184288" elapsed="0.041192"/>
</kw>
<if>
<branch type="IF" condition="${compte1} == ${compte2}">
<return>
<status status="PASS" start="2026-02-22T18:08:02.225480" elapsed="0.000000"/>
</return>
<status status="PASS" start="2026-02-22T18:08:02.225480" elapsed="0.000000"/>
</branch>
<status status="PASS" start="2026-02-22T18:08:02.225480" elapsed="0.000000"/>
</if>
<var name="${i}">0</var>
<status status="PASS" start="2026-02-22T18:08:01.957856" elapsed="0.267624"/>
</iter>
<var>${i}</var>
<value>${tentatives_max}</value>
<status status="PASS" start="2026-02-22T18:08:01.956854" elapsed="0.268626"/>
</for>
<kw name="Fail" owner="BuiltIn">
<arg>ERREUR: Le nombre d'éléments dans le DOM ne s'est pas stabilisé après ${tentatives_max} tentatives.</arg>
<doc>Fails the test with the given message and optionally alters its tags.</doc>
<status status="NOT RUN" start="2026-02-22T18:08:02.225480" elapsed="0.000000"/>
</kw>
<doc>Attend que le nombre total d'éléments dans le DOM ne change plus
entre deux intervalles, indiquant une stabilité structurelle.</doc>
<status status="PASS" start="2026-02-22T18:08:01.955849" elapsed="0.273017"/>
</kw>
<for flavor="IN RANGE">
<iter>
<try>
<branch type="TRY">
<kw name="Run Keyword" owner="BuiltIn">
<kw name="Click Button" owner="SeleniumLibrary">
<msg time="2026-02-22T18:08:02.231092" level="INFO">Clicking button 'xpath=//input[@id='login-button']'.</msg>
<arg>@{args}</arg>
<doc>Clicks the button identified by ``locator``.</doc>
<status status="PASS" start="2026-02-22T18:08:02.231092" elapsed="0.240134"/>
</kw>
<msg time="2026-02-22T18:08:02.471226" level="INFO">${result} = None</msg>
<var>${result}</var>
<arg>${mot_cle}</arg>
<arg>@{args}</arg>
<doc>Executes the given keyword with the given arguments.</doc>
<status status="PASS" start="2026-02-22T18:08:02.231092" elapsed="0.240134"/>
</kw>
<kw name="Log" owner="BuiltIn">
<msg time="2026-02-22T18:08:02.472939" level="INFO">Succès à la tentative 1 pour : Click Button ["xpath=//input[@id='login-button']"]</msg>
<arg>Succès à la tentative ${index + 1} pour : ${mot_cle} ${args}</arg>
<doc>Logs the given message with the given level.</doc>
<status status="PASS" start="2026-02-22T18:08:02.471226" elapsed="0.001713"/>
</kw>
<return>
<value>${result}</value>
<status status="PASS" start="2026-02-22T18:08:02.473940" elapsed="0.000000"/>
</return>
<status status="PASS" start="2026-02-22T18:08:02.231092" elapsed="0.242848"/>
</branch>
<branch type="EXCEPT" assign="${err}">
<kw name="Log To Console" owner="BuiltIn">
<arg>Échec tentative ${index + 1} pour : ${mot_cle} ${args}</arg>
<doc>Logs the given message to the console.</doc>
<status status="NOT RUN" start="2026-02-22T18:08:02.473940" elapsed="0.000000"/>
</kw>
<kw name="Log To Console" owner="BuiltIn">
<arg>Message d'exception : ${err}</arg>
<doc>Logs the given message to the console.</doc>
<status status="NOT RUN" start="2026-02-22T18:08:02.473940" elapsed="0.000000"/>
</kw>
<kw name="Sleep" owner="BuiltIn">
<arg>${attente}</arg>
<doc>Pauses the test executed for the given time.</doc>
<status status="NOT RUN" start="2026-02-22T18:08:02.473940" elapsed="0.000000"/>
</kw>
<status status="NOT RUN" start="2026-02-22T18:08:02.473940" elapsed="0.000000"/>
</branch>
<status status="PASS" start="2026-02-22T18:08:02.230082" elapsed="0.243858"/>
</try>
<var name="${index}">0</var>
<status status="PASS" start="2026-02-22T18:08:02.230082" elapsed="0.243858"/>
</iter>
<var>${index}</var>
<value>${tentatives_max}</value>
<status status="PASS" start="2026-02-22T18:08:02.229870" elapsed="0.244070"/>
</for>
<kw name="Fail" owner="BuiltIn">
<arg>Échec après ${tentatives_max} tentatives du mot-clé : ${mot_cle} ${args}. Dernière erreur: ${err}</arg>
<doc>Fails the test with the given message and optionally alters its tags.</doc>
<status status="NOT RUN" start="2026-02-22T18:08:02.473940" elapsed="0.006014"/>
</kw>
<arg>Click Button</arg>
<arg>${Btn_Login}</arg>
<doc>Exécute un mot-clé avec rerejeu automatique en cas d'exception dans la limite d'un nombre de fois en paramètre ci-dessous.
Utile pour gérer les erreurs comme StaleElementReferenceException ou autres erreurs intermittentes.</doc>
<status status="PASS" start="2026-02-22T18:08:01.953352" elapsed="0.526602"/>
</kw>
<status status="PASS" start="2026-02-22T18:08:00.704870" elapsed="1.775084"/>
</kw>
<kw name="Strong" owner="base_page">
<kw name="Set Variable" owner="BuiltIn">
<msg time="2026-02-22T18:08:02.486077" level="INFO">${tentatives_max} = 15</msg>
<var>${tentatives_max}</var>
<arg>15</arg>
<doc>Returns the given values which can then be assigned to a variables.</doc>
<status status="PASS" start="2026-02-22T18:08:02.485079" elapsed="0.000998"/>
</kw>
<kw name="Set Variable" owner="BuiltIn">
<msg time="2026-02-22T18:08:02.486077" level="INFO">${attente} = 0.1s</msg>
<var>${attente}</var>
<arg>0.1s</arg>
<doc>Returns the given values which can then be assigned to a variables.</doc>
<status status="PASS" start="2026-02-22T18:08:02.486077" elapsed="0.000000"/>
</kw>
<kw name="Attendre Que Le DOM Soit Stable" owner="base_page">
<for flavor="IN RANGE">
<iter>
<kw name="Get Element Count" owner="SeleniumLibrary">
<msg time="2026-02-22T18:08:02.526156" level="INFO">${compte1} = 52</msg>
<var>${compte1}</var>
<arg>${locator_racine}</arg>
<doc>Returns the number of elements matching ``locator``.</doc>
<status status="PASS" start="2026-02-22T18:08:02.489202" elapsed="0.037187"/>
</kw>
<kw name="Sleep" owner="BuiltIn">
<msg time="2026-02-22T18:08:02.726896" level="INFO">Slept 200 milliseconds.</msg>
<arg>${intervalle}</arg>
<doc>Pauses the test executed for the given time.</doc>
<status status="PASS" start="2026-02-22T18:08:02.526389" elapsed="0.200809"/>
</kw>
<kw name="Get Element Count" owner="SeleniumLibrary">
<msg time="2026-02-22T18:08:02.824313" level="INFO">${compte2} = 52</msg>
<var>${compte2}</var>
<arg>${locator_racine}</arg>
<doc>Returns the number of elements matching ``locator``.</doc>
<status status="PASS" start="2026-02-22T18:08:02.727198" elapsed="0.097115"/>
</kw>
<if>
<branch type="IF" condition="${compte1} == ${compte2}">
<return>
<status status="PASS" start="2026-02-22T18:08:02.825310" elapsed="0.000000"/>
</return>
<status status="PASS" start="2026-02-22T18:08:02.824313" elapsed="0.000997"/>
</branch>
<status status="PASS" start="2026-02-22T18:08:02.824313" elapsed="0.000997"/>
</if>
<var name="${i}">0</var>
<status status="PASS" start="2026-02-22T18:08:02.488126" elapsed="0.337184"/>
</iter>
<var>${i}</var>
<value>${tentatives_max}</value>
<status status="PASS" start="2026-02-22T18:08:02.488126" elapsed="0.337184"/>
</for>
<kw name="Fail" owner="BuiltIn">
<arg>ERREUR: Le nombre d'éléments dans le DOM ne s'est pas stabilisé après ${tentatives_max} tentatives.</arg>
<doc>Fails the test with the given message and optionally alters its tags.</doc>
<status status="NOT RUN" start="2026-02-22T18:08:02.825310" elapsed="0.000000"/>
</kw>
<doc>Attend que le nombre total d'éléments dans le DOM ne change plus
entre deux intervalles, indiquant une stabilité structurelle.</doc>
<status status="PASS" start="2026-02-22T18:08:02.487125" elapsed="0.338185"/>
</kw>
<for flavor="IN RANGE">
<iter>
<try>
<branch type="TRY">
<kw name="Run Keyword" owner="BuiltIn">
<kw name="Page Should Not Contain" owner="SeleniumLibrary">
<msg time="2026-02-22T18:08:02.998173" level="INFO">Current page does not contain text 'Produits'.</msg>
<arg>@{args}</arg>
<doc>Verifies the current page does not contain ``text``.</doc>
<status status="PASS" start="2026-02-22T18:08:02.829171" elapsed="0.169002"/>
</kw>
<msg time="2026-02-22T18:08:02.998173" level="INFO">${result} = None</msg>
<var>${result}</var>
<arg>${mot_cle}</arg>
<arg>@{args}</arg>
<doc>Executes the given keyword with the given arguments.</doc>
<status status="PASS" start="2026-02-22T18:08:02.825310" elapsed="0.172863"/>
</kw>
<kw name="Log" owner="BuiltIn">
<msg time="2026-02-22T18:08:03.000899" level="INFO">Succès à la tentative 1 pour : Page Should Not Contain ['Produits']</msg>
<arg>Succès à la tentative ${index + 1} pour : ${mot_cle} ${args}</arg>
<doc>Logs the given message with the given level.</doc>
<status status="PASS" start="2026-02-22T18:08:02.999179" elapsed="0.001720"/>
</kw>
<return>
<value>${result}</value>
<status status="PASS" start="2026-02-22T18:08:03.001896" elapsed="0.000201"/>
</return>
<status status="PASS" start="2026-02-22T18:08:02.825310" elapsed="0.176787"/>
</branch>
<branch type="EXCEPT" assign="${err}">
<kw name="Log To Console" owner="BuiltIn">
<arg>Échec tentative ${index + 1} pour : ${mot_cle} ${args}</arg>
<doc>Logs the given message to the console.</doc>
<status status="NOT RUN" start="2026-02-22T18:08:03.002097" elapsed="0.000000"/>
</kw>
<kw name="Log To Console" owner="BuiltIn">
<arg>Message d'exception : ${err}</arg>
<doc>Logs the given message to the console.</doc>
<status status="NOT RUN" start="2026-02-22T18:08:03.003101" elapsed="0.000000"/>
</kw>
<kw name="Sleep" owner="BuiltIn">
<arg>${attente}</arg>
<doc>Pauses the test executed for the given time.</doc>
<status status="NOT RUN" start="2026-02-22T18:08:03.003101" elapsed="0.000000"/>
</kw>
<status status="NOT RUN" start="2026-02-22T18:08:03.002097" elapsed="0.001004"/>
</branch>
<status status="PASS" start="2026-02-22T18:08:02.825310" elapsed="0.178792"/>
</try>
<var name="${index}">0</var>
<status status="PASS" start="2026-02-22T18:08:02.825310" elapsed="0.178792"/>
</iter>
<var>${index}</var>
<value>${tentatives_max}</value>
<status status="PASS" start="2026-02-22T18:08:02.825310" elapsed="0.178792"/>
</for>
<kw name="Fail" owner="BuiltIn">
<arg>Échec après ${tentatives_max} tentatives du mot-clé : ${mot_cle} ${args}. Dernière erreur: ${err}</arg>
<doc>Fails the test with the given message and optionally alters its tags.</doc>
<status status="NOT RUN" start="2026-02-22T18:08:03.004102" elapsed="0.000000"/>
</kw>
<arg>Page Should Not Contain</arg>
<arg>Produits</arg>
<doc>Exécute un mot-clé avec rerejeu automatique en cas d'exception dans la limite d'un nombre de fois en paramètre ci-dessous.
Utile pour gérer les erreurs comme StaleElementReferenceException ou autres erreurs intermittentes.</doc>
<status status="PASS" start="2026-02-22T18:08:02.484078" elapsed="0.520880"/>
</kw>
<kw name="Capture Page Screenshot" owner="SeleniumLibrary">
<msg time="2026-02-22T18:08:03.198199" level="INFO" html="true">&lt;/td&gt;&lt;/tr&gt;&lt;tr&gt;&lt;td colspan="3"&gt;&lt;a href="selenium-screenshot-4.png"&gt;&lt;img src="selenium-screenshot-4.png" width="800px"&gt;&lt;/a&gt;</msg>
<doc>Takes a screenshot of the current page and embeds it into a log file.</doc>
<status status="PASS" start="2026-02-22T18:08:03.007319" elapsed="0.190880"/>
</kw>
<kw name="Fermer tout les navigateurs" owner="base_page" type="TEARDOWN">
<kw name="Close All Browsers" owner="SeleniumLibrary">
<doc>Closes all open browsers and resets the browser cache.</doc>
<status status="PASS" start="2026-02-22T18:08:03.200969" elapsed="4.095940"/>
</kw>
<status status="PASS" start="2026-02-22T18:08:03.199979" elapsed="4.096930"/>
</kw>
<doc>ce cas de test permet de vérifier qu'on ne peut pas se connecter au site par
un username et mot de passe invalides</doc>
<tag>login</tag>
<status status="PASS" start="2026-02-22T18:07:51.407821" elapsed="15.907609"/>
</test>
<status status="PASS" start="2026-02-22T18:07:32.480942" elapsed="34.905686"/>
</suite>
<status status="PASS" start="2026-02-22T18:07:32.442491" elapsed="35.227257"/>
</suite>
<statistics>
<total>
<stat pass="2" fail="0" skip="0">All Tests</stat>
</total>
<tag>
<stat pass="2" fail="0" skip="0">login</stat>
</tag>
<suite>
<stat name="Tests" id="s1" pass="2" fail="0" skip="0">Tests</stat>
<stat name="Login test" id="s1-s1" pass="2" fail="0" skip="0">Tests.Login test</stat>
</suite>
</statistics>
<errors>
</errors>
</robot>
