<?xml version="1.0" encoding="UTF-8"?>
<robot generator="Robot 7.3.2 (Python 3.12.1 on win32)" generated="2026-04-21T15:31:49.943418" rpa="false" schemaversion="5">
<suite id="s1" name="Rob1" source="C:\Users\DELL\Desktop\rob1">
<suite id="s1-s1" name="Tests" source="C:\Users\DELL\Desktop\rob1\tests">
<suite id="s1-s1-s1" name="Login test" source="C:\Users\DELL\Desktop\rob1\tests\Login_test.robot">
<test id="s1-s1-s1-t1" name="Login avec valid cridentiels" line="18">
<kw name="Se connecter au site" owner="base_page" type="SETUP">
<kw name="Evaluate" owner="BuiltIn">
<msg time="2026-04-21T15:31:50.396721" level="INFO">${options} = &lt;selenium.webdriver.chrome.options.Options object at 0x00000145930B61B0&gt;</msg>
<var>${options}</var>
<arg>sys.modules['selenium.webdriver'].ChromeOptions()</arg>
<arg>sys, selenium.webdriver</arg>
<doc>Evaluates the given expression in Python and returns the result.</doc>
<status status="PASS" start="2026-04-21T15:31:50.396721" elapsed="0.000000"/>
</kw>
<kw name="Call Method" owner="BuiltIn">
<arg>${options}</arg>
<arg>add_argument</arg>
<arg>--headless</arg>
<doc>Calls the named method of the given object with the provided arguments.</doc>
<status status="PASS" start="2026-04-21T15:31:50.396721" elapsed="0.000000"/>
</kw>
<kw name="Call Method" owner="BuiltIn">
<arg>${options}</arg>
<arg>add_argument</arg>
<arg>--no-sandbox</arg>
<doc>Calls the named method of the given object with the provided arguments.</doc>
<status status="PASS" start="2026-04-21T15:31:50.396721" elapsed="0.000000"/>
</kw>
<kw name="Call Method" owner="BuiltIn">
<arg>${options}</arg>
<arg>add_argument</arg>
<arg>--disable-dev-shm-usage</arg>
<doc>Calls the named method of the given object with the provided arguments.</doc>
<status status="PASS" start="2026-04-21T15:31:50.396721" elapsed="0.000000"/>
</kw>
<kw name="Run Keyword If" owner="BuiltIn">
<kw name="Open Browser" owner="SeleniumLibrary">
<msg time="2026-04-21T15:31:50.410746" level="INFO">Opening browser 'firefox' to base url 'https://www.saucedemo.com/'.</msg>
<arg>${BASE_URL}</arg>
<arg>firefox</arg>
<doc>Opens a new browser instance to the optional ``url``.</doc>
<status status="PASS" start="2026-04-21T15:31:50.410746" elapsed="9.028441"/>
</kw>
<arg>'${BROWSER}' == 'chrome'</arg>
<arg>Open Browser</arg>
<arg>${BASE_URL}</arg>
<arg>chrome</arg>
<arg>options=${options}</arg>
<arg>ELSE IF</arg>
<arg>'${BROWSER}' == 'firefox'</arg>
<arg>Open Browser</arg>
<arg>${BASE_URL}</arg>
<arg>firefox</arg>
<arg>ELSE IF</arg>
<arg>'${BROWSER}' == 'edge'</arg>
<arg>Open Browser</arg>
<arg>${BASE_URL}</arg>
<arg>edge</arg>
<arg>ELSE</arg>
<arg>Fail</arg>
<arg>Navigateur non supporté : ${BROWSER}</arg>
<doc>Runs the given keyword with the given arguments, if ``condition`` is true.</doc>
<status status="PASS" start="2026-04-21T15:31:50.409962" elapsed="9.030223"/>
</kw>
<kw name="Maximize Browser Window" owner="SeleniumLibrary">
<doc>Maximizes current browser window.</doc>
<status status="PASS" start="2026-04-21T15:31:59.440185" elapsed="0.057798"/>
</kw>
<kw name="Set Selenium Timeout" owner="SeleniumLibrary">
<arg>${SELENIUM_TIMEOUT}</arg>
<doc>Sets the timeout that is used by various keywords.</doc>
<status status="PASS" start="2026-04-21T15:31:59.498986" elapsed="0.011174"/>
</kw>
<doc>Ouvre le site avec navigateur compatible CI</doc>
<status status="PASS" start="2026-04-21T15:31:50.396721" elapsed="9.113439"/>
</kw>
<kw name="Saisir username" owner="login_page">
<kw name="Strong" owner="base_page">
<kw name="Set Variable" owner="BuiltIn">
<msg time="2026-04-21T15:31:59.528620" level="INFO">${tentatives_max} = 15</msg>
<var>${tentatives_max}</var>
<arg>15</arg>
<doc>Returns the given values which can then be assigned to a variables.</doc>
<status status="PASS" start="2026-04-21T15:31:59.527603" elapsed="0.001999"/>
</kw>
<kw name="Set Variable" owner="BuiltIn">
<msg time="2026-04-21T15:31:59.531603" level="INFO">${attente} = 0.1s</msg>
<var>${attente}</var>
<arg>0.1s</arg>
<doc>Returns the given values which can then be assigned to a variables.</doc>
<status status="PASS" start="2026-04-21T15:31:59.530601" elapsed="0.001002"/>
</kw>
<kw name="Attendre Que Le DOM Soit Stable" owner="base_page">
<for flavor="IN RANGE">
<iter>
<kw name="Get Element Count" owner="SeleniumLibrary">
<msg time="2026-04-21T15:31:59.649020" level="INFO">${compte1} = 43</msg>
<var>${compte1}</var>
<arg>${locator_racine}</arg>
<doc>Returns the number of elements matching ``locator``.</doc>
<status status="PASS" start="2026-04-21T15:31:59.535599" elapsed="0.114418"/>
</kw>
<kw name="Sleep" owner="BuiltIn">
<msg time="2026-04-21T15:31:59.851991" level="INFO">Slept 200 milliseconds.</msg>
<arg>${intervalle}</arg>
<doc>Pauses the test executed for the given time.</doc>
<status status="PASS" start="2026-04-21T15:31:59.650017" elapsed="0.201974"/>
</kw>
<kw name="Get Element Count" owner="SeleniumLibrary">
<msg time="2026-04-21T15:31:59.882282" level="INFO">${compte2} = 43</msg>
<var>${compte2}</var>
<arg>${locator_racine}</arg>
<doc>Returns the number of elements matching ``locator``.</doc>
<status status="PASS" start="2026-04-21T15:31:59.852991" elapsed="0.030294"/>
</kw>
<if>
<branch type="IF" condition="${compte1} == ${compte2}">
<return>
<status status="PASS" start="2026-04-21T15:31:59.884282" elapsed="0.001001"/>
</return>
<status status="PASS" start="2026-04-21T15:31:59.883285" elapsed="0.001998"/>
</branch>
<status status="PASS" start="2026-04-21T15:31:59.883285" elapsed="0.001998"/>
</if>
<var name="${i}">0</var>
<status status="PASS" start="2026-04-21T15:31:59.535599" elapsed="0.349684"/>
</iter>
<var>${i}</var>
<value>${tentatives_max}</value>
<status status="PASS" start="2026-04-21T15:31:59.534602" elapsed="0.350681"/>
</for>
<kw name="Fail" owner="BuiltIn">
<arg>ERREUR: Le nombre d'éléments dans le DOM ne s'est pas stabilisé après ${tentatives_max} tentatives.</arg>
<doc>Fails the test with the given message and optionally alters its tags.</doc>
<status status="NOT RUN" start="2026-04-21T15:31:59.885283" elapsed="0.001005"/>
</kw>
<doc>Attend que le nombre total d'éléments dans le DOM ne change plus
entre deux intervalles, indiquant une stabilité structurelle.</doc>
<status status="PASS" start="2026-04-21T15:31:59.532616" elapsed="0.353672"/>
</kw>
<for flavor="IN RANGE">
<iter>
<try>
<branch type="TRY">
<kw name="Run Keyword" owner="BuiltIn">
<kw name="Wait Until Element Is Visible" owner="SeleniumLibrary">
<arg>@{args}</arg>
<doc>Waits until the element ``locator`` is visible.</doc>
<status status="PASS" start="2026-04-21T15:31:59.888286" elapsed="0.070839"/>
</kw>
<msg time="2026-04-21T15:31:59.959125" level="INFO">${result} = None</msg>
<var>${result}</var>
<arg>${mot_cle}</arg>
<arg>@{args}</arg>
<doc>Executes the given keyword with the given arguments.</doc>
<status status="PASS" start="2026-04-21T15:31:59.888286" elapsed="0.070839"/>
</kw>
<kw name="Log" owner="BuiltIn">
<msg time="2026-04-21T15:31:59.976220" level="INFO">Succès à la tentative 1 pour : Wait Until Element Is Visible ["xpath=//input[@id='user-name']"]</msg>
<arg>Succès à la tentative ${index + 1} pour : ${mot_cle} ${args}</arg>
<doc>Logs the given message with the given level.</doc>
<status status="PASS" start="2026-04-21T15:31:59.959125" elapsed="0.017095"/>
</kw>
<return>
<value>${result}</value>
<status status="PASS" start="2026-04-21T15:31:59.977225" elapsed="0.000000"/>
</return>
<status status="PASS" start="2026-04-21T15:31:59.887286" elapsed="0.090952"/>
</branch>
<branch type="EXCEPT" assign="${err}">
<kw name="Log To Console" owner="BuiltIn">
<arg>Échec tentative ${index + 1} pour : ${mot_cle} ${args}</arg>
<doc>Logs the given message to the console.</doc>
<status status="NOT RUN" start="2026-04-21T15:31:59.979226" elapsed="0.000000"/>
</kw>
<kw name="Log To Console" owner="BuiltIn">
<arg>Message d'exception : ${err}</arg>
<doc>Logs the given message to the console.</doc>
<status status="NOT RUN" start="2026-04-21T15:31:59.980228" elapsed="0.000000"/>
</kw>
<kw name="Sleep" owner="BuiltIn">
<arg>${attente}</arg>
<doc>Pauses the test executed for the given time.</doc>
<status status="NOT RUN" start="2026-04-21T15:31:59.981224" elapsed="0.000000"/>
</kw>
<status status="NOT RUN" start="2026-04-21T15:31:59.978238" elapsed="0.003986"/>
</branch>
<status status="PASS" start="2026-04-21T15:31:59.887286" elapsed="0.094938"/>
</try>
<var name="${index}">0</var>
<status status="PASS" start="2026-04-21T15:31:59.887286" elapsed="0.094938"/>
</iter>
<var>${index}</var>
<value>${tentatives_max}</value>
<status status="PASS" start="2026-04-21T15:31:59.886288" elapsed="0.095936"/>
</for>
<kw name="Fail" owner="BuiltIn">
<arg>Échec après ${tentatives_max} tentatives du mot-clé : ${mot_cle} ${args}. Dernière erreur: ${err}</arg>
<doc>Fails the test with the given message and optionally alters its tags.</doc>
<status status="NOT RUN" start="2026-04-21T15:31:59.983225" elapsed="0.000000"/>
</kw>
<arg>Wait Until Element Is Visible</arg>
<arg>${Username_Field}</arg>
<doc>Exécute un mot-clé avec rerejeu automatique en cas d'exception dans la limite d'un nombre de fois en paramètre ci-dessous.
Utile pour gérer les erreurs comme StaleElementReferenceException ou autres erreurs intermittentes.</doc>
<status status="PASS" start="2026-04-21T15:31:59.526241" elapsed="0.456984"/>
</kw>
<kw name="Input Text" owner="SeleniumLibrary">
<msg time="2026-04-21T15:31:59.985233" level="INFO">Typing text 'standard_user' into text field 'xpath=//input[@id='user-name']'.</msg>
<arg>${Username_Field}</arg>
<arg>${username}</arg>
<doc>Types the given ``text`` into the text field identified by ``locator``.</doc>
<status status="PASS" start="2026-04-21T15:31:59.984226" elapsed="0.263691"/>
</kw>
<arg>${Valid_Username}</arg>
<status status="PASS" start="2026-04-21T15:31:59.510160" elapsed="0.738774"/>
</kw>
<kw name="Saisir mode de passe" owner="login_page">
<kw name="Strong" owner="base_page">
<kw name="Set Variable" owner="BuiltIn">
<msg time="2026-04-21T15:32:00.259429" level="INFO">${tentatives_max} = 15</msg>
<var>${tentatives_max}</var>
<arg>15</arg>
<doc>Returns the given values which can then be assigned to a variables.</doc>
<status status="PASS" start="2026-04-21T15:32:00.259429" elapsed="0.000000"/>
</kw>
<kw name="Set Variable" owner="BuiltIn">
<msg time="2026-04-21T15:32:00.259429" level="INFO">${attente} = 0.1s</msg>
<var>${attente}</var>
<arg>0.1s</arg>
<doc>Returns the given values which can then be assigned to a variables.</doc>
<status status="PASS" start="2026-04-21T15:32:00.259429" elapsed="0.000000"/>
</kw>
<kw name="Attendre Que Le DOM Soit Stable" owner="base_page">
<for flavor="IN RANGE">
<iter>
<kw name="Get Element Count" owner="SeleniumLibrary">
<msg time="2026-04-21T15:32:00.281231" level="INFO">${compte1} = 43</msg>
<var>${compte1}</var>
<arg>${locator_racine}</arg>
<doc>Returns the number of elements matching ``locator``.</doc>
<status status="PASS" start="2026-04-21T15:32:00.259429" elapsed="0.021802"/>
</kw>
<kw name="Sleep" owner="BuiltIn">
<msg time="2026-04-21T15:32:00.484012" level="INFO">Slept 200 milliseconds.</msg>
<arg>${intervalle}</arg>
<doc>Pauses the test executed for the given time.</doc>
<status status="PASS" start="2026-04-21T15:32:00.282201" elapsed="0.201811"/>
</kw>
<kw name="Get Element Count" owner="SeleniumLibrary">
<msg time="2026-04-21T15:32:00.493178" level="INFO">${compte2} = 43</msg>
<var>${compte2}</var>
<arg>${locator_racine}</arg>
<doc>Returns the number of elements matching ``locator``.</doc>
<status status="PASS" start="2026-04-21T15:32:00.485004" elapsed="0.009176"/>
</kw>
<if>
<branch type="IF" condition="${compte1} == ${compte2}">
<return>
<status status="PASS" start="2026-04-21T15:32:00.495181" elapsed="0.000999"/>
</return>
<status status="PASS" start="2026-04-21T15:32:00.494180" elapsed="0.002000"/>
</branch>
<status status="PASS" start="2026-04-21T15:32:00.494180" elapsed="0.002000"/>
</if>
<var name="${i}">0</var>
<status status="PASS" start="2026-04-21T15:32:00.259429" elapsed="0.236751"/>
</iter>
<var>${i}</var>
<value>${tentatives_max}</value>
<status status="PASS" start="2026-04-21T15:32:00.259429" elapsed="0.236751"/>
</for>
<kw name="Fail" owner="BuiltIn">
<arg>ERREUR: Le nombre d'éléments dans le DOM ne s'est pas stabilisé après ${tentatives_max} tentatives.</arg>
<doc>Fails the test with the given message and optionally alters its tags.</doc>
<status status="NOT RUN" start="2026-04-21T15:32:00.497183" elapsed="0.000000"/>
</kw>
<doc>Attend que le nombre total d'éléments dans le DOM ne change plus
entre deux intervalles, indiquant une stabilité structurelle.</doc>
<status status="PASS" start="2026-04-21T15:32:00.259429" elapsed="0.237754"/>
</kw>
<for flavor="IN RANGE">
<iter>
<try>
<branch type="TRY">
<kw name="Run Keyword" owner="BuiltIn">
<kw name="Wait Until Element Is Visible" owner="SeleniumLibrary">
<arg>@{args}</arg>
<doc>Waits until the element ``locator`` is visible.</doc>
<status status="PASS" start="2026-04-21T15:32:00.499185" elapsed="0.028258"/>
</kw>
<msg time="2026-04-21T15:32:00.528437" level="INFO">${result} = None</msg>
<var>${result}</var>
<arg>${mot_cle}</arg>
<arg>@{args}</arg>
<doc>Executes the given keyword with the given arguments.</doc>
<status status="PASS" start="2026-04-21T15:32:00.499185" elapsed="0.029252"/>
</kw>
<kw name="Log" owner="BuiltIn">
<msg time="2026-04-21T15:32:00.530437" level="INFO">Succès à la tentative 1 pour : Wait Until Element Is Visible ["xpath=//input[@id='password']"]</msg>
<arg>Succès à la tentative ${index + 1} pour : ${mot_cle} ${args}</arg>
<doc>Logs the given message with the given level.</doc>
<status status="PASS" start="2026-04-21T15:32:00.529443" elapsed="0.002043"/>
</kw>
<return>
<value>${result}</value>
<status status="PASS" start="2026-04-21T15:32:00.531486" elapsed="0.000951"/>
</return>
<status status="PASS" start="2026-04-21T15:32:00.498182" elapsed="0.034255"/>
</branch>
<branch type="EXCEPT" assign="${err}">
<kw name="Log To Console" owner="BuiltIn">
<arg>Échec tentative ${index + 1} pour : ${mot_cle} ${args}</arg>
<doc>Logs the given message to the console.</doc>
<status status="NOT RUN" start="2026-04-21T15:32:00.533436" elapsed="0.001010"/>
</kw>
<kw name="Log To Console" owner="BuiltIn">
<arg>Message d'exception : ${err}</arg>
<doc>Logs the given message to the console.</doc>
<status status="NOT RUN" start="2026-04-21T15:32:00.534446" elapsed="0.000992"/>
</kw>
<kw name="Sleep" owner="BuiltIn">
<arg>${attente}</arg>
<doc>Pauses the test executed for the given time.</doc>
<status status="NOT RUN" start="2026-04-21T15:32:00.535438" elapsed="0.000997"/>
</kw>
<status status="NOT RUN" start="2026-04-21T15:32:00.532437" elapsed="0.003998"/>
</branch>
<status status="PASS" start="2026-04-21T15:32:00.498182" elapsed="0.038253"/>
</try>
<var name="${index}">0</var>
<status status="PASS" start="2026-04-21T15:32:00.498182" elapsed="0.038253"/>
</iter>
<var>${index}</var>
<value>${tentatives_max}</value>
<status status="PASS" start="2026-04-21T15:32:00.497183" elapsed="0.039252"/>
</for>
<kw name="Fail" owner="BuiltIn">
<arg>Échec après ${tentatives_max} tentatives du mot-clé : ${mot_cle} ${args}. Dernière erreur: ${err}</arg>
<doc>Fails the test with the given message and optionally alters its tags.</doc>
<status status="NOT RUN" start="2026-04-21T15:32:00.537483" elapsed="0.000000"/>
</kw>
<arg>Wait Until Element Is Visible</arg>
<arg>${Passeword_Field}</arg>
<doc>Exécute un mot-clé avec rerejeu automatique en cas d'exception dans la limite d'un nombre de fois en paramètre ci-dessous.
Utile pour gérer les erreurs comme StaleElementReferenceException ou autres erreurs intermittentes.</doc>
<status status="PASS" start="2026-04-21T15:32:00.259429" elapsed="0.279040"/>
</kw>
<kw name="Input Text" owner="SeleniumLibrary">
<msg time="2026-04-21T15:32:00.539473" level="INFO">Typing text 'secret_sauce' into text field 'xpath=//input[@id='password']'.</msg>
<arg>${Passeword_Field}</arg>
<arg>${passeword}</arg>
<doc>Types the given ``text`` into the text field identified by ``locator``.</doc>
<status status="PASS" start="2026-04-21T15:32:00.538469" elapsed="0.105543"/>
</kw>
<arg>${Valid_Password}</arg>
<status status="PASS" start="2026-04-21T15:32:00.259429" elapsed="0.384583"/>
</kw>
<kw name="Cliquer sur le bouton Login" owner="login_page">
<kw name="Strong" owner="base_page">
<kw name="Set Variable" owner="BuiltIn">
<msg time="2026-04-21T15:32:00.649012" level="INFO">${tentatives_max} = 15</msg>
<var>${tentatives_max}</var>
<arg>15</arg>
<doc>Returns the given values which can then be assigned to a variables.</doc>
<status status="PASS" start="2026-04-21T15:32:00.648011" elapsed="0.002000"/>
</kw>
<kw name="Set Variable" owner="BuiltIn">
<msg time="2026-04-21T15:32:00.651014" level="INFO">${attente} = 0.1s</msg>
<var>${attente}</var>
<arg>0.1s</arg>
<doc>Returns the given values which can then be assigned to a variables.</doc>
<status status="PASS" start="2026-04-21T15:32:00.650011" elapsed="0.002004"/>
</kw>
<kw name="Attendre Que Le DOM Soit Stable" owner="base_page">
<for flavor="IN RANGE">
<iter>
<kw name="Get Element Count" owner="SeleniumLibrary">
<msg time="2026-04-21T15:32:00.665797" level="INFO">${compte1} = 43</msg>
<var>${compte1}</var>
<arg>${locator_racine}</arg>
<doc>Returns the number of elements matching ``locator``.</doc>
<status status="PASS" start="2026-04-21T15:32:00.656011" elapsed="0.009786"/>
</kw>
<kw name="Sleep" owner="BuiltIn">
<msg time="2026-04-21T15:32:00.866588" level="INFO">Slept 200 milliseconds.</msg>
<arg>${intervalle}</arg>
<doc>Pauses the test executed for the given time.</doc>
<status status="PASS" start="2026-04-21T15:32:00.665797" elapsed="0.200791"/>
</kw>
<kw name="Get Element Count" owner="SeleniumLibrary">
<msg time="2026-04-21T15:32:00.878354" level="INFO">${compte2} = 43</msg>
<var>${compte2}</var>
<arg>${locator_racine}</arg>
<doc>Returns the number of elements matching ``locator``.</doc>
<status status="PASS" start="2026-04-21T15:32:00.867592" elapsed="0.010762"/>
</kw>
<if>
<branch type="IF" condition="${compte1} == ${compte2}">
<return>
<status status="PASS" start="2026-04-21T15:32:00.880353" elapsed="0.001000"/>
</return>
<status status="PASS" start="2026-04-21T15:32:00.879354" elapsed="0.001999"/>
</branch>
<status status="PASS" start="2026-04-21T15:32:00.879354" elapsed="0.001999"/>
</if>
<var name="${i}">0</var>
<status status="PASS" start="2026-04-21T15:32:00.655010" elapsed="0.226343"/>
</iter>
<var>${i}</var>
<value>${tentatives_max}</value>
<status status="PASS" start="2026-04-21T15:32:00.654017" elapsed="0.227336"/>
</for>
<kw name="Fail" owner="BuiltIn">
<arg>ERREUR: Le nombre d'éléments dans le DOM ne s'est pas stabilisé après ${tentatives_max} tentatives.</arg>
<doc>Fails the test with the given message and optionally alters its tags.</doc>
<status status="NOT RUN" start="2026-04-21T15:32:00.882361" elapsed="0.000992"/>
</kw>
<doc>Attend que le nombre total d'éléments dans le DOM ne change plus
entre deux intervalles, indiquant une stabilité structurelle.</doc>
<status status="PASS" start="2026-04-21T15:32:00.652015" elapsed="0.231338"/>
</kw>
<for flavor="IN RANGE">
<iter>
<try>
<branch type="TRY">
<kw name="Run Keyword" owner="BuiltIn">
<kw name="Wait Until Element Is Visible" owner="SeleniumLibrary">
<arg>@{args}</arg>
<doc>Waits until the element ``locator`` is visible.</doc>
<status status="PASS" start="2026-04-21T15:32:00.887355" elapsed="0.024998"/>
</kw>
<msg time="2026-04-21T15:32:00.913351" level="INFO">${result} = None</msg>
<var>${result}</var>
<arg>${mot_cle}</arg>
<arg>@{args}</arg>
<doc>Executes the given keyword with the given arguments.</doc>
<status status="PASS" start="2026-04-21T15:32:00.886356" elapsed="0.026995"/>
</kw>
<kw name="Log" owner="BuiltIn">
<msg time="2026-04-21T15:32:00.915355" level="INFO">Succès à la tentative 1 pour : Wait Until Element Is Visible ["xpath=//input[@id='login-button']"]</msg>
<arg>Succès à la tentative ${index + 1} pour : ${mot_cle} ${args}</arg>
<doc>Logs the given message with the given level.</doc>
<status status="PASS" start="2026-04-21T15:32:00.914353" elapsed="0.002000"/>
</kw>
<return>
<value>${result}</value>
<status status="PASS" start="2026-04-21T15:32:00.916353" elapsed="0.000000"/>
</return>
<status status="PASS" start="2026-04-21T15:32:00.885353" elapsed="0.032000"/>
</branch>
<branch type="EXCEPT" assign="${err}">
<kw name="Log To Console" owner="BuiltIn">
<arg>Échec tentative ${index + 1} pour : ${mot_cle} ${args}</arg>
<doc>Logs the given message to the console.</doc>
<status status="NOT RUN" start="2026-04-21T15:32:00.918354" elapsed="0.000000"/>
</kw>
<kw name="Log To Console" owner="BuiltIn">
<arg>Message d'exception : ${err}</arg>
<doc>Logs the given message to the console.</doc>
<status status="NOT RUN" start="2026-04-21T15:32:00.919354" elapsed="0.000000"/>
</kw>
<kw name="Sleep" owner="BuiltIn">
<arg>${attente}</arg>
<doc>Pauses the test executed for the given time.</doc>
<status status="NOT RUN" start="2026-04-21T15:32:00.919354" elapsed="0.001054"/>
</kw>
<status status="NOT RUN" start="2026-04-21T15:32:00.917353" elapsed="0.003055"/>
</branch>
<status status="PASS" start="2026-04-21T15:32:00.885353" elapsed="0.035055"/>
</try>
<var name="${index}">0</var>
<status status="PASS" start="2026-04-21T15:32:00.885353" elapsed="0.035055"/>
</iter>
<var>${index}</var>
<value>${tentatives_max}</value>
<status status="PASS" start="2026-04-21T15:32:00.883353" elapsed="0.037055"/>
</for>
<kw name="Fail" owner="BuiltIn">
<arg>Échec après ${tentatives_max} tentatives du mot-clé : ${mot_cle} ${args}. Dernière erreur: ${err}</arg>
<doc>Fails the test with the given message and optionally alters its tags.</doc>
<status status="NOT RUN" start="2026-04-21T15:32:00.920408" elapsed="0.000000"/>
</kw>
<arg>Wait Until Element Is Visible</arg>
<arg>${Btn_Login}</arg>
<doc>Exécute un mot-clé avec rerejeu automatique en cas d'exception dans la limite d'un nombre de fois en paramètre ci-dessous.
Utile pour gérer les erreurs comme StaleElementReferenceException ou autres erreurs intermittentes.</doc>
<status status="PASS" start="2026-04-21T15:32:00.647014" elapsed="0.273394"/>
</kw>
<kw name="Strong" owner="base_page">
<kw name="Set Variable" owner="BuiltIn">
<msg time="2026-04-21T15:32:00.925913" level="INFO">${tentatives_max} = 15</msg>
<var>${tentatives_max}</var>
<arg>15</arg>
<doc>Returns the given values which can then be assigned to a variables.</doc>
<status status="PASS" start="2026-04-21T15:32:00.920408" elapsed="0.005935"/>
</kw>
<kw name="Set Variable" owner="BuiltIn">
<msg time="2026-04-21T15:32:00.927347" level="INFO">${attente} = 0.1s</msg>
<var>${attente}</var>
<arg>0.1s</arg>
<doc>Returns the given values which can then be assigned to a variables.</doc>
<status status="PASS" start="2026-04-21T15:32:00.926343" elapsed="0.002007"/>
</kw>
<kw name="Attendre Que Le DOM Soit Stable" owner="base_page">
<for flavor="IN RANGE">
<iter>
<kw name="Get Element Count" owner="SeleniumLibrary">
<msg time="2026-04-21T15:32:00.940344" level="INFO">${compte1} = 43</msg>
<var>${compte1}</var>
<arg>${locator_racine}</arg>
<doc>Returns the number of elements matching ``locator``.</doc>
<status status="PASS" start="2026-04-21T15:32:00.932348" elapsed="0.007996"/>
</kw>
<kw name="Sleep" owner="BuiltIn">
<msg time="2026-04-21T15:32:01.143002" level="INFO">Slept 200 milliseconds.</msg>
<arg>${intervalle}</arg>
<doc>Pauses the test executed for the given time.</doc>
<status status="PASS" start="2026-04-21T15:32:00.941358" elapsed="0.201644"/>
</kw>
<kw name="Get Element Count" owner="SeleniumLibrary">
<msg time="2026-04-21T15:32:01.156041" level="INFO">${compte2} = 43</msg>
<var>${compte2}</var>
<arg>${locator_racine}</arg>
<doc>Returns the number of elements matching ``locator``.</doc>
<status status="PASS" start="2026-04-21T15:32:01.144006" elapsed="0.012035"/>
</kw>
<if>
<branch type="IF" condition="${compte1} == ${compte2}">
<return>
<status status="PASS" start="2026-04-21T15:32:01.157037" elapsed="0.000000"/>
</return>
<status status="PASS" start="2026-04-21T15:32:01.156041" elapsed="0.001962"/>
</branch>
<status status="PASS" start="2026-04-21T15:32:01.156041" elapsed="0.001962"/>
</if>
<var name="${i}">0</var>
<status status="PASS" start="2026-04-21T15:32:00.931348" elapsed="0.226655"/>
</iter>
<var>${i}</var>
<value>${tentatives_max}</value>
<status status="PASS" start="2026-04-21T15:32:00.930345" elapsed="0.227658"/>
</for>
<kw name="Fail" owner="BuiltIn">
<arg>ERREUR: Le nombre d'éléments dans le DOM ne s'est pas stabilisé après ${tentatives_max} tentatives.</arg>
<doc>Fails the test with the given message and optionally alters its tags.</doc>
<status status="NOT RUN" start="2026-04-21T15:32:01.158003" elapsed="0.000000"/>
</kw>
<doc>Attend que le nombre total d'éléments dans le DOM ne change plus
entre deux intervalles, indiquant une stabilité structurelle.</doc>
<status status="PASS" start="2026-04-21T15:32:00.929349" elapsed="0.229696"/>
</kw>
<for flavor="IN RANGE">
<iter>
<try>
<branch type="TRY">
<kw name="Run Keyword" owner="BuiltIn">
<kw name="Click Button" owner="SeleniumLibrary">
<msg time="2026-04-21T15:32:01.159192" level="INFO">Clicking button 'xpath=//input[@id='login-button']'.</msg>
<arg>@{args}</arg>
<doc>Clicks the button identified by ``locator``.</doc>
<status status="PASS" start="2026-04-21T15:32:01.159192" elapsed="0.191659"/>
</kw>
<msg time="2026-04-21T15:32:01.351857" level="INFO">${result} = None</msg>
<var>${result}</var>
<arg>${mot_cle}</arg>
<arg>@{args}</arg>
<doc>Executes the given keyword with the given arguments.</doc>
<status status="PASS" start="2026-04-21T15:32:01.159192" elapsed="0.193655"/>
</kw>
<kw name="Log" owner="BuiltIn">
<msg time="2026-04-21T15:32:01.354850" level="INFO">Succès à la tentative 1 pour : Click Button ["xpath=//input[@id='login-button']"]</msg>
<arg>Succès à la tentative ${index + 1} pour : ${mot_cle} ${args}</arg>
<doc>Logs the given message with the given level.</doc>
<status status="PASS" start="2026-04-21T15:32:01.352847" elapsed="0.003004"/>
</kw>
<return>
<value>${result}</value>
<status status="PASS" start="2026-04-21T15:32:01.355851" elapsed="0.001000"/>
</return>
<status status="PASS" start="2026-04-21T15:32:01.159192" elapsed="0.197659"/>
</branch>
<branch type="EXCEPT" assign="${err}">
<kw name="Log To Console" owner="BuiltIn">
<arg>Échec tentative ${index + 1} pour : ${mot_cle} ${args}</arg>
<doc>Logs the given message to the console.</doc>
<status status="NOT RUN" start="2026-04-21T15:32:01.357851" elapsed="0.000000"/>
</kw>
<kw name="Log To Console" owner="BuiltIn">
<arg>Message d'exception : ${err}</arg>
<doc>Logs the given message to the console.</doc>
<status status="NOT RUN" start="2026-04-21T15:32:01.358849" elapsed="0.001001"/>
</kw>
<kw name="Sleep" owner="BuiltIn">
<arg>${attente}</arg>
<doc>Pauses the test executed for the given time.</doc>
<status status="NOT RUN" start="2026-04-21T15:32:01.359850" elapsed="0.001003"/>
</kw>
<status status="NOT RUN" start="2026-04-21T15:32:01.356851" elapsed="0.004002"/>
</branch>
<status status="PASS" start="2026-04-21T15:32:01.159192" elapsed="0.201661"/>
</try>
<var name="${index}">0</var>
<status status="PASS" start="2026-04-21T15:32:01.159192" elapsed="0.201661"/>
</iter>
<var>${index}</var>
<value>${tentatives_max}</value>
<status status="PASS" start="2026-04-21T15:32:01.159192" elapsed="0.202659"/>
</for>
<kw name="Fail" owner="BuiltIn">
<arg>Échec après ${tentatives_max} tentatives du mot-clé : ${mot_cle} ${args}. Dernière erreur: ${err}</arg>
<doc>Fails the test with the given message and optionally alters its tags.</doc>
<status status="NOT RUN" start="2026-04-21T15:32:01.361851" elapsed="0.001001"/>
</kw>
<arg>Click Button</arg>
<arg>${Btn_Login}</arg>
<doc>Exécute un mot-clé avec rerejeu automatique en cas d'exception dans la limite d'un nombre de fois en paramètre ci-dessous.
Utile pour gérer les erreurs comme StaleElementReferenceException ou autres erreurs intermittentes.</doc>
<status status="PASS" start="2026-04-21T15:32:00.920408" elapsed="0.442444"/>
</kw>
<status status="PASS" start="2026-04-21T15:32:00.646017" elapsed="0.717836"/>
</kw>
<kw name="verifier l'affichage de titre Produits" owner="login_page">
<kw name="Strong" owner="base_page">
<kw name="Set Variable" owner="BuiltIn">
<msg time="2026-04-21T15:32:01.367851" level="INFO">${tentatives_max} = 15</msg>
<var>${tentatives_max}</var>
<arg>15</arg>
<doc>Returns the given values which can then be assigned to a variables.</doc>
<status status="PASS" start="2026-04-21T15:32:01.366854" elapsed="0.002001"/>
</kw>
<kw name="Set Variable" owner="BuiltIn">
<msg time="2026-04-21T15:32:01.370853" level="INFO">${attente} = 0.1s</msg>
<var>${attente}</var>
<arg>0.1s</arg>
<doc>Returns the given values which can then be assigned to a variables.</doc>
<status status="PASS" start="2026-04-21T15:32:01.369851" elapsed="0.002000"/>
</kw>
<kw name="Attendre Que Le DOM Soit Stable" owner="base_page">
<for flavor="IN RANGE">
<iter>
<kw name="Get Element Count" owner="SeleniumLibrary">
<msg time="2026-04-21T15:32:01.394852" level="INFO">${compte1} = 138</msg>
<var>${compte1}</var>
<arg>${locator_racine}</arg>
<doc>Returns the number of elements matching ``locator``.</doc>
<status status="PASS" start="2026-04-21T15:32:01.375849" elapsed="0.019003"/>
</kw>
<kw name="Sleep" owner="BuiltIn">
<msg time="2026-04-21T15:32:01.597014" level="INFO">Slept 200 milliseconds.</msg>
<arg>${intervalle}</arg>
<doc>Pauses the test executed for the given time.</doc>
<status status="PASS" start="2026-04-21T15:32:01.395851" elapsed="0.202163"/>
</kw>
<kw name="Get Element Count" owner="SeleniumLibrary">
<msg time="2026-04-21T15:32:01.609195" level="INFO">${compte2} = 138</msg>
<var>${compte2}</var>
<arg>${locator_racine}</arg>
<doc>Returns the number of elements matching ``locator``.</doc>
<status status="PASS" start="2026-04-21T15:32:01.598014" elapsed="0.011181"/>
</kw>
<if>
<branch type="IF" condition="${compte1} == ${compte2}">
<return>
<status status="PASS" start="2026-04-21T15:32:01.609195" elapsed="0.015631"/>
</return>
<status status="PASS" start="2026-04-21T15:32:01.609195" elapsed="0.015631"/>
</branch>
<status status="PASS" start="2026-04-21T15:32:01.609195" elapsed="0.015631"/>
</if>
<var name="${i}">0</var>
<status status="PASS" start="2026-04-21T15:32:01.374861" elapsed="0.249965"/>
</iter>
<var>${i}</var>
<value>${tentatives_max}</value>
<status status="PASS" start="2026-04-21T15:32:01.373852" elapsed="0.250974"/>
</for>
<kw name="Fail" owner="BuiltIn">
<arg>ERREUR: Le nombre d'éléments dans le DOM ne s'est pas stabilisé après ${tentatives_max} tentatives.</arg>
<doc>Fails the test with the given message and optionally alters its tags.</doc>
<status status="NOT RUN" start="2026-04-21T15:32:01.624826" elapsed="0.002084"/>
</kw>
<doc>Attend que le nombre total d'éléments dans le DOM ne change plus
entre deux intervalles, indiquant une stabilité structurelle.</doc>
<status status="PASS" start="2026-04-21T15:32:01.371851" elapsed="0.255059"/>
</kw>
<for flavor="IN RANGE">
<iter>
<try>
<branch type="TRY">
<kw name="Run Keyword" owner="BuiltIn">
<kw name="Page Should Contain" owner="SeleniumLibrary">
<msg time="2026-04-21T15:32:01.642699" level="INFO">Current page contains text 'Swag Labs'.</msg>
<arg>@{args}</arg>
<doc>Verifies that current page contains ``text``.</doc>
<status status="PASS" start="2026-04-21T15:32:01.629920" elapsed="0.013220"/>
</kw>
<msg time="2026-04-21T15:32:01.644146" level="INFO">${result} = None</msg>
<var>${result}</var>
<arg>${mot_cle}</arg>
<arg>@{args}</arg>
<doc>Executes the given keyword with the given arguments.</doc>
<status status="PASS" start="2026-04-21T15:32:01.628923" elapsed="0.015223"/>
</kw>
<kw name="Log" owner="BuiltIn">
<msg time="2026-04-21T15:32:01.646144" level="INFO">Succès à la tentative 1 pour : Page Should Contain ['Swag Labs']</msg>
<arg>Succès à la tentative ${index + 1} pour : ${mot_cle} ${args}</arg>
<doc>Logs the given message with the given level.</doc>
<status status="PASS" start="2026-04-21T15:32:01.645146" elapsed="0.002000"/>
</kw>
<return>
<value>${result}</value>
<status status="PASS" start="2026-04-21T15:32:01.647146" elapsed="0.000998"/>
</return>
<status status="PASS" start="2026-04-21T15:32:01.627918" elapsed="0.020226"/>
</branch>
<branch type="EXCEPT" assign="${err}">
<kw name="Log To Console" owner="BuiltIn">
<arg>Échec tentative ${index + 1} pour : ${mot_cle} ${args}</arg>
<doc>Logs the given message to the console.</doc>
<status status="NOT RUN" start="2026-04-21T15:32:01.649144" elapsed="0.000000"/>
</kw>
<kw name="Log To Console" owner="BuiltIn">
<arg>Message d'exception : ${err}</arg>
<doc>Logs the given message to the console.</doc>
<status status="NOT RUN" start="2026-04-21T15:32:01.650145" elapsed="0.000000"/>
</kw>
<kw name="Sleep" owner="BuiltIn">
<arg>${attente}</arg>
<doc>Pauses the test executed for the given time.</doc>
<status status="NOT RUN" start="2026-04-21T15:32:01.651144" elapsed="0.000000"/>
</kw>
<status status="NOT RUN" start="2026-04-21T15:32:01.648144" elapsed="0.003000"/>
</branch>
<status status="PASS" start="2026-04-21T15:32:01.627918" elapsed="0.024228"/>
</try>
<var name="${index}">0</var>
<status status="PASS" start="2026-04-21T15:32:01.627918" elapsed="0.024228"/>
</iter>
<var>${index}</var>
<value>${tentatives_max}</value>
<status status="PASS" start="2026-04-21T15:32:01.626910" elapsed="0.025236"/>
</for>
<kw name="Fail" owner="BuiltIn">
<arg>Échec après ${tentatives_max} tentatives du mot-clé : ${mot_cle} ${args}. Dernière erreur: ${err}</arg>
<doc>Fails the test with the given message and optionally alters its tags.</doc>
<status status="NOT RUN" start="2026-04-21T15:32:01.652146" elapsed="0.001012"/>
</kw>
<arg>Page Should Contain</arg>
<arg>Swag Labs</arg>
<doc>Exécute un mot-clé avec rerejeu automatique en cas d'exception dans la limite d'un nombre de fois en paramètre ci-dessous.
Utile pour gérer les erreurs comme StaleElementReferenceException ou autres erreurs intermittentes.</doc>
<status status="PASS" start="2026-04-21T15:32:01.365852" elapsed="0.288305"/>
</kw>
<status status="PASS" start="2026-04-21T15:32:01.363853" elapsed="0.290304"/>
</kw>
<kw name="Capture Page Screenshot" owner="SeleniumLibrary">
<msg time="2026-04-21T15:32:01.733510" level="INFO" html="true">&lt;/td&gt;&lt;/tr&gt;&lt;tr&gt;&lt;td colspan="3"&gt;&lt;a href="selenium-screenshot-6.png"&gt;&lt;img src="selenium-screenshot-6.png" width="800px"&gt;&lt;/a&gt;</msg>
<doc>Takes a screenshot of the current page and embeds it into a log file.</doc>
<status status="PASS" start="2026-04-21T15:32:01.654157" elapsed="0.080372"/>
</kw>
<kw name="Fermer tout les navigateurs" owner="base_page" type="TEARDOWN">
<kw name="Close All Browsers" owner="SeleniumLibrary">
<doc>Closes all open browsers and resets the browser cache.</doc>
<status status="PASS" start="2026-04-21T15:32:01.736511" elapsed="3.646431"/>
</kw>
<status status="PASS" start="2026-04-21T15:32:01.735509" elapsed="3.648397"/>
</kw>
<doc>ce cas de test permet de se connecter au site avec
un username et mot de passe valides</doc>
<tag>login</tag>
<status status="PASS" start="2026-04-21T15:31:50.384212" elapsed="14.999998"/>
</test>
<test id="s1-s1-s1-t2" name=" Login avec invalid cridentiels" line="30">
<kw name="Se connecter au site" owner="base_page" type="SETUP">
<kw name="Evaluate" owner="BuiltIn">
<msg time="2026-04-21T15:32:05.402899" level="INFO">${options} = &lt;selenium.webdriver.chrome.options.Options object at 0x000001459310CBC0&gt;</msg>
<var>${options}</var>
<arg>sys.modules['selenium.webdriver'].ChromeOptions()</arg>
<arg>sys, selenium.webdriver</arg>
<doc>Evaluates the given expression in Python and returns the result.</doc>
<status status="PASS" start="2026-04-21T15:32:05.401867" elapsed="0.001032"/>
</kw>
<kw name="Call Method" owner="BuiltIn">
<arg>${options}</arg>
<arg>add_argument</arg>
<arg>--headless</arg>
<doc>Calls the named method of the given object with the provided arguments.</doc>
<status status="PASS" start="2026-04-21T15:32:05.402899" elapsed="0.000980"/>
</kw>
<kw name="Call Method" owner="BuiltIn">
<arg>${options}</arg>
<arg>add_argument</arg>
<arg>--no-sandbox</arg>
<doc>Calls the named method of the given object with the provided arguments.</doc>
<status status="PASS" start="2026-04-21T15:32:05.403879" elapsed="0.001014"/>
</kw>
<kw name="Call Method" owner="BuiltIn">
<arg>${options}</arg>
<arg>add_argument</arg>
<arg>--disable-dev-shm-usage</arg>
<doc>Calls the named method of the given object with the provided arguments.</doc>
<status status="PASS" start="2026-04-21T15:32:05.404893" elapsed="0.001001"/>
</kw>
<kw name="Run Keyword If" owner="BuiltIn">
<kw name="Open Browser" owner="SeleniumLibrary">
<msg time="2026-04-21T15:32:05.407912" level="INFO">Opening browser 'firefox' to base url 'https://www.saucedemo.com/'.</msg>
<arg>${BASE_URL}</arg>
<arg>firefox</arg>
<doc>Opens a new browser instance to the optional ``url``.</doc>
<status status="PASS" start="2026-04-21T15:32:05.406902" elapsed="8.567976"/>
</kw>
<arg>'${BROWSER}' == 'chrome'</arg>
<arg>Open Browser</arg>
<arg>${BASE_URL}</arg>
<arg>chrome</arg>
<arg>options=${options}</arg>
<arg>ELSE IF</arg>
<arg>'${BROWSER}' == 'firefox'</arg>
<arg>Open Browser</arg>
<arg>${BASE_URL}</arg>
<arg>firefox</arg>
<arg>ELSE IF</arg>
<arg>'${BROWSER}' == 'edge'</arg>
<arg>Open Browser</arg>
<arg>${BASE_URL}</arg>
<arg>edge</arg>
<arg>ELSE</arg>
<arg>Fail</arg>
<arg>Navigateur non supporté : ${BROWSER}</arg>
<doc>Runs the given keyword with the given arguments, if ``condition`` is true.</doc>
<status status="PASS" start="2026-04-21T15:32:05.405894" elapsed="8.568984"/>
</kw>
<kw name="Maximize Browser Window" owner="SeleniumLibrary">
<doc>Maximizes current browser window.</doc>
<status status="PASS" start="2026-04-21T15:32:13.975865" elapsed="0.039179"/>
</kw>
<kw name="Set Selenium Timeout" owner="SeleniumLibrary">
<arg>${SELENIUM_TIMEOUT}</arg>
<doc>Sets the timeout that is used by various keywords.</doc>
<status status="PASS" start="2026-04-21T15:32:14.016044" elapsed="0.026865"/>
</kw>
<doc>Ouvre le site avec navigateur compatible CI</doc>
<status status="PASS" start="2026-04-21T15:32:05.400875" elapsed="8.642034"/>
</kw>
<kw name="Saisir username" owner="login_page">
<kw name="Strong" owner="base_page">
<kw name="Set Variable" owner="BuiltIn">
<msg time="2026-04-21T15:32:14.042909" level="INFO">${tentatives_max} = 15</msg>
<var>${tentatives_max}</var>
<arg>15</arg>
<doc>Returns the given values which can then be assigned to a variables.</doc>
<status status="PASS" start="2026-04-21T15:32:14.042909" elapsed="0.000000"/>
</kw>
<kw name="Set Variable" owner="BuiltIn">
<msg time="2026-04-21T15:32:14.042909" level="INFO">${attente} = 0.1s</msg>
<var>${attente}</var>
<arg>0.1s</arg>
<doc>Returns the given values which can then be assigned to a variables.</doc>
<status status="PASS" start="2026-04-21T15:32:14.042909" elapsed="0.000000"/>
</kw>
<kw name="Attendre Que Le DOM Soit Stable" owner="base_page">
<for flavor="IN RANGE">
<iter>
<kw name="Get Element Count" owner="SeleniumLibrary">
<msg time="2026-04-21T15:32:14.144088" level="INFO">${compte1} = 43</msg>
<var>${compte1}</var>
<arg>${locator_racine}</arg>
<doc>Returns the number of elements matching ``locator``.</doc>
<status status="PASS" start="2026-04-21T15:32:14.061288" elapsed="0.082800"/>
</kw>
<kw name="Sleep" owner="BuiltIn">
<msg time="2026-04-21T15:32:14.344870" level="INFO">Slept 200 milliseconds.</msg>
<arg>${intervalle}</arg>
<doc>Pauses the test executed for the given time.</doc>
<status status="PASS" start="2026-04-21T15:32:14.144088" elapsed="0.202017"/>
</kw>
<kw name="Get Element Count" owner="SeleniumLibrary">
<msg time="2026-04-21T15:32:14.371427" level="INFO">${compte2} = 43</msg>
<var>${compte2}</var>
<arg>${locator_racine}</arg>
<doc>Returns the number of elements matching ``locator``.</doc>
<status status="PASS" start="2026-04-21T15:32:14.346105" elapsed="0.026317"/>
</kw>
<if>
<branch type="IF" condition="${compte1} == ${compte2}">
<return>
<status status="PASS" start="2026-04-21T15:32:14.373423" elapsed="0.000998"/>
</return>
<status status="PASS" start="2026-04-21T15:32:14.372422" elapsed="0.001999"/>
</branch>
<status status="PASS" start="2026-04-21T15:32:14.372422" elapsed="0.001999"/>
</if>
<var name="${i}">0</var>
<status status="PASS" start="2026-04-21T15:32:14.060284" elapsed="0.314137"/>
</iter>
<var>${i}</var>
<value>${tentatives_max}</value>
<status status="PASS" start="2026-04-21T15:32:14.058534" elapsed="0.315887"/>
</for>
<kw name="Fail" owner="BuiltIn">
<arg>ERREUR: Le nombre d'éléments dans le DOM ne s'est pas stabilisé après ${tentatives_max} tentatives.</arg>
<doc>Fails the test with the given message and optionally alters its tags.</doc>
<status status="NOT RUN" start="2026-04-21T15:32:14.375458" elapsed="0.000965"/>
</kw>
<doc>Attend que le nombre total d'éléments dans le DOM ne change plus
entre deux intervalles, indiquant une stabilité structurelle.</doc>
<status status="PASS" start="2026-04-21T15:32:14.042909" elapsed="0.333514"/>
</kw>
<for flavor="IN RANGE">
<iter>
<try>
<branch type="TRY">
<kw name="Run Keyword" owner="BuiltIn">
<kw name="Wait Until Element Is Visible" owner="SeleniumLibrary">
<arg>@{args}</arg>
<doc>Waits until the element ``locator`` is visible.</doc>
<status status="PASS" start="2026-04-21T15:32:14.380422" elapsed="0.071916"/>
</kw>
<msg time="2026-04-21T15:32:14.453337" level="INFO">${result} = None</msg>
<var>${result}</var>
<arg>${mot_cle}</arg>
<arg>@{args}</arg>
<doc>Executes the given keyword with the given arguments.</doc>
<status status="PASS" start="2026-04-21T15:32:14.379423" elapsed="0.074845"/>
</kw>
<kw name="Log" owner="BuiltIn">
<msg time="2026-04-21T15:32:14.455322" level="INFO">Succès à la tentative 1 pour : Wait Until Element Is Visible ["xpath=//input[@id='user-name']"]</msg>
<arg>Succès à la tentative ${index + 1} pour : ${mot_cle} ${args}</arg>
<doc>Logs the given message with the given level.</doc>
<status status="PASS" start="2026-04-21T15:32:14.454318" elapsed="0.002005"/>
</kw>
<return>
<value>${result}</value>
<status status="PASS" start="2026-04-21T15:32:14.456323" elapsed="0.000998"/>
</return>
<status status="PASS" start="2026-04-21T15:32:14.378424" elapsed="0.078897"/>
</branch>
<branch type="EXCEPT" assign="${err}">
<kw name="Log To Console" owner="BuiltIn">
<arg>Échec tentative ${index + 1} pour : ${mot_cle} ${args}</arg>
<doc>Logs the given message to the console.</doc>
<status status="NOT RUN" start="2026-04-21T15:32:14.458233" elapsed="0.001003"/>
</kw>
<kw name="Log To Console" owner="BuiltIn">
<arg>Message d'exception : ${err}</arg>
<doc>Logs the given message to the console.</doc>
<status status="NOT RUN" start="2026-04-21T15:32:14.460238" elapsed="0.000000"/>
</kw>
<kw name="Sleep" owner="BuiltIn">
<arg>${attente}</arg>
<doc>Pauses the test executed for the given time.</doc>
<status status="NOT RUN" start="2026-04-21T15:32:14.461235" elapsed="0.000000"/>
</kw>
<status status="NOT RUN" start="2026-04-21T15:32:14.458233" elapsed="0.004001"/>
</branch>
<status status="PASS" start="2026-04-21T15:32:14.378424" elapsed="0.083810"/>
</try>
<var name="${index}">0</var>
<status status="PASS" start="2026-04-21T15:32:14.378424" elapsed="0.083810"/>
</iter>
<var>${index}</var>
<value>${tentatives_max}</value>
<status status="PASS" start="2026-04-21T15:32:14.377422" elapsed="0.084812"/>
</for>
<kw name="Fail" owner="BuiltIn">
<arg>Échec après ${tentatives_max} tentatives du mot-clé : ${mot_cle} ${args}. Dernière erreur: ${err}</arg>
<doc>Fails the test with the given message and optionally alters its tags.</doc>
<status status="NOT RUN" start="2026-04-21T15:32:14.463235" elapsed="0.000000"/>
</kw>
<arg>Wait Until Element Is Visible</arg>
<arg>${Username_Field}</arg>
<doc>Exécute un mot-clé avec rerejeu automatique en cas d'exception dans la limite d'un nombre de fois en paramètre ci-dessous.
Utile pour gérer les erreurs comme StaleElementReferenceException ou autres erreurs intermittentes.</doc>
<status status="PASS" start="2026-04-21T15:32:14.042909" elapsed="0.421329"/>
</kw>
<kw name="Input Text" owner="SeleniumLibrary">
<msg time="2026-04-21T15:32:14.465236" level="INFO">Typing text '12' into text field 'xpath=//input[@id='user-name']'.</msg>
<arg>${Username_Field}</arg>
<arg>${username}</arg>
<doc>Types the given ``text`` into the text field identified by ``locator``.</doc>
<status status="PASS" start="2026-04-21T15:32:14.464238" elapsed="0.170032"/>
</kw>
<arg>${Invalid_Username}</arg>
<status status="PASS" start="2026-04-21T15:32:14.042909" elapsed="0.592366"/>
</kw>
<kw name="Saisir mode de passe" owner="login_page">
<kw name="Strong" owner="base_page">
<kw name="Set Variable" owner="BuiltIn">
<msg time="2026-04-21T15:32:14.643188" level="INFO">${tentatives_max} = 15</msg>
<var>${tentatives_max}</var>
<arg>15</arg>
<doc>Returns the given values which can then be assigned to a variables.</doc>
<status status="PASS" start="2026-04-21T15:32:14.641270" elapsed="0.003153"/>
</kw>
<kw name="Set Variable" owner="BuiltIn">
<msg time="2026-04-21T15:32:14.646281" level="INFO">${attente} = 0.1s</msg>
<var>${attente}</var>
<arg>0.1s</arg>
<doc>Returns the given values which can then be assigned to a variables.</doc>
<status status="PASS" start="2026-04-21T15:32:14.644423" elapsed="0.001858"/>
</kw>
<kw name="Attendre Que Le DOM Soit Stable" owner="base_page">
<for flavor="IN RANGE">
<iter>
<kw name="Get Element Count" owner="SeleniumLibrary">
<msg time="2026-04-21T15:32:14.682794" level="INFO">${compte1} = 43</msg>
<var>${compte1}</var>
<arg>${locator_racine}</arg>
<doc>Returns the number of elements matching ``locator``.</doc>
<status status="PASS" start="2026-04-21T15:32:14.651300" elapsed="0.032496"/>
</kw>
<kw name="Sleep" owner="BuiltIn">
<msg time="2026-04-21T15:32:14.884997" level="INFO">Slept 200 milliseconds.</msg>
<arg>${intervalle}</arg>
<doc>Pauses the test executed for the given time.</doc>
<status status="PASS" start="2026-04-21T15:32:14.683796" elapsed="0.202201"/>
</kw>
<kw name="Get Element Count" owner="SeleniumLibrary">
<msg time="2026-04-21T15:32:14.898717" level="INFO">${compte2} = 43</msg>
<var>${compte2}</var>
<arg>${locator_racine}</arg>
<doc>Returns the number of elements matching ``locator``.</doc>
<status status="PASS" start="2026-04-21T15:32:14.885997" elapsed="0.012720"/>
</kw>
<if>
<branch type="IF" condition="${compte1} == ${compte2}">
<return>
<status status="PASS" start="2026-04-21T15:32:14.900716" elapsed="0.000000"/>
</return>
<status status="PASS" start="2026-04-21T15:32:14.899717" elapsed="0.002006"/>
</branch>
<status status="PASS" start="2026-04-21T15:32:14.899717" elapsed="0.002006"/>
</if>
<var name="${i}">0</var>
<status status="PASS" start="2026-04-21T15:32:14.650290" elapsed="0.251433"/>
</iter>
<var>${i}</var>
<value>${tentatives_max}</value>
<status status="PASS" start="2026-04-21T15:32:14.649289" elapsed="0.252434"/>
</for>
<kw name="Fail" owner="BuiltIn">
<arg>ERREUR: Le nombre d'éléments dans le DOM ne s'est pas stabilisé après ${tentatives_max} tentatives.</arg>
<doc>Fails the test with the given message and optionally alters its tags.</doc>
<status status="NOT RUN" start="2026-04-21T15:32:14.902720" elapsed="0.000000"/>
</kw>
<doc>Attend que le nombre total d'éléments dans le DOM ne change plus
entre deux intervalles, indiquant une stabilité structurelle.</doc>
<status status="PASS" start="2026-04-21T15:32:14.647287" elapsed="0.256429"/>
</kw>
<for flavor="IN RANGE">
<iter>
<try>
<branch type="TRY">
<kw name="Run Keyword" owner="BuiltIn">
<kw name="Wait Until Element Is Visible" owner="SeleniumLibrary">
<arg>@{args}</arg>
<doc>Waits until the element ``locator`` is visible.</doc>
<status status="PASS" start="2026-04-21T15:32:14.906718" elapsed="0.023784"/>
</kw>
<msg time="2026-04-21T15:32:14.931502" level="INFO">${result} = None</msg>
<var>${result}</var>
<arg>${mot_cle}</arg>
<arg>@{args}</arg>
<doc>Executes the given keyword with the given arguments.</doc>
<status status="PASS" start="2026-04-21T15:32:14.905715" elapsed="0.025787"/>
</kw>
<kw name="Log" owner="BuiltIn">
<msg time="2026-04-21T15:32:14.933503" level="INFO">Succès à la tentative 1 pour : Wait Until Element Is Visible ["xpath=//input[@id='password']"]</msg>
<arg>Succès à la tentative ${index + 1} pour : ${mot_cle} ${args}</arg>
<doc>Logs the given message with the given level.</doc>
<status status="PASS" start="2026-04-21T15:32:14.932502" elapsed="0.002002"/>
</kw>
<return>
<value>${result}</value>
<status status="PASS" start="2026-04-21T15:32:14.934504" elapsed="0.001002"/>
</return>
<status status="PASS" start="2026-04-21T15:32:14.905715" elapsed="0.029791"/>
</branch>
<branch type="EXCEPT" assign="${err}">
<kw name="Log To Console" owner="BuiltIn">
<arg>Échec tentative ${index + 1} pour : ${mot_cle} ${args}</arg>
<doc>Logs the given message to the console.</doc>
<status status="NOT RUN" start="2026-04-21T15:32:14.936503" elapsed="0.001001"/>
</kw>
<kw name="Log To Console" owner="BuiltIn">
<arg>Message d'exception : ${err}</arg>
<doc>Logs the given message to the console.</doc>
<status status="NOT RUN" start="2026-04-21T15:32:14.937504" elapsed="0.001002"/>
</kw>
<kw name="Sleep" owner="BuiltIn">
<arg>${attente}</arg>
<doc>Pauses the test executed for the given time.</doc>
<status status="NOT RUN" start="2026-04-21T15:32:14.938506" elapsed="0.000999"/>
</kw>
<status status="NOT RUN" start="2026-04-21T15:32:14.935506" elapsed="0.003999"/>
</branch>
<status status="PASS" start="2026-04-21T15:32:14.904716" elapsed="0.035787"/>
</try>
<var name="${index}">0</var>
<status status="PASS" start="2026-04-21T15:32:14.904716" elapsed="0.035787"/>
</iter>
<var>${index}</var>
<value>${tentatives_max}</value>
<status status="PASS" start="2026-04-21T15:32:14.903716" elapsed="0.036787"/>
</for>
<kw name="Fail" owner="BuiltIn">
<arg>Échec après ${tentatives_max} tentatives du mot-clé : ${mot_cle} ${args}. Dernière erreur: ${err}</arg>
<doc>Fails the test with the given message and optionally alters its tags.</doc>
<status status="NOT RUN" start="2026-04-21T15:32:14.941505" elapsed="0.000000"/>
</kw>
<arg>Wait Until Element Is Visible</arg>
<arg>${Passeword_Field}</arg>
<doc>Exécute un mot-clé avec rerejeu automatique en cas d'exception dans la limite d'un nombre de fois en paramètre ci-dessous.
Utile pour gérer les erreurs comme StaleElementReferenceException ou autres erreurs intermittentes.</doc>
<status status="PASS" start="2026-04-21T15:32:14.640271" elapsed="0.302781"/>
</kw>
<kw name="Input Text" owner="SeleniumLibrary">
<msg time="2026-04-21T15:32:14.943052" level="INFO">Typing text '244' into text field 'xpath=//input[@id='password']'.</msg>
<arg>${Passeword_Field}</arg>
<arg>${passeword}</arg>
<doc>Types the given ``text`` into the text field identified by ``locator``.</doc>
<status status="PASS" start="2026-04-21T15:32:14.943052" elapsed="0.041625"/>
</kw>
<arg>${Invalid_Password}</arg>
<status status="PASS" start="2026-04-21T15:32:14.639270" elapsed="0.345407"/>
</kw>
<kw name="Cliquer sur le bouton Login" owner="login_page">
<kw name="Strong" owner="base_page">
<kw name="Set Variable" owner="BuiltIn">
<msg time="2026-04-21T15:32:14.993689" level="INFO">${tentatives_max} = 15</msg>
<var>${tentatives_max}</var>
<arg>15</arg>
<doc>Returns the given values which can then be assigned to a variables.</doc>
<status status="PASS" start="2026-04-21T15:32:14.988672" elapsed="0.005442"/>
</kw>
<kw name="Set Variable" owner="BuiltIn">
<msg time="2026-04-21T15:32:14.996044" level="INFO">${attente} = 0.1s</msg>
<var>${attente}</var>
<arg>0.1s</arg>
<doc>Returns the given values which can then be assigned to a variables.</doc>
<status status="PASS" start="2026-04-21T15:32:14.995040" elapsed="0.001004"/>
</kw>
<kw name="Attendre Que Le DOM Soit Stable" owner="base_page">
<for flavor="IN RANGE">
<iter>
<kw name="Get Element Count" owner="SeleniumLibrary">
<msg time="2026-04-21T15:32:15.006275" level="INFO">${compte1} = 43</msg>
<var>${compte1}</var>
<arg>${locator_racine}</arg>
<doc>Returns the number of elements matching ``locator``.</doc>
<status status="PASS" start="2026-04-21T15:32:14.999343" elapsed="0.006932"/>
</kw>
<kw name="Sleep" owner="BuiltIn">
<msg time="2026-04-21T15:32:15.208131" level="INFO">Slept 200 milliseconds.</msg>
<arg>${intervalle}</arg>
<doc>Pauses the test executed for the given time.</doc>
<status status="PASS" start="2026-04-21T15:32:15.006275" elapsed="0.201856"/>
</kw>
<kw name="Get Element Count" owner="SeleniumLibrary">
<msg time="2026-04-21T15:32:15.216131" level="INFO">${compte2} = 43</msg>
<var>${compte2}</var>
<arg>${locator_racine}</arg>
<doc>Returns the number of elements matching ``locator``.</doc>
<status status="PASS" start="2026-04-21T15:32:15.209129" elapsed="0.007002"/>
</kw>
<if>
<branch type="IF" condition="${compte1} == ${compte2}">
<return>
<status status="PASS" start="2026-04-21T15:32:15.217131" elapsed="0.000000"/>
</return>
<status status="PASS" start="2026-04-21T15:32:15.217131" elapsed="0.000000"/>
</branch>
<status status="PASS" start="2026-04-21T15:32:15.217131" elapsed="0.001002"/>
</if>
<var name="${i}">0</var>
<status status="PASS" start="2026-04-21T15:32:14.999343" elapsed="0.218790"/>
</iter>
<var>${i}</var>
<value>${tentatives_max}</value>
<status status="PASS" start="2026-04-21T15:32:14.998341" elapsed="0.219792"/>
</for>
<kw name="Fail" owner="BuiltIn">
<arg>ERREUR: Le nombre d'éléments dans le DOM ne s'est pas stabilisé après ${tentatives_max} tentatives.</arg>
<doc>Fails the test with the given message and optionally alters its tags.</doc>
<status status="NOT RUN" start="2026-04-21T15:32:15.218133" elapsed="0.001003"/>
</kw>
<doc>Attend que le nombre total d'éléments dans le DOM ne change plus
entre deux intervalles, indiquant une stabilité structurelle.</doc>
<status status="PASS" start="2026-04-21T15:32:14.997045" elapsed="0.222091"/>
</kw>
<for flavor="IN RANGE">
<iter>
<try>
<branch type="TRY">
<kw name="Run Keyword" owner="BuiltIn">
<kw name="Wait Until Element Is Visible" owner="SeleniumLibrary">
<arg>@{args}</arg>
<doc>Waits until the element ``locator`` is visible.</doc>
<status status="PASS" start="2026-04-21T15:32:15.221129" elapsed="0.015004"/>
</kw>
<msg time="2026-04-21T15:32:15.236133" level="INFO">${result} = None</msg>
<var>${result}</var>
<arg>${mot_cle}</arg>
<arg>@{args}</arg>
<doc>Executes the given keyword with the given arguments.</doc>
<status status="PASS" start="2026-04-21T15:32:15.220133" elapsed="0.017005"/>
</kw>
<kw name="Log" owner="BuiltIn">
<msg time="2026-04-21T15:32:15.239133" level="INFO">Succès à la tentative 1 pour : Wait Until Element Is Visible ["xpath=//input[@id='login-button']"]</msg>
<arg>Succès à la tentative ${index + 1} pour : ${mot_cle} ${args}</arg>
<doc>Logs the given message with the given level.</doc>
<status status="PASS" start="2026-04-21T15:32:15.237138" elapsed="0.002995"/>
</kw>
<return>
<value>${result}</value>
<status status="PASS" start="2026-04-21T15:32:15.240133" elapsed="0.000000"/>
</return>
<status status="PASS" start="2026-04-21T15:32:15.220133" elapsed="0.021002"/>
</branch>
<branch type="EXCEPT" assign="${err}">
<kw name="Log To Console" owner="BuiltIn">
<arg>Échec tentative ${index + 1} pour : ${mot_cle} ${args}</arg>
<doc>Logs the given message to the console.</doc>
<status status="NOT RUN" start="2026-04-21T15:32:15.241135" elapsed="0.000999"/>
</kw>
<kw name="Log To Console" owner="BuiltIn">
<arg>Message d'exception : ${err}</arg>
<doc>Logs the given message to the console.</doc>
<status status="NOT RUN" start="2026-04-21T15:32:15.242134" elapsed="0.000000"/>
</kw>
<kw name="Sleep" owner="BuiltIn">
<arg>${attente}</arg>
<doc>Pauses the test executed for the given time.</doc>
<status status="NOT RUN" start="2026-04-21T15:32:15.243180" elapsed="0.001064"/>
</kw>
<status status="NOT RUN" start="2026-04-21T15:32:15.241135" elapsed="0.003109"/>
</branch>
<status status="PASS" start="2026-04-21T15:32:15.220133" elapsed="0.025112"/>
</try>
<var name="${index}">0</var>
<status status="PASS" start="2026-04-21T15:32:15.220133" elapsed="0.025112"/>
</iter>
<var>${index}</var>
<value>${tentatives_max}</value>
<status status="PASS" start="2026-04-21T15:32:15.219136" elapsed="0.026109"/>
</for>
<kw name="Fail" owner="BuiltIn">
<arg>Échec après ${tentatives_max} tentatives du mot-clé : ${mot_cle} ${args}. Dernière erreur: ${err}</arg>
<doc>Fails the test with the given message and optionally alters its tags.</doc>
<status status="NOT RUN" start="2026-04-21T15:32:15.246248" elapsed="0.000267"/>
</kw>
<arg>Wait Until Element Is Visible</arg>
<arg>${Btn_Login}</arg>
<doc>Exécute un mot-clé avec rerejeu automatique en cas d'exception dans la limite d'un nombre de fois en paramètre ci-dessous.
Utile pour gérer les erreurs comme StaleElementReferenceException ou autres erreurs intermittentes.</doc>
<status status="PASS" start="2026-04-21T15:32:14.987674" elapsed="0.258841"/>
</kw>
<kw name="Strong" owner="base_page">
<kw name="Set Variable" owner="BuiltIn">
<msg time="2026-04-21T15:32:15.248521" level="INFO">${tentatives_max} = 15</msg>
<var>${tentatives_max}</var>
<arg>15</arg>
<doc>Returns the given values which can then be assigned to a variables.</doc>
<status status="PASS" start="2026-04-21T15:32:15.247522" elapsed="0.000999"/>
</kw>
<kw name="Set Variable" owner="BuiltIn">
<msg time="2026-04-21T15:32:15.249516" level="INFO">${attente} = 0.1s</msg>
<var>${attente}</var>
<arg>0.1s</arg>
<doc>Returns the given values which can then be assigned to a variables.</doc>
<status status="PASS" start="2026-04-21T15:32:15.248521" elapsed="0.001996"/>
</kw>
<kw name="Attendre Que Le DOM Soit Stable" owner="base_page">
<for flavor="IN RANGE">
<iter>
<kw name="Get Element Count" owner="SeleniumLibrary">
<msg time="2026-04-21T15:32:15.259298" level="INFO">${compte1} = 43</msg>
<var>${compte1}</var>
<arg>${locator_racine}</arg>
<doc>Returns the number of elements matching ``locator``.</doc>
<status status="PASS" start="2026-04-21T15:32:15.252523" elapsed="0.007743"/>
</kw>
<kw name="Sleep" owner="BuiltIn">
<msg time="2026-04-21T15:32:15.462420" level="INFO">Slept 200 milliseconds.</msg>
<arg>${intervalle}</arg>
<doc>Pauses the test executed for the given time.</doc>
<status status="PASS" start="2026-04-21T15:32:15.261271" elapsed="0.201149"/>
</kw>
<kw name="Get Element Count" owner="SeleniumLibrary">
<msg time="2026-04-21T15:32:15.470420" level="INFO">${compte2} = 43</msg>
<var>${compte2}</var>
<arg>${locator_racine}</arg>
<doc>Returns the number of elements matching ``locator``.</doc>
<status status="PASS" start="2026-04-21T15:32:15.463421" elapsed="0.006999"/>
</kw>
<if>
<branch type="IF" condition="${compte1} == ${compte2}">
<return>
<status status="PASS" start="2026-04-21T15:32:15.471422" elapsed="0.001001"/>
</return>
<status status="PASS" start="2026-04-21T15:32:15.470420" elapsed="0.002003"/>
</branch>
<status status="PASS" start="2026-04-21T15:32:15.470420" elapsed="0.002003"/>
</if>
<var name="${i}">0</var>
<status status="PASS" start="2026-04-21T15:32:15.252523" elapsed="0.219900"/>
</iter>
<var>${i}</var>
<value>${tentatives_max}</value>
<status status="PASS" start="2026-04-21T15:32:15.251523" elapsed="0.220900"/>
</for>
<kw name="Fail" owner="BuiltIn">
<arg>ERREUR: Le nombre d'éléments dans le DOM ne s'est pas stabilisé après ${tentatives_max} tentatives.</arg>
<doc>Fails the test with the given message and optionally alters its tags.</doc>
<status status="NOT RUN" start="2026-04-21T15:32:15.473422" elapsed="0.000000"/>
</kw>
<doc>Attend que le nombre total d'éléments dans le DOM ne change plus
entre deux intervalles, indiquant une stabilité structurelle.</doc>
<status status="PASS" start="2026-04-21T15:32:15.250517" elapsed="0.222905"/>
</kw>
<for flavor="IN RANGE">
<iter>
<try>
<branch type="TRY">
<kw name="Run Keyword" owner="BuiltIn">
<kw name="Click Button" owner="SeleniumLibrary">
<msg time="2026-04-21T15:32:15.477422" level="INFO">Clicking button 'xpath=//input[@id='login-button']'.</msg>
<arg>@{args}</arg>
<doc>Clicks the button identified by ``locator``.</doc>
<status status="PASS" start="2026-04-21T15:32:15.476421" elapsed="0.137439"/>
</kw>
<msg time="2026-04-21T15:32:15.613860" level="INFO">${result} = None</msg>
<var>${result}</var>
<arg>${mot_cle}</arg>
<arg>@{args}</arg>
<doc>Executes the given keyword with the given arguments.</doc>
<status status="PASS" start="2026-04-21T15:32:15.475420" elapsed="0.138440"/>
</kw>
<kw name="Log" owner="BuiltIn">
<msg time="2026-04-21T15:32:15.614860" level="INFO">Succès à la tentative 1 pour : Click Button ["xpath=//input[@id='login-button']"]</msg>
<arg>Succès à la tentative ${index + 1} pour : ${mot_cle} ${args}</arg>
<doc>Logs the given message with the given level.</doc>
<status status="PASS" start="2026-04-21T15:32:15.614860" elapsed="0.001011"/>
</kw>
<return>
<value>${result}</value>
<status status="PASS" start="2026-04-21T15:32:15.615871" elapsed="0.000993"/>
</return>
<status status="PASS" start="2026-04-21T15:32:15.475420" elapsed="0.141444"/>
</branch>
<branch type="EXCEPT" assign="${err}">
<kw name="Log To Console" owner="BuiltIn">
<arg>Échec tentative ${index + 1} pour : ${mot_cle} ${args}</arg>
<doc>Logs the given message to the console.</doc>
<status status="NOT RUN" start="2026-04-21T15:32:15.617862" elapsed="0.000000"/>
</kw>
<kw name="Log To Console" owner="BuiltIn">
<arg>Message d'exception : ${err}</arg>
<doc>Logs the given message to the console.</doc>
<status status="NOT RUN" start="2026-04-21T15:32:15.617862" elapsed="0.001005"/>
</kw>
<kw name="Sleep" owner="BuiltIn">
<arg>${attente}</arg>
<doc>Pauses the test executed for the given time.</doc>
<status status="NOT RUN" start="2026-04-21T15:32:15.618867" elapsed="0.000000"/>
</kw>
<status status="NOT RUN" start="2026-04-21T15:32:15.616864" elapsed="0.002003"/>
</branch>
<status status="PASS" start="2026-04-21T15:32:15.474423" elapsed="0.145440"/>
</try>
<var name="${index}">0</var>
<status status="PASS" start="2026-04-21T15:32:15.474423" elapsed="0.145440"/>
</iter>
<var>${index}</var>
<value>${tentatives_max}</value>
<status status="PASS" start="2026-04-21T15:32:15.474423" elapsed="0.145440"/>
</for>
<kw name="Fail" owner="BuiltIn">
<arg>Échec après ${tentatives_max} tentatives du mot-clé : ${mot_cle} ${args}. Dernière erreur: ${err}</arg>
<doc>Fails the test with the given message and optionally alters its tags.</doc>
<status status="NOT RUN" start="2026-04-21T15:32:15.619863" elapsed="0.000000"/>
</kw>
<arg>Click Button</arg>
<arg>${Btn_Login}</arg>
<doc>Exécute un mot-clé avec rerejeu automatique en cas d'exception dans la limite d'un nombre de fois en paramètre ci-dessous.
Utile pour gérer les erreurs comme StaleElementReferenceException ou autres erreurs intermittentes.</doc>
<status status="PASS" start="2026-04-21T15:32:15.247522" elapsed="0.372341"/>
</kw>
<status status="PASS" start="2026-04-21T15:32:14.986680" elapsed="0.634179"/>
</kw>
<kw name="Strong" owner="base_page">
<kw name="Set Variable" owner="BuiltIn">
<msg time="2026-04-21T15:32:15.623863" level="INFO">${tentatives_max} = 15</msg>
<var>${tentatives_max}</var>
<arg>15</arg>
<doc>Returns the given values which can then be assigned to a variables.</doc>
<status status="PASS" start="2026-04-21T15:32:15.622864" elapsed="0.000999"/>
</kw>
<kw name="Set Variable" owner="BuiltIn">
<msg time="2026-04-21T15:32:15.625867" level="INFO">${attente} = 0.1s</msg>
<var>${attente}</var>
<arg>0.1s</arg>
<doc>Returns the given values which can then be assigned to a variables.</doc>
<status status="PASS" start="2026-04-21T15:32:15.624868" elapsed="0.001998"/>
</kw>
<kw name="Attendre Que Le DOM Soit Stable" owner="base_page">
<for flavor="IN RANGE">
<iter>
<kw name="Get Element Count" owner="SeleniumLibrary">
<msg time="2026-04-21T15:32:15.640863" level="INFO">${compte1} = 52</msg>
<var>${compte1}</var>
<arg>${locator_racine}</arg>
<doc>Returns the number of elements matching ``locator``.</doc>
<status status="PASS" start="2026-04-21T15:32:15.630863" elapsed="0.011002"/>
</kw>
<kw name="Sleep" owner="BuiltIn">
<msg time="2026-04-21T15:32:15.843355" level="INFO">Slept 200 milliseconds.</msg>
<arg>${intervalle}</arg>
<doc>Pauses the test executed for the given time.</doc>
<status status="PASS" start="2026-04-21T15:32:15.641865" elapsed="0.201588"/>
</kw>
<kw name="Get Element Count" owner="SeleniumLibrary">
<msg time="2026-04-21T15:32:15.851139" level="INFO">${compte2} = 52</msg>
<var>${compte2}</var>
<arg>${locator_racine}</arg>
<doc>Returns the number of elements matching ``locator``.</doc>
<status status="PASS" start="2026-04-21T15:32:15.844461" elapsed="0.007751"/>
</kw>
<if>
<branch type="IF" condition="${compte1} == ${compte2}">
<return>
<status status="PASS" start="2026-04-21T15:32:15.853173" elapsed="0.000000"/>
</return>
<status status="PASS" start="2026-04-21T15:32:15.852212" elapsed="0.000961"/>
</branch>
<status status="PASS" start="2026-04-21T15:32:15.852212" elapsed="0.000961"/>
</if>
<var name="${i}">0</var>
<status status="PASS" start="2026-04-21T15:32:15.629866" elapsed="0.223307"/>
</iter>
<var>${i}</var>
<value>${tentatives_max}</value>
<status status="PASS" start="2026-04-21T15:32:15.628865" elapsed="0.225349"/>
</for>
<kw name="Fail" owner="BuiltIn">
<arg>ERREUR: Le nombre d'éléments dans le DOM ne s'est pas stabilisé après ${tentatives_max} tentatives.</arg>
<doc>Fails the test with the given message and optionally alters its tags.</doc>
<status status="NOT RUN" start="2026-04-21T15:32:15.854214" elapsed="0.000000"/>
</kw>
<doc>Attend que le nombre total d'éléments dans le DOM ne change plus
entre deux intervalles, indiquant une stabilité structurelle.</doc>
<status status="PASS" start="2026-04-21T15:32:15.627867" elapsed="0.227311"/>
</kw>
<for flavor="IN RANGE">
<iter>
<try>
<branch type="TRY">
<kw name="Run Keyword" owner="BuiltIn">
<kw name="Page Should Not Contain" owner="SeleniumLibrary">
<msg time="2026-04-21T15:32:15.871198" level="INFO">Current page does not contain text 'Produits'.</msg>
<arg>@{args}</arg>
<doc>Verifies the current page does not contain ``text``.</doc>
<status status="PASS" start="2026-04-21T15:32:15.857214" elapsed="0.014986"/>
</kw>
<msg time="2026-04-21T15:32:15.872200" level="INFO">${result} = None</msg>
<var>${result}</var>
<arg>${mot_cle}</arg>
<arg>@{args}</arg>
<doc>Executes the given keyword with the given arguments.</doc>
<status status="PASS" start="2026-04-21T15:32:15.856212" elapsed="0.015988"/>
</kw>
<kw name="Log" owner="BuiltIn">
<msg time="2026-04-21T15:32:15.874202" level="INFO">Succès à la tentative 1 pour : Page Should Not Contain ['Produits']</msg>
<arg>Succès à la tentative ${index + 1} pour : ${mot_cle} ${args}</arg>
<doc>Logs the given message with the given level.</doc>
<status status="PASS" start="2026-04-21T15:32:15.873208" elapsed="0.001999"/>
</kw>
<return>
<value>${result}</value>
<status status="PASS" start="2026-04-21T15:32:15.875207" elapsed="0.000000"/>
</return>
<status status="PASS" start="2026-04-21T15:32:15.856212" elapsed="0.019990"/>
</branch>
<branch type="EXCEPT" assign="${err}">
<kw name="Log To Console" owner="BuiltIn">
<arg>Échec tentative ${index + 1} pour : ${mot_cle} ${args}</arg>
<doc>Logs the given message to the console.</doc>
<status status="NOT RUN" start="2026-04-21T15:32:15.877107" elapsed="0.001005"/>
</kw>
<kw name="Log To Console" owner="BuiltIn">
<arg>Message d'exception : ${err}</arg>
<doc>Logs the given message to the console.</doc>
<status status="NOT RUN" start="2026-04-21T15:32:15.878112" elapsed="0.001002"/>
</kw>
<kw name="Sleep" owner="BuiltIn">
<arg>${attente}</arg>
<doc>Pauses the test executed for the given time.</doc>
<status status="NOT RUN" start="2026-04-21T15:32:15.879114" elapsed="0.000000"/>
</kw>
<status status="NOT RUN" start="2026-04-21T15:32:15.876590" elapsed="0.002524"/>
</branch>
<status status="PASS" start="2026-04-21T15:32:15.856212" elapsed="0.023904"/>
</try>
<var name="${index}">0</var>
<status status="PASS" start="2026-04-21T15:32:15.856212" elapsed="0.023904"/>
</iter>
<var>${index}</var>
<value>${tentatives_max}</value>
<status status="PASS" start="2026-04-21T15:32:15.855178" elapsed="0.024938"/>
</for>
<kw name="Fail" owner="BuiltIn">
<arg>Échec après ${tentatives_max} tentatives du mot-clé : ${mot_cle} ${args}. Dernière erreur: ${err}</arg>
<doc>Fails the test with the given message and optionally alters its tags.</doc>
<status status="NOT RUN" start="2026-04-21T15:32:15.880116" elapsed="0.000000"/>
</kw>
<arg>Page Should Not Contain</arg>
<arg>Produits</arg>
<doc>Exécute un mot-clé avec rerejeu automatique en cas d'exception dans la limite d'un nombre de fois en paramètre ci-dessous.
Utile pour gérer les erreurs comme StaleElementReferenceException ou autres erreurs intermittentes.</doc>
<status status="PASS" start="2026-04-21T15:32:15.620859" elapsed="0.260257"/>
</kw>
<kw name="Capture Page Screenshot" owner="SeleniumLibrary">
<msg time="2026-04-21T15:32:15.921386" level="INFO" html="true">&lt;/td&gt;&lt;/tr&gt;&lt;tr&gt;&lt;td colspan="3"&gt;&lt;a href="selenium-screenshot-7.png"&gt;&lt;img src="selenium-screenshot-7.png" width="800px"&gt;&lt;/a&gt;</msg>
<doc>Takes a screenshot of the current page and embeds it into a log file.</doc>
<status status="PASS" start="2026-04-21T15:32:15.881496" elapsed="0.039890"/>
</kw>
<kw name="Fermer tout les navigateurs" owner="base_page" type="TEARDOWN">
<kw name="Close All Browsers" owner="SeleniumLibrary">
<doc>Closes all open browsers and resets the browser cache.</doc>
<status status="PASS" start="2026-04-21T15:32:15.928580" elapsed="3.652470"/>
</kw>
<status status="PASS" start="2026-04-21T15:32:15.927382" elapsed="3.654663"/>
</kw>
<doc>ce cas de test permet de vérifier qu'on ne peut pas se connecter au site par
un username et mot de passe invalides</doc>
<tag>login</tag>
<status status="PASS" start="2026-04-21T15:32:05.391807" elapsed="14.190623"/>
</test>
<status status="PASS" start="2026-04-21T15:31:50.029020" elapsed="29.560440"/>
</suite>
<status status="PASS" start="2026-04-21T15:31:50.026439" elapsed="29.580840"/>
</suite>
<status status="PASS" start="2026-04-21T15:31:49.943418" elapsed="29.675738"/>
</suite>
<statistics>
<total>
<stat pass="2" fail="0" skip="0">All Tests</stat>
</total>
<tag>
<stat pass="2" fail="0" skip="0">login</stat>
</tag>
<suite>
<stat name="Rob1" id="s1" pass="2" fail="0" skip="0">Rob1</stat>
<stat name="Tests" id="s1-s1" pass="2" fail="0" skip="0">Rob1.Tests</stat>
<stat name="Login test" id="s1-s1-s1" pass="2" fail="0" skip="0">Rob1.Tests.Login test</stat>
</suite>
</statistics>
<errors>
</errors>
</robot>
