<?xml version="1.0" encoding="UTF-8"?>
<robot generator="Robot 7.3.2 (Python 3.12.1 on win32)" generated="2026-04-21T15:16:14.792463" rpa="false" schemaversion="5">
<suite id="s1" name="Rob1" source="C:\Users\DELL\Desktop\rob1">
<suite id="s1-s1" name="Tests" source="C:\Users\DELL\Desktop\rob1\tests">
<suite id="s1-s1-s1" name="Login test" source="C:\Users\DELL\Desktop\rob1\tests\Login_test.robot">
<test id="s1-s1-s1-t1" name="Login avec valid cridentiels" line="18">
<kw name="Se connecter au site" owner="base_page" type="SETUP">
<kw name="Run Keyword If" owner="BuiltIn">
<kw name="Open Browser" owner="SeleniumLibrary">
<msg time="2026-04-21T15:16:15.252216" level="INFO">Opening browser 'firefox' to base url 'https://www.saucedemo.com/'.</msg>
<arg>${BASE_URL}</arg>
<arg>firefox</arg>
<doc>Opens a new browser instance to the optional ``url``.</doc>
<status status="PASS" start="2026-04-21T15:16:15.252216" elapsed="9.057942"/>
</kw>
<arg>'${BROWSER}' == 'chrome'</arg>
<arg>Open Browser</arg>
<arg>${BASE_URL}</arg>
<arg>chrome</arg>
<arg>ELSE IF</arg>
<arg>'${BROWSER}' == 'firefox'</arg>
<arg>Open Browser</arg>
<arg>${BASE_URL}</arg>
<arg>firefox</arg>
<arg>ELSE IF</arg>
<arg>'${BROWSER}' == 'edge'</arg>
<arg>Open Browser</arg>
<arg>${BASE_URL}</arg>
<arg>edge</arg>
<arg>ELSE</arg>
<arg>Fail</arg>
<arg>Navigateur non supporté : ${BROWSER}</arg>
<doc>Runs the given keyword with the given arguments, if ``condition`` is true.</doc>
<status status="PASS" start="2026-04-21T15:16:15.252216" elapsed="9.057942"/>
</kw>
<kw name="Maximize Browser Window" owner="SeleniumLibrary">
<doc>Maximizes current browser window.</doc>
<status status="PASS" start="2026-04-21T15:16:24.325798" elapsed="0.046876"/>
</kw>
<kw name="Set Selenium Timeout" owner="SeleniumLibrary">
<arg>${SELENIUM_TIMEOUT}</arg>
<doc>Sets the timeout that is used by various keywords.</doc>
<status status="PASS" start="2026-04-21T15:16:24.372674" elapsed="0.037764"/>
</kw>
<doc>Ouvre Amazon dans Chrome, Firefox ou Edge</doc>
<status status="PASS" start="2026-04-21T15:16:15.252216" elapsed="9.158222"/>
</kw>
<kw name="Saisir username" owner="login_page">
<kw name="Strong" owner="base_page">
<kw name="Set Variable" owner="BuiltIn">
<msg time="2026-04-21T15:16:24.410438" level="INFO">${tentatives_max} = 15</msg>
<var>${tentatives_max}</var>
<arg>15</arg>
<doc>Returns the given values which can then be assigned to a variables.</doc>
<status status="PASS" start="2026-04-21T15:16:24.410438" elapsed="0.000000"/>
</kw>
<kw name="Set Variable" owner="BuiltIn">
<msg time="2026-04-21T15:16:24.410438" level="INFO">${attente} = 0.1s</msg>
<var>${attente}</var>
<arg>0.1s</arg>
<doc>Returns the given values which can then be assigned to a variables.</doc>
<status status="PASS" start="2026-04-21T15:16:24.410438" elapsed="0.000000"/>
</kw>
<kw name="Attendre Que Le DOM Soit Stable" owner="base_page">
<for flavor="IN RANGE">
<iter>
<kw name="Get Element Count" owner="SeleniumLibrary">
<msg time="2026-04-21T15:16:24.510737" level="INFO">${compte1} = 43</msg>
<var>${compte1}</var>
<arg>${locator_racine}</arg>
<doc>Returns the number of elements matching ``locator``.</doc>
<status status="PASS" start="2026-04-21T15:16:24.426081" elapsed="0.084656"/>
</kw>
<kw name="Sleep" owner="BuiltIn">
<msg time="2026-04-21T15:16:24.726681" level="INFO">Slept 200 milliseconds.</msg>
<arg>${intervalle}</arg>
<doc>Pauses the test executed for the given time.</doc>
<status status="PASS" start="2026-04-21T15:16:24.510737" elapsed="0.215944"/>
</kw>
<kw name="Get Element Count" owner="SeleniumLibrary">
<msg time="2026-04-21T15:16:24.773574" level="INFO">${compte2} = 43</msg>
<var>${compte2}</var>
<arg>${locator_racine}</arg>
<doc>Returns the number of elements matching ``locator``.</doc>
<status status="PASS" start="2026-04-21T15:16:24.726681" elapsed="0.046893"/>
</kw>
<if>
<branch type="IF" condition="${compte1} == ${compte2}">
<return>
<status status="PASS" start="2026-04-21T15:16:24.773574" elapsed="0.000000"/>
</return>
<status status="PASS" start="2026-04-21T15:16:24.773574" elapsed="0.000000"/>
</branch>
<status status="PASS" start="2026-04-21T15:16:24.773574" elapsed="0.000000"/>
</if>
<var name="${i}">0</var>
<status status="PASS" start="2026-04-21T15:16:24.410438" elapsed="0.363136"/>
</iter>
<var>${i}</var>
<value>${tentatives_max}</value>
<status status="PASS" start="2026-04-21T15:16:24.410438" elapsed="0.363136"/>
</for>
<kw name="Fail" owner="BuiltIn">
<arg>ERREUR: Le nombre d'éléments dans le DOM ne s'est pas stabilisé après ${tentatives_max} tentatives.</arg>
<doc>Fails the test with the given message and optionally alters its tags.</doc>
<status status="NOT RUN" start="2026-04-21T15:16:24.773574" elapsed="0.000000"/>
</kw>
<doc>Attend que le nombre total d'éléments dans le DOM ne change plus
entre deux intervalles, indiquant une stabilité structurelle.</doc>
<status status="PASS" start="2026-04-21T15:16:24.410438" elapsed="0.363136"/>
</kw>
<for flavor="IN RANGE">
<iter>
<try>
<branch type="TRY">
<kw name="Run Keyword" owner="BuiltIn">
<kw name="Wait Until Element Is Visible" owner="SeleniumLibrary">
<arg>@{args}</arg>
<doc>Waits until the element ``locator`` is visible.</doc>
<status status="PASS" start="2026-04-21T15:16:24.789198" elapsed="0.022144"/>
</kw>
<msg time="2026-04-21T15:16:24.811342" level="INFO">${result} = None</msg>
<var>${result}</var>
<arg>${mot_cle}</arg>
<arg>@{args}</arg>
<doc>Executes the given keyword with the given arguments.</doc>
<status status="PASS" start="2026-04-21T15:16:24.789198" elapsed="0.022144"/>
</kw>
<kw name="Log" owner="BuiltIn">
<msg time="2026-04-21T15:16:24.811342" level="INFO">Succès à la tentative 1 pour : Wait Until Element Is Visible ["xpath=//input[@id='user-name']"]</msg>
<arg>Succès à la tentative ${index + 1} pour : ${mot_cle} ${args}</arg>
<doc>Logs the given message with the given level.</doc>
<status status="PASS" start="2026-04-21T15:16:24.811342" elapsed="0.015641"/>
</kw>
<return>
<value>${result}</value>
<status status="PASS" start="2026-04-21T15:16:24.826983" elapsed="0.000000"/>
</return>
<status status="PASS" start="2026-04-21T15:16:24.789198" elapsed="0.037785"/>
</branch>
<branch type="EXCEPT" assign="${err}">
<kw name="Log To Console" owner="BuiltIn">
<arg>Échec tentative ${index + 1} pour : ${mot_cle} ${args}</arg>
<doc>Logs the given message to the console.</doc>
<status status="NOT RUN" start="2026-04-21T15:16:24.826983" elapsed="0.000000"/>
</kw>
<kw name="Log To Console" owner="BuiltIn">
<arg>Message d'exception : ${err}</arg>
<doc>Logs the given message to the console.</doc>
<status status="NOT RUN" start="2026-04-21T15:16:24.826983" elapsed="0.000000"/>
</kw>
<kw name="Sleep" owner="BuiltIn">
<arg>${attente}</arg>
<doc>Pauses the test executed for the given time.</doc>
<status status="NOT RUN" start="2026-04-21T15:16:24.826983" elapsed="0.000000"/>
</kw>
<status status="NOT RUN" start="2026-04-21T15:16:24.826983" elapsed="0.000000"/>
</branch>
<status status="PASS" start="2026-04-21T15:16:24.789198" elapsed="0.037785"/>
</try>
<var name="${index}">0</var>
<status status="PASS" start="2026-04-21T15:16:24.789198" elapsed="0.037785"/>
</iter>
<var>${index}</var>
<value>${tentatives_max}</value>
<status status="PASS" start="2026-04-21T15:16:24.773574" elapsed="0.053409"/>
</for>
<kw name="Fail" owner="BuiltIn">
<arg>Échec après ${tentatives_max} tentatives du mot-clé : ${mot_cle} ${args}. Dernière erreur: ${err}</arg>
<doc>Fails the test with the given message and optionally alters its tags.</doc>
<status status="NOT RUN" start="2026-04-21T15:16:24.826983" elapsed="0.000000"/>
</kw>
<arg>Wait Until Element Is Visible</arg>
<arg>${Username_Field}</arg>
<doc>Exécute un mot-clé avec rerejeu automatique en cas d'exception dans la limite d'un nombre de fois en paramètre ci-dessous.
Utile pour gérer les erreurs comme StaleElementReferenceException ou autres erreurs intermittentes.</doc>
<status status="PASS" start="2026-04-21T15:16:24.410438" elapsed="0.416545"/>
</kw>
<kw name="Input Text" owner="SeleniumLibrary">
<msg time="2026-04-21T15:16:24.826983" level="INFO">Typing text 'standard_user' into text field 'xpath=//input[@id='user-name']'.</msg>
<arg>${Username_Field}</arg>
<arg>${username}</arg>
<doc>Types the given ``text`` into the text field identified by ``locator``.</doc>
<status status="PASS" start="2026-04-21T15:16:24.826983" elapsed="0.078123"/>
</kw>
<arg>${Valid_Username}</arg>
<status status="PASS" start="2026-04-21T15:16:24.410438" elapsed="0.494668"/>
</kw>
<kw name="Saisir mode de passe" owner="login_page">
<kw name="Strong" owner="base_page">
<kw name="Set Variable" owner="BuiltIn">
<msg time="2026-04-21T15:16:24.911627" level="INFO">${tentatives_max} = 15</msg>
<var>${tentatives_max}</var>
<arg>15</arg>
<doc>Returns the given values which can then be assigned to a variables.</doc>
<status status="PASS" start="2026-04-21T15:16:24.911627" elapsed="0.000000"/>
</kw>
<kw name="Set Variable" owner="BuiltIn">
<msg time="2026-04-21T15:16:24.911627" level="INFO">${attente} = 0.1s</msg>
<var>${attente}</var>
<arg>0.1s</arg>
<doc>Returns the given values which can then be assigned to a variables.</doc>
<status status="PASS" start="2026-04-21T15:16:24.911627" elapsed="0.000000"/>
</kw>
<kw name="Attendre Que Le DOM Soit Stable" owner="base_page">
<for flavor="IN RANGE">
<iter>
<kw name="Get Element Count" owner="SeleniumLibrary">
<msg time="2026-04-21T15:16:24.911627" level="INFO">${compte1} = 43</msg>
<var>${compte1}</var>
<arg>${locator_racine}</arg>
<doc>Returns the number of elements matching ``locator``.</doc>
<status status="PASS" start="2026-04-21T15:16:24.911627" elapsed="0.000000"/>
</kw>
<kw name="Sleep" owner="BuiltIn">
<msg time="2026-04-21T15:16:25.112089" level="INFO">Slept 200 milliseconds.</msg>
<arg>${intervalle}</arg>
<doc>Pauses the test executed for the given time.</doc>
<status status="PASS" start="2026-04-21T15:16:24.911627" elapsed="0.200462"/>
</kw>
<kw name="Get Element Count" owner="SeleniumLibrary">
<msg time="2026-04-21T15:16:25.112089" level="INFO">${compte2} = 43</msg>
<var>${compte2}</var>
<arg>${locator_racine}</arg>
<doc>Returns the number of elements matching ``locator``.</doc>
<status status="PASS" start="2026-04-21T15:16:25.112089" elapsed="0.000000"/>
</kw>
<if>
<branch type="IF" condition="${compte1} == ${compte2}">
<return>
<status status="PASS" start="2026-04-21T15:16:25.127733" elapsed="0.000000"/>
</return>
<status status="PASS" start="2026-04-21T15:16:25.112089" elapsed="0.015644"/>
</branch>
<status status="PASS" start="2026-04-21T15:16:25.112089" elapsed="0.015644"/>
</if>
<var name="${i}">0</var>
<status status="PASS" start="2026-04-21T15:16:24.911627" elapsed="0.216106"/>
</iter>
<var>${i}</var>
<value>${tentatives_max}</value>
<status status="PASS" start="2026-04-21T15:16:24.911627" elapsed="0.216106"/>
</for>
<kw name="Fail" owner="BuiltIn">
<arg>ERREUR: Le nombre d'éléments dans le DOM ne s'est pas stabilisé après ${tentatives_max} tentatives.</arg>
<doc>Fails the test with the given message and optionally alters its tags.</doc>
<status status="NOT RUN" start="2026-04-21T15:16:25.127733" elapsed="0.000000"/>
</kw>
<doc>Attend que le nombre total d'éléments dans le DOM ne change plus
entre deux intervalles, indiquant une stabilité structurelle.</doc>
<status status="PASS" start="2026-04-21T15:16:24.911627" elapsed="0.216106"/>
</kw>
<for flavor="IN RANGE">
<iter>
<try>
<branch type="TRY">
<kw name="Run Keyword" owner="BuiltIn">
<kw name="Wait Until Element Is Visible" owner="SeleniumLibrary">
<arg>@{args}</arg>
<doc>Waits until the element ``locator`` is visible.</doc>
<status status="PASS" start="2026-04-21T15:16:25.127733" elapsed="0.046873"/>
</kw>
<msg time="2026-04-21T15:16:25.174606" level="INFO">${result} = None</msg>
<var>${result}</var>
<arg>${mot_cle}</arg>
<arg>@{args}</arg>
<doc>Executes the given keyword with the given arguments.</doc>
<status status="PASS" start="2026-04-21T15:16:25.127733" elapsed="0.046873"/>
</kw>
<kw name="Log" owner="BuiltIn">
<msg time="2026-04-21T15:16:25.190234" level="INFO">Succès à la tentative 1 pour : Wait Until Element Is Visible ["xpath=//input[@id='password']"]</msg>
<arg>Succès à la tentative ${index + 1} pour : ${mot_cle} ${args}</arg>
<doc>Logs the given message with the given level.</doc>
<status status="PASS" start="2026-04-21T15:16:25.174606" elapsed="0.015628"/>
</kw>
<return>
<value>${result}</value>
<status status="PASS" start="2026-04-21T15:16:25.190234" elapsed="0.000000"/>
</return>
<status status="PASS" start="2026-04-21T15:16:25.127733" elapsed="0.062501"/>
</branch>
<branch type="EXCEPT" assign="${err}">
<kw name="Log To Console" owner="BuiltIn">
<arg>Échec tentative ${index + 1} pour : ${mot_cle} ${args}</arg>
<doc>Logs the given message to the console.</doc>
<status status="NOT RUN" start="2026-04-21T15:16:25.190234" elapsed="0.000000"/>
</kw>
<kw name="Log To Console" owner="BuiltIn">
<arg>Message d'exception : ${err}</arg>
<doc>Logs the given message to the console.</doc>
<status status="NOT RUN" start="2026-04-21T15:16:25.190234" elapsed="0.000000"/>
</kw>
<kw name="Sleep" owner="BuiltIn">
<arg>${attente}</arg>
<doc>Pauses the test executed for the given time.</doc>
<status status="NOT RUN" start="2026-04-21T15:16:25.190234" elapsed="0.000000"/>
</kw>
<status status="NOT RUN" start="2026-04-21T15:16:25.190234" elapsed="0.000000"/>
</branch>
<status status="PASS" start="2026-04-21T15:16:25.127733" elapsed="0.062501"/>
</try>
<var name="${index}">0</var>
<status status="PASS" start="2026-04-21T15:16:25.127733" elapsed="0.062501"/>
</iter>
<var>${index}</var>
<value>${tentatives_max}</value>
<status status="PASS" start="2026-04-21T15:16:25.127733" elapsed="0.062501"/>
</for>
<kw name="Fail" owner="BuiltIn">
<arg>Échec après ${tentatives_max} tentatives du mot-clé : ${mot_cle} ${args}. Dernière erreur: ${err}</arg>
<doc>Fails the test with the given message and optionally alters its tags.</doc>
<status status="NOT RUN" start="2026-04-21T15:16:25.190234" elapsed="0.000000"/>
</kw>
<arg>Wait Until Element Is Visible</arg>
<arg>${Passeword_Field}</arg>
<doc>Exécute un mot-clé avec rerejeu automatique en cas d'exception dans la limite d'un nombre de fois en paramètre ci-dessous.
Utile pour gérer les erreurs comme StaleElementReferenceException ou autres erreurs intermittentes.</doc>
<status status="PASS" start="2026-04-21T15:16:24.905106" elapsed="0.285128"/>
</kw>
<kw name="Input Text" owner="SeleniumLibrary">
<msg time="2026-04-21T15:16:25.190234" level="INFO">Typing text 'secret_sauce' into text field 'xpath=//input[@id='password']'.</msg>
<arg>${Passeword_Field}</arg>
<arg>${passeword}</arg>
<doc>Types the given ``text`` into the text field identified by ``locator``.</doc>
<status status="PASS" start="2026-04-21T15:16:25.190234" elapsed="0.037808"/>
</kw>
<arg>${Valid_Password}</arg>
<status status="PASS" start="2026-04-21T15:16:24.905106" elapsed="0.322936"/>
</kw>
<kw name="Cliquer sur le bouton Login" owner="login_page">
<kw name="Strong" owner="base_page">
<kw name="Set Variable" owner="BuiltIn">
<msg time="2026-04-21T15:16:25.228042" level="INFO">${tentatives_max} = 15</msg>
<var>${tentatives_max}</var>
<arg>15</arg>
<doc>Returns the given values which can then be assigned to a variables.</doc>
<status status="PASS" start="2026-04-21T15:16:25.228042" elapsed="0.000000"/>
</kw>
<kw name="Set Variable" owner="BuiltIn">
<msg time="2026-04-21T15:16:25.228042" level="INFO">${attente} = 0.1s</msg>
<var>${attente}</var>
<arg>0.1s</arg>
<doc>Returns the given values which can then be assigned to a variables.</doc>
<status status="PASS" start="2026-04-21T15:16:25.228042" elapsed="0.000000"/>
</kw>
<kw name="Attendre Que Le DOM Soit Stable" owner="base_page">
<for flavor="IN RANGE">
<iter>
<kw name="Get Element Count" owner="SeleniumLibrary">
<msg time="2026-04-21T15:16:25.253246" level="INFO">${compte1} = 43</msg>
<var>${compte1}</var>
<arg>${locator_racine}</arg>
<doc>Returns the number of elements matching ``locator``.</doc>
<status status="PASS" start="2026-04-21T15:16:25.243650" elapsed="0.010593"/>
</kw>
<kw name="Sleep" owner="BuiltIn">
<msg time="2026-04-21T15:16:25.455597" level="INFO">Slept 200 milliseconds.</msg>
<arg>${intervalle}</arg>
<doc>Pauses the test executed for the given time.</doc>
<status status="PASS" start="2026-04-21T15:16:25.254243" elapsed="0.201354"/>
</kw>
<kw name="Get Element Count" owner="SeleniumLibrary">
<msg time="2026-04-21T15:16:25.455597" level="INFO">${compte2} = 43</msg>
<var>${compte2}</var>
<arg>${locator_racine}</arg>
<doc>Returns the number of elements matching ``locator``.</doc>
<status status="PASS" start="2026-04-21T15:16:25.455597" elapsed="0.000000"/>
</kw>
<if>
<branch type="IF" condition="${compte1} == ${compte2}">
<return>
<status status="PASS" start="2026-04-21T15:16:25.455597" elapsed="0.000000"/>
</return>
<status status="PASS" start="2026-04-21T15:16:25.455597" elapsed="0.000000"/>
</branch>
<status status="PASS" start="2026-04-21T15:16:25.455597" elapsed="0.000000"/>
</if>
<var name="${i}">0</var>
<status status="PASS" start="2026-04-21T15:16:25.228042" elapsed="0.227555"/>
</iter>
<var>${i}</var>
<value>${tentatives_max}</value>
<status status="PASS" start="2026-04-21T15:16:25.228042" elapsed="0.227555"/>
</for>
<kw name="Fail" owner="BuiltIn">
<arg>ERREUR: Le nombre d'éléments dans le DOM ne s'est pas stabilisé après ${tentatives_max} tentatives.</arg>
<doc>Fails the test with the given message and optionally alters its tags.</doc>
<status status="NOT RUN" start="2026-04-21T15:16:25.455597" elapsed="0.000000"/>
</kw>
<doc>Attend que le nombre total d'éléments dans le DOM ne change plus
entre deux intervalles, indiquant une stabilité structurelle.</doc>
<status status="PASS" start="2026-04-21T15:16:25.228042" elapsed="0.227555"/>
</kw>
<for flavor="IN RANGE">
<iter>
<try>
<branch type="TRY">
<kw name="Run Keyword" owner="BuiltIn">
<kw name="Wait Until Element Is Visible" owner="SeleniumLibrary">
<arg>@{args}</arg>
<doc>Waits until the element ``locator`` is visible.</doc>
<status status="PASS" start="2026-04-21T15:16:25.471254" elapsed="0.015617"/>
</kw>
<msg time="2026-04-21T15:16:25.486871" level="INFO">${result} = None</msg>
<var>${result}</var>
<arg>${mot_cle}</arg>
<arg>@{args}</arg>
<doc>Executes the given keyword with the given arguments.</doc>
<status status="PASS" start="2026-04-21T15:16:25.471254" elapsed="0.015617"/>
</kw>
<kw name="Log" owner="BuiltIn">
<msg time="2026-04-21T15:16:25.486871" level="INFO">Succès à la tentative 1 pour : Wait Until Element Is Visible ["xpath=//input[@id='login-button']"]</msg>
<arg>Succès à la tentative ${index + 1} pour : ${mot_cle} ${args}</arg>
<doc>Logs the given message with the given level.</doc>
<status status="PASS" start="2026-04-21T15:16:25.486871" elapsed="0.000000"/>
</kw>
<return>
<value>${result}</value>
<status status="PASS" start="2026-04-21T15:16:25.502507" elapsed="0.000000"/>
</return>
<status status="PASS" start="2026-04-21T15:16:25.471254" elapsed="0.031253"/>
</branch>
<branch type="EXCEPT" assign="${err}">
<kw name="Log To Console" owner="BuiltIn">
<arg>Échec tentative ${index + 1} pour : ${mot_cle} ${args}</arg>
<doc>Logs the given message to the console.</doc>
<status status="NOT RUN" start="2026-04-21T15:16:25.502507" elapsed="0.000000"/>
</kw>
<kw name="Log To Console" owner="BuiltIn">
<arg>Message d'exception : ${err}</arg>
<doc>Logs the given message to the console.</doc>
<status status="NOT RUN" start="2026-04-21T15:16:25.502507" elapsed="0.000000"/>
</kw>
<kw name="Sleep" owner="BuiltIn">
<arg>${attente}</arg>
<doc>Pauses the test executed for the given time.</doc>
<status status="NOT RUN" start="2026-04-21T15:16:25.502507" elapsed="0.000000"/>
</kw>
<status status="NOT RUN" start="2026-04-21T15:16:25.502507" elapsed="0.000000"/>
</branch>
<status status="PASS" start="2026-04-21T15:16:25.471254" elapsed="0.031253"/>
</try>
<var name="${index}">0</var>
<status status="PASS" start="2026-04-21T15:16:25.471254" elapsed="0.031253"/>
</iter>
<var>${index}</var>
<value>${tentatives_max}</value>
<status status="PASS" start="2026-04-21T15:16:25.455597" elapsed="0.046910"/>
</for>
<kw name="Fail" owner="BuiltIn">
<arg>Échec après ${tentatives_max} tentatives du mot-clé : ${mot_cle} ${args}. Dernière erreur: ${err}</arg>
<doc>Fails the test with the given message and optionally alters its tags.</doc>
<status status="NOT RUN" start="2026-04-21T15:16:25.502507" elapsed="0.000000"/>
</kw>
<arg>Wait Until Element Is Visible</arg>
<arg>${Btn_Login}</arg>
<doc>Exécute un mot-clé avec rerejeu automatique en cas d'exception dans la limite d'un nombre de fois en paramètre ci-dessous.
Utile pour gérer les erreurs comme StaleElementReferenceException ou autres erreurs intermittentes.</doc>
<status status="PASS" start="2026-04-21T15:16:25.228042" elapsed="0.274465"/>
</kw>
<kw name="Strong" owner="base_page">
<kw name="Set Variable" owner="BuiltIn">
<msg time="2026-04-21T15:16:25.502507" level="INFO">${tentatives_max} = 15</msg>
<var>${tentatives_max}</var>
<arg>15</arg>
<doc>Returns the given values which can then be assigned to a variables.</doc>
<status status="PASS" start="2026-04-21T15:16:25.502507" elapsed="0.000000"/>
</kw>
<kw name="Set Variable" owner="BuiltIn">
<msg time="2026-04-21T15:16:25.512522" level="INFO">${attente} = 0.1s</msg>
<var>${attente}</var>
<arg>0.1s</arg>
<doc>Returns the given values which can then be assigned to a variables.</doc>
<status status="PASS" start="2026-04-21T15:16:25.512522" elapsed="0.000000"/>
</kw>
<kw name="Attendre Que Le DOM Soit Stable" owner="base_page">
<for flavor="IN RANGE">
<iter>
<kw name="Get Element Count" owner="SeleniumLibrary">
<msg time="2026-04-21T15:16:25.512522" level="INFO">${compte1} = 43</msg>
<var>${compte1}</var>
<arg>${locator_racine}</arg>
<doc>Returns the number of elements matching ``locator``.</doc>
<status status="PASS" start="2026-04-21T15:16:25.512522" elapsed="0.000000"/>
</kw>
<kw name="Sleep" owner="BuiltIn">
<msg time="2026-04-21T15:16:25.713123" level="INFO">Slept 200 milliseconds.</msg>
<arg>${intervalle}</arg>
<doc>Pauses the test executed for the given time.</doc>
<status status="PASS" start="2026-04-21T15:16:25.512522" elapsed="0.200601"/>
</kw>
<kw name="Get Element Count" owner="SeleniumLibrary">
<msg time="2026-04-21T15:16:25.713123" level="INFO">${compte2} = 43</msg>
<var>${compte2}</var>
<arg>${locator_racine}</arg>
<doc>Returns the number of elements matching ``locator``.</doc>
<status status="PASS" start="2026-04-21T15:16:25.713123" elapsed="0.000000"/>
</kw>
<if>
<branch type="IF" condition="${compte1} == ${compte2}">
<return>
<status status="PASS" start="2026-04-21T15:16:25.713123" elapsed="0.000000"/>
</return>
<status status="PASS" start="2026-04-21T15:16:25.713123" elapsed="0.000000"/>
</branch>
<status status="PASS" start="2026-04-21T15:16:25.713123" elapsed="0.000000"/>
</if>
<var name="${i}">0</var>
<status status="PASS" start="2026-04-21T15:16:25.512522" elapsed="0.200601"/>
</iter>
<var>${i}</var>
<value>${tentatives_max}</value>
<status status="PASS" start="2026-04-21T15:16:25.512522" elapsed="0.200601"/>
</for>
<kw name="Fail" owner="BuiltIn">
<arg>ERREUR: Le nombre d'éléments dans le DOM ne s'est pas stabilisé après ${tentatives_max} tentatives.</arg>
<doc>Fails the test with the given message and optionally alters its tags.</doc>
<status status="NOT RUN" start="2026-04-21T15:16:25.713123" elapsed="0.000000"/>
</kw>
<doc>Attend que le nombre total d'éléments dans le DOM ne change plus
entre deux intervalles, indiquant une stabilité structurelle.</doc>
<status status="PASS" start="2026-04-21T15:16:25.512522" elapsed="0.200601"/>
</kw>
<for flavor="IN RANGE">
<iter>
<try>
<branch type="TRY">
<kw name="Run Keyword" owner="BuiltIn">
<kw name="Click Button" owner="SeleniumLibrary">
<msg time="2026-04-21T15:16:25.728758" level="INFO">Clicking button 'xpath=//input[@id='login-button']'.</msg>
<arg>@{args}</arg>
<doc>Clicks the button identified by ``locator``.</doc>
<status status="PASS" start="2026-04-21T15:16:25.728758" elapsed="0.177906"/>
</kw>
<msg time="2026-04-21T15:16:25.906664" level="INFO">${result} = None</msg>
<var>${result}</var>
<arg>${mot_cle}</arg>
<arg>@{args}</arg>
<doc>Executes the given keyword with the given arguments.</doc>
<status status="PASS" start="2026-04-21T15:16:25.713123" elapsed="0.193541"/>
</kw>
<kw name="Log" owner="BuiltIn">
<msg time="2026-04-21T15:16:25.906664" level="INFO">Succès à la tentative 1 pour : Click Button ["xpath=//input[@id='login-button']"]</msg>
<arg>Succès à la tentative ${index + 1} pour : ${mot_cle} ${args}</arg>
<doc>Logs the given message with the given level.</doc>
<status status="PASS" start="2026-04-21T15:16:25.906664" elapsed="0.006534"/>
</kw>
<return>
<value>${result}</value>
<status status="PASS" start="2026-04-21T15:16:25.913198" elapsed="0.000000"/>
</return>
<status status="PASS" start="2026-04-21T15:16:25.713123" elapsed="0.200075"/>
</branch>
<branch type="EXCEPT" assign="${err}">
<kw name="Log To Console" owner="BuiltIn">
<arg>Échec tentative ${index + 1} pour : ${mot_cle} ${args}</arg>
<doc>Logs the given message to the console.</doc>
<status status="NOT RUN" start="2026-04-21T15:16:25.913198" elapsed="0.000000"/>
</kw>
<kw name="Log To Console" owner="BuiltIn">
<arg>Message d'exception : ${err}</arg>
<doc>Logs the given message to the console.</doc>
<status status="NOT RUN" start="2026-04-21T15:16:25.913198" elapsed="0.000000"/>
</kw>
<kw name="Sleep" owner="BuiltIn">
<arg>${attente}</arg>
<doc>Pauses the test executed for the given time.</doc>
<status status="NOT RUN" start="2026-04-21T15:16:25.913198" elapsed="0.000000"/>
</kw>
<status status="NOT RUN" start="2026-04-21T15:16:25.913198" elapsed="0.000000"/>
</branch>
<status status="PASS" start="2026-04-21T15:16:25.713123" elapsed="0.200075"/>
</try>
<var name="${index}">0</var>
<status status="PASS" start="2026-04-21T15:16:25.713123" elapsed="0.200075"/>
</iter>
<var>${index}</var>
<value>${tentatives_max}</value>
<status status="PASS" start="2026-04-21T15:16:25.713123" elapsed="0.200075"/>
</for>
<kw name="Fail" owner="BuiltIn">
<arg>Échec après ${tentatives_max} tentatives du mot-clé : ${mot_cle} ${args}. Dernière erreur: ${err}</arg>
<doc>Fails the test with the given message and optionally alters its tags.</doc>
<status status="NOT RUN" start="2026-04-21T15:16:25.913198" elapsed="0.000000"/>
</kw>
<arg>Click Button</arg>
<arg>${Btn_Login}</arg>
<doc>Exécute un mot-clé avec rerejeu automatique en cas d'exception dans la limite d'un nombre de fois en paramètre ci-dessous.
Utile pour gérer les erreurs comme StaleElementReferenceException ou autres erreurs intermittentes.</doc>
<status status="PASS" start="2026-04-21T15:16:25.502507" elapsed="0.410691"/>
</kw>
<status status="PASS" start="2026-04-21T15:16:25.228042" elapsed="0.685156"/>
</kw>
<kw name="verifier l'affichage de titre Produits" owner="login_page">
<kw name="Strong" owner="base_page">
<kw name="Set Variable" owner="BuiltIn">
<msg time="2026-04-21T15:16:25.913198" level="INFO">${tentatives_max} = 15</msg>
<var>${tentatives_max}</var>
<arg>15</arg>
<doc>Returns the given values which can then be assigned to a variables.</doc>
<status status="PASS" start="2026-04-21T15:16:25.913198" elapsed="0.000000"/>
</kw>
<kw name="Set Variable" owner="BuiltIn">
<msg time="2026-04-21T15:16:25.913198" level="INFO">${attente} = 0.1s</msg>
<var>${attente}</var>
<arg>0.1s</arg>
<doc>Returns the given values which can then be assigned to a variables.</doc>
<status status="PASS" start="2026-04-21T15:16:25.913198" elapsed="0.000000"/>
</kw>
<kw name="Attendre Que Le DOM Soit Stable" owner="base_page">
<for flavor="IN RANGE">
<iter>
<kw name="Get Element Count" owner="SeleniumLibrary">
<msg time="2026-04-21T15:16:25.949459" level="INFO">${compte1} = 138</msg>
<var>${compte1}</var>
<arg>${locator_racine}</arg>
<doc>Returns the number of elements matching ``locator``.</doc>
<status status="PASS" start="2026-04-21T15:16:25.928844" elapsed="0.020615"/>
</kw>
<kw name="Sleep" owner="BuiltIn">
<msg time="2026-04-21T15:16:26.149691" level="INFO">Slept 200 milliseconds.</msg>
<arg>${intervalle}</arg>
<doc>Pauses the test executed for the given time.</doc>
<status status="PASS" start="2026-04-21T15:16:25.949459" elapsed="0.200232"/>
</kw>
<kw name="Get Element Count" owner="SeleniumLibrary">
<msg time="2026-04-21T15:16:26.149691" level="INFO">${compte2} = 138</msg>
<var>${compte2}</var>
<arg>${locator_racine}</arg>
<doc>Returns the number of elements matching ``locator``.</doc>
<status status="PASS" start="2026-04-21T15:16:26.149691" elapsed="0.000000"/>
</kw>
<if>
<branch type="IF" condition="${compte1} == ${compte2}">
<return>
<status status="PASS" start="2026-04-21T15:16:26.149691" elapsed="0.000000"/>
</return>
<status status="PASS" start="2026-04-21T15:16:26.149691" elapsed="0.000000"/>
</branch>
<status status="PASS" start="2026-04-21T15:16:26.149691" elapsed="0.000000"/>
</if>
<var name="${i}">0</var>
<status status="PASS" start="2026-04-21T15:16:25.913198" elapsed="0.236493"/>
</iter>
<var>${i}</var>
<value>${tentatives_max}</value>
<status status="PASS" start="2026-04-21T15:16:25.913198" elapsed="0.252134"/>
</for>
<kw name="Fail" owner="BuiltIn">
<arg>ERREUR: Le nombre d'éléments dans le DOM ne s'est pas stabilisé après ${tentatives_max} tentatives.</arg>
<doc>Fails the test with the given message and optionally alters its tags.</doc>
<status status="NOT RUN" start="2026-04-21T15:16:26.165332" elapsed="0.000000"/>
</kw>
<doc>Attend que le nombre total d'éléments dans le DOM ne change plus
entre deux intervalles, indiquant une stabilité structurelle.</doc>
<status status="PASS" start="2026-04-21T15:16:25.913198" elapsed="0.252134"/>
</kw>
<for flavor="IN RANGE">
<iter>
<try>
<branch type="TRY">
<kw name="Run Keyword" owner="BuiltIn">
<kw name="Page Should Contain" owner="SeleniumLibrary">
<msg time="2026-04-21T15:16:26.165332" level="INFO">Current page contains text 'Swag Labs'.</msg>
<arg>@{args}</arg>
<doc>Verifies that current page contains ``text``.</doc>
<status status="PASS" start="2026-04-21T15:16:26.165332" elapsed="0.000000"/>
</kw>
<msg time="2026-04-21T15:16:26.165332" level="INFO">${result} = None</msg>
<var>${result}</var>
<arg>${mot_cle}</arg>
<arg>@{args}</arg>
<doc>Executes the given keyword with the given arguments.</doc>
<status status="PASS" start="2026-04-21T15:16:26.165332" elapsed="0.000000"/>
</kw>
<kw name="Log" owner="BuiltIn">
<msg time="2026-04-21T15:16:26.180959" level="INFO">Succès à la tentative 1 pour : Page Should Contain ['Swag Labs']</msg>
<arg>Succès à la tentative ${index + 1} pour : ${mot_cle} ${args}</arg>
<doc>Logs the given message with the given level.</doc>
<status status="PASS" start="2026-04-21T15:16:26.165332" elapsed="0.015627"/>
</kw>
<return>
<value>${result}</value>
<status status="PASS" start="2026-04-21T15:16:26.180959" elapsed="0.000000"/>
</return>
<status status="PASS" start="2026-04-21T15:16:26.165332" elapsed="0.015627"/>
</branch>
<branch type="EXCEPT" assign="${err}">
<kw name="Log To Console" owner="BuiltIn">
<arg>Échec tentative ${index + 1} pour : ${mot_cle} ${args}</arg>
<doc>Logs the given message to the console.</doc>
<status status="NOT RUN" start="2026-04-21T15:16:26.180959" elapsed="0.000000"/>
</kw>
<kw name="Log To Console" owner="BuiltIn">
<arg>Message d'exception : ${err}</arg>
<doc>Logs the given message to the console.</doc>
<status status="NOT RUN" start="2026-04-21T15:16:26.180959" elapsed="0.000000"/>
</kw>
<kw name="Sleep" owner="BuiltIn">
<arg>${attente}</arg>
<doc>Pauses the test executed for the given time.</doc>
<status status="NOT RUN" start="2026-04-21T15:16:26.180959" elapsed="0.000000"/>
</kw>
<status status="NOT RUN" start="2026-04-21T15:16:26.180959" elapsed="0.000000"/>
</branch>
<status status="PASS" start="2026-04-21T15:16:26.165332" elapsed="0.015627"/>
</try>
<var name="${index}">0</var>
<status status="PASS" start="2026-04-21T15:16:26.165332" elapsed="0.015627"/>
</iter>
<var>${index}</var>
<value>${tentatives_max}</value>
<status status="PASS" start="2026-04-21T15:16:26.165332" elapsed="0.015627"/>
</for>
<kw name="Fail" owner="BuiltIn">
<arg>Échec après ${tentatives_max} tentatives du mot-clé : ${mot_cle} ${args}. Dernière erreur: ${err}</arg>
<doc>Fails the test with the given message and optionally alters its tags.</doc>
<status status="NOT RUN" start="2026-04-21T15:16:26.180959" elapsed="0.000000"/>
</kw>
<arg>Page Should Contain</arg>
<arg>Swag Labs</arg>
<doc>Exécute un mot-clé avec rerejeu automatique en cas d'exception dans la limite d'un nombre de fois en paramètre ci-dessous.
Utile pour gérer les erreurs comme StaleElementReferenceException ou autres erreurs intermittentes.</doc>
<status status="PASS" start="2026-04-21T15:16:25.913198" elapsed="0.267761"/>
</kw>
<status status="PASS" start="2026-04-21T15:16:25.913198" elapsed="0.267761"/>
</kw>
<kw name="Capture Page Screenshot" owner="SeleniumLibrary">
<msg time="2026-04-21T15:16:26.265942" level="INFO" html="true">&lt;/td&gt;&lt;/tr&gt;&lt;tr&gt;&lt;td colspan="3"&gt;&lt;a href="selenium-screenshot-4.png"&gt;&lt;img src="selenium-screenshot-4.png" width="800px"&gt;&lt;/a&gt;</msg>
<doc>Takes a screenshot of the current page and embeds it into a log file.</doc>
<status status="PASS" start="2026-04-21T15:16:26.180959" elapsed="0.085985"/>
</kw>
<kw name="Fermer tout les navigateurs" owner="base_page" type="TEARDOWN">
<kw name="Close All Browsers" owner="SeleniumLibrary">
<doc>Closes all open browsers and resets the browser cache.</doc>
<status status="PASS" start="2026-04-21T15:16:26.268945" elapsed="3.436196"/>
</kw>
<status status="PASS" start="2026-04-21T15:16:26.267949" elapsed="3.437192"/>
</kw>
<doc>ce cas de test permet de se connecter au site avec
un username et mot de passe valides</doc>
<tag>login</tag>
<status status="PASS" start="2026-04-21T15:16:15.234850" elapsed="14.470291"/>
</test>
<test id="s1-s1-s1-t2" name=" Login avec invalid cridentiels" line="30">
<kw name="Se connecter au site" owner="base_page" type="SETUP">
<kw name="Run Keyword If" owner="BuiltIn">
<kw name="Open Browser" owner="SeleniumLibrary">
<msg time="2026-04-21T15:16:29.737341" level="INFO">Opening browser 'firefox' to base url 'https://www.saucedemo.com/'.</msg>
<arg>${BASE_URL}</arg>
<arg>firefox</arg>
<doc>Opens a new browser instance to the optional ``url``.</doc>
<status status="PASS" start="2026-04-21T15:16:29.736341" elapsed="8.646215"/>
</kw>
<arg>'${BROWSER}' == 'chrome'</arg>
<arg>Open Browser</arg>
<arg>${BASE_URL}</arg>
<arg>chrome</arg>
<arg>ELSE IF</arg>
<arg>'${BROWSER}' == 'firefox'</arg>
<arg>Open Browser</arg>
<arg>${BASE_URL}</arg>
<arg>firefox</arg>
<arg>ELSE IF</arg>
<arg>'${BROWSER}' == 'edge'</arg>
<arg>Open Browser</arg>
<arg>${BASE_URL}</arg>
<arg>edge</arg>
<arg>ELSE</arg>
<arg>Fail</arg>
<arg>Navigateur non supporté : ${BROWSER}</arg>
<doc>Runs the given keyword with the given arguments, if ``condition`` is true.</doc>
<status status="PASS" start="2026-04-21T15:16:29.735343" elapsed="8.647213"/>
</kw>
<kw name="Maximize Browser Window" owner="SeleniumLibrary">
<doc>Maximizes current browser window.</doc>
<status status="PASS" start="2026-04-21T15:16:38.382556" elapsed="0.050910"/>
</kw>
<kw name="Set Selenium Timeout" owner="SeleniumLibrary">
<arg>${SELENIUM_TIMEOUT}</arg>
<doc>Sets the timeout that is used by various keywords.</doc>
<status status="PASS" start="2026-04-21T15:16:38.433466" elapsed="0.042918"/>
</kw>
<doc>Ouvre Amazon dans Chrome, Firefox ou Edge</doc>
<status status="PASS" start="2026-04-21T15:16:29.734339" elapsed="8.742045"/>
</kw>
<kw name="Saisir username" owner="login_page">
<kw name="Strong" owner="base_page">
<kw name="Set Variable" owner="BuiltIn">
<msg time="2026-04-21T15:16:38.481397" level="INFO">${tentatives_max} = 15</msg>
<var>${tentatives_max}</var>
<arg>15</arg>
<doc>Returns the given values which can then be assigned to a variables.</doc>
<status status="PASS" start="2026-04-21T15:16:38.480387" elapsed="0.001010"/>
</kw>
<kw name="Set Variable" owner="BuiltIn">
<msg time="2026-04-21T15:16:38.483451" level="INFO">${attente} = 0.1s</msg>
<var>${attente}</var>
<arg>0.1s</arg>
<doc>Returns the given values which can then be assigned to a variables.</doc>
<status status="PASS" start="2026-04-21T15:16:38.482389" elapsed="0.001062"/>
</kw>
<kw name="Attendre Que Le DOM Soit Stable" owner="base_page">
<for flavor="IN RANGE">
<iter>
<kw name="Get Element Count" owner="SeleniumLibrary">
<msg time="2026-04-21T15:16:38.533421" level="INFO">${compte1} = 43</msg>
<var>${compte1}</var>
<arg>${locator_racine}</arg>
<doc>Returns the number of elements matching ``locator``.</doc>
<status status="PASS" start="2026-04-21T15:16:38.483451" elapsed="0.049970"/>
</kw>
<kw name="Sleep" owner="BuiltIn">
<msg time="2026-04-21T15:16:38.733906" level="INFO">Slept 200 milliseconds.</msg>
<arg>${intervalle}</arg>
<doc>Pauses the test executed for the given time.</doc>
<status status="PASS" start="2026-04-21T15:16:38.533421" elapsed="0.200485"/>
</kw>
<kw name="Get Element Count" owner="SeleniumLibrary">
<msg time="2026-04-21T15:16:38.810688" level="INFO">${compte2} = 43</msg>
<var>${compte2}</var>
<arg>${locator_racine}</arg>
<doc>Returns the number of elements matching ``locator``.</doc>
<status status="PASS" start="2026-04-21T15:16:38.733906" elapsed="0.077781"/>
</kw>
<if>
<branch type="IF" condition="${compte1} == ${compte2}">
<return>
<status status="PASS" start="2026-04-21T15:16:38.812685" elapsed="0.000000"/>
</return>
<status status="PASS" start="2026-04-21T15:16:38.811687" elapsed="0.002002"/>
</branch>
<status status="PASS" start="2026-04-21T15:16:38.811687" elapsed="0.002002"/>
</if>
<var name="${i}">0</var>
<status status="PASS" start="2026-04-21T15:16:38.483451" elapsed="0.330238"/>
</iter>
<var>${i}</var>
<value>${tentatives_max}</value>
<status status="PASS" start="2026-04-21T15:16:38.483451" elapsed="0.330238"/>
</for>
<kw name="Fail" owner="BuiltIn">
<arg>ERREUR: Le nombre d'éléments dans le DOM ne s'est pas stabilisé après ${tentatives_max} tentatives.</arg>
<doc>Fails the test with the given message and optionally alters its tags.</doc>
<status status="NOT RUN" start="2026-04-21T15:16:38.814705" elapsed="0.000000"/>
</kw>
<doc>Attend que le nombre total d'éléments dans le DOM ne change plus
entre deux intervalles, indiquant une stabilité structurelle.</doc>
<status status="PASS" start="2026-04-21T15:16:38.483451" elapsed="0.332461"/>
</kw>
<for flavor="IN RANGE">
<iter>
<try>
<branch type="TRY">
<kw name="Run Keyword" owner="BuiltIn">
<kw name="Wait Until Element Is Visible" owner="SeleniumLibrary">
<arg>@{args}</arg>
<doc>Waits until the element ``locator`` is visible.</doc>
<status status="PASS" start="2026-04-21T15:16:38.820502" elapsed="0.046897"/>
</kw>
<msg time="2026-04-21T15:16:38.867399" level="INFO">${result} = None</msg>
<var>${result}</var>
<arg>${mot_cle}</arg>
<arg>@{args}</arg>
<doc>Executes the given keyword with the given arguments.</doc>
<status status="PASS" start="2026-04-21T15:16:38.818506" elapsed="0.049894"/>
</kw>
<kw name="Log" owner="BuiltIn">
<msg time="2026-04-21T15:16:38.870401" level="INFO">Succès à la tentative 1 pour : Wait Until Element Is Visible ["xpath=//input[@id='user-name']"]</msg>
<arg>Succès à la tentative ${index + 1} pour : ${mot_cle} ${args}</arg>
<doc>Logs the given message with the given level.</doc>
<status status="PASS" start="2026-04-21T15:16:38.868400" elapsed="0.002997"/>
</kw>
<return>
<value>${result}</value>
<status status="PASS" start="2026-04-21T15:16:38.871397" elapsed="0.000000"/>
</return>
<status status="PASS" start="2026-04-21T15:16:38.817503" elapsed="0.054894"/>
</branch>
<branch type="EXCEPT" assign="${err}">
<kw name="Log To Console" owner="BuiltIn">
<arg>Échec tentative ${index + 1} pour : ${mot_cle} ${args}</arg>
<doc>Logs the given message to the console.</doc>
<status status="NOT RUN" start="2026-04-21T15:16:38.873403" elapsed="0.000000"/>
</kw>
<kw name="Log To Console" owner="BuiltIn">
<arg>Message d'exception : ${err}</arg>
<doc>Logs the given message to the console.</doc>
<status status="NOT RUN" start="2026-04-21T15:16:38.874396" elapsed="0.000000"/>
</kw>
<kw name="Sleep" owner="BuiltIn">
<arg>${attente}</arg>
<doc>Pauses the test executed for the given time.</doc>
<status status="NOT RUN" start="2026-04-21T15:16:38.875398" elapsed="0.000000"/>
</kw>
<status status="NOT RUN" start="2026-04-21T15:16:38.872397" elapsed="0.004001"/>
</branch>
<status status="PASS" start="2026-04-21T15:16:38.817503" elapsed="0.058895"/>
</try>
<var name="${index}">0</var>
<status status="PASS" start="2026-04-21T15:16:38.817503" elapsed="0.058895"/>
</iter>
<var>${index}</var>
<value>${tentatives_max}</value>
<status status="PASS" start="2026-04-21T15:16:38.816501" elapsed="0.059897"/>
</for>
<kw name="Fail" owner="BuiltIn">
<arg>Échec après ${tentatives_max} tentatives du mot-clé : ${mot_cle} ${args}. Dernière erreur: ${err}</arg>
<doc>Fails the test with the given message and optionally alters its tags.</doc>
<status status="NOT RUN" start="2026-04-21T15:16:38.877399" elapsed="0.000000"/>
</kw>
<arg>Wait Until Element Is Visible</arg>
<arg>${Username_Field}</arg>
<doc>Exécute un mot-clé avec rerejeu automatique en cas d'exception dans la limite d'un nombre de fois en paramètre ci-dessous.
Utile pour gérer les erreurs comme StaleElementReferenceException ou autres erreurs intermittentes.</doc>
<status status="PASS" start="2026-04-21T15:16:38.479399" elapsed="0.398996"/>
</kw>
<kw name="Input Text" owner="SeleniumLibrary">
<msg time="2026-04-21T15:16:38.880399" level="INFO">Typing text '12' into text field 'xpath=//input[@id='user-name']'.</msg>
<arg>${Username_Field}</arg>
<arg>${username}</arg>
<doc>Types the given ``text`` into the text field identified by ``locator``.</doc>
<status status="PASS" start="2026-04-21T15:16:38.878395" elapsed="0.054169"/>
</kw>
<arg>${Invalid_Username}</arg>
<status status="PASS" start="2026-04-21T15:16:38.477389" elapsed="0.455175"/>
</kw>
<kw name="Saisir mode de passe" owner="login_page">
<kw name="Strong" owner="base_page">
<kw name="Set Variable" owner="BuiltIn">
<msg time="2026-04-21T15:16:38.950766" level="INFO">${tentatives_max} = 15</msg>
<var>${tentatives_max}</var>
<arg>15</arg>
<doc>Returns the given values which can then be assigned to a variables.</doc>
<status status="PASS" start="2026-04-21T15:16:38.949761" elapsed="0.002004"/>
</kw>
<kw name="Set Variable" owner="BuiltIn">
<msg time="2026-04-21T15:16:38.953766" level="INFO">${attente} = 0.1s</msg>
<var>${attente}</var>
<arg>0.1s</arg>
<doc>Returns the given values which can then be assigned to a variables.</doc>
<status status="PASS" start="2026-04-21T15:16:38.952764" elapsed="0.002002"/>
</kw>
<kw name="Attendre Que Le DOM Soit Stable" owner="base_page">
<for flavor="IN RANGE">
<iter>
<kw name="Get Element Count" owner="SeleniumLibrary">
<msg time="2026-04-21T15:16:38.966397" level="INFO">${compte1} = 43</msg>
<var>${compte1}</var>
<arg>${locator_racine}</arg>
<doc>Returns the number of elements matching ``locator``.</doc>
<status status="PASS" start="2026-04-21T15:16:38.957763" elapsed="0.008634"/>
</kw>
<kw name="Sleep" owner="BuiltIn">
<msg time="2026-04-21T15:16:39.168423" level="INFO">Slept 200 milliseconds.</msg>
<arg>${intervalle}</arg>
<doc>Pauses the test executed for the given time.</doc>
<status status="PASS" start="2026-04-21T15:16:38.967401" elapsed="0.201022"/>
</kw>
<kw name="Get Element Count" owner="SeleniumLibrary">
<msg time="2026-04-21T15:16:39.175124" level="INFO">${compte2} = 43</msg>
<var>${compte2}</var>
<arg>${locator_racine}</arg>
<doc>Returns the number of elements matching ``locator``.</doc>
<status status="PASS" start="2026-04-21T15:16:39.168423" elapsed="0.007753"/>
</kw>
<if>
<branch type="IF" condition="${compte1} == ${compte2}">
<return>
<status status="PASS" start="2026-04-21T15:16:39.177139" elapsed="0.000000"/>
</return>
<status status="PASS" start="2026-04-21T15:16:39.176176" elapsed="0.000963"/>
</branch>
<status status="PASS" start="2026-04-21T15:16:39.176176" elapsed="0.000963"/>
</if>
<var name="${i}">0</var>
<status status="PASS" start="2026-04-21T15:16:38.957763" elapsed="0.219376"/>
</iter>
<var>${i}</var>
<value>${tentatives_max}</value>
<status status="PASS" start="2026-04-21T15:16:38.956764" elapsed="0.221418"/>
</for>
<kw name="Fail" owner="BuiltIn">
<arg>ERREUR: Le nombre d'éléments dans le DOM ne s'est pas stabilisé après ${tentatives_max} tentatives.</arg>
<doc>Fails the test with the given message and optionally alters its tags.</doc>
<status status="NOT RUN" start="2026-04-21T15:16:39.178182" elapsed="0.000962"/>
</kw>
<doc>Attend que le nombre total d'éléments dans le DOM ne change plus
entre deux intervalles, indiquant une stabilité structurelle.</doc>
<status status="PASS" start="2026-04-21T15:16:38.955764" elapsed="0.223380"/>
</kw>
<for flavor="IN RANGE">
<iter>
<try>
<branch type="TRY">
<kw name="Run Keyword" owner="BuiltIn">
<kw name="Wait Until Element Is Visible" owner="SeleniumLibrary">
<arg>@{args}</arg>
<doc>Waits until the element ``locator`` is visible.</doc>
<status status="PASS" start="2026-04-21T15:16:39.181177" elapsed="0.001398"/>
</kw>
<msg time="2026-04-21T15:16:39.182575" level="INFO">${result} = None</msg>
<var>${result}</var>
<arg>${mot_cle}</arg>
<arg>@{args}</arg>
<doc>Executes the given keyword with the given arguments.</doc>
<status status="PASS" start="2026-04-21T15:16:39.180183" elapsed="0.002392"/>
</kw>
<kw name="Log" owner="BuiltIn">
<msg time="2026-04-21T15:16:39.198236" level="INFO">Succès à la tentative 1 pour : Wait Until Element Is Visible ["xpath=//input[@id='password']"]</msg>
<arg>Succès à la tentative ${index + 1} pour : ${mot_cle} ${args}</arg>
<doc>Logs the given message with the given level.</doc>
<status status="PASS" start="2026-04-21T15:16:39.182575" elapsed="0.017109"/>
</kw>
<return>
<value>${result}</value>
<status status="PASS" start="2026-04-21T15:16:39.200689" elapsed="0.000000"/>
</return>
<status status="PASS" start="2026-04-21T15:16:39.180183" elapsed="0.021503"/>
</branch>
<branch type="EXCEPT" assign="${err}">
<kw name="Log To Console" owner="BuiltIn">
<arg>Échec tentative ${index + 1} pour : ${mot_cle} ${args}</arg>
<doc>Logs the given message to the console.</doc>
<status status="NOT RUN" start="2026-04-21T15:16:39.201686" elapsed="0.001038"/>
</kw>
<kw name="Log To Console" owner="BuiltIn">
<arg>Message d'exception : ${err}</arg>
<doc>Logs the given message to the console.</doc>
<status status="NOT RUN" start="2026-04-21T15:16:39.202724" elapsed="0.000000"/>
</kw>
<kw name="Sleep" owner="BuiltIn">
<arg>${attente}</arg>
<doc>Pauses the test executed for the given time.</doc>
<status status="NOT RUN" start="2026-04-21T15:16:39.202724" elapsed="0.000995"/>
</kw>
<status status="NOT RUN" start="2026-04-21T15:16:39.201686" elapsed="0.002033"/>
</branch>
<status status="PASS" start="2026-04-21T15:16:39.180183" elapsed="0.023536"/>
</try>
<var name="${index}">0</var>
<status status="PASS" start="2026-04-21T15:16:39.180183" elapsed="0.023536"/>
</iter>
<var>${index}</var>
<value>${tentatives_max}</value>
<status status="PASS" start="2026-04-21T15:16:39.179144" elapsed="0.024575"/>
</for>
<kw name="Fail" owner="BuiltIn">
<arg>Échec après ${tentatives_max} tentatives du mot-clé : ${mot_cle} ${args}. Dernière erreur: ${err}</arg>
<doc>Fails the test with the given message and optionally alters its tags.</doc>
<status status="NOT RUN" start="2026-04-21T15:16:39.203719" elapsed="0.001002"/>
</kw>
<arg>Wait Until Element Is Visible</arg>
<arg>${Passeword_Field}</arg>
<doc>Exécute un mot-clé avec rerejeu automatique en cas d'exception dans la limite d'un nombre de fois en paramètre ci-dessous.
Utile pour gérer les erreurs comme StaleElementReferenceException ou autres erreurs intermittentes.</doc>
<status status="PASS" start="2026-04-21T15:16:38.948188" elapsed="0.256533"/>
</kw>
<kw name="Input Text" owner="SeleniumLibrary">
<msg time="2026-04-21T15:16:39.205722" level="INFO">Typing text '244' into text field 'xpath=//input[@id='password']'.</msg>
<arg>${Passeword_Field}</arg>
<arg>${passeword}</arg>
<doc>Types the given ``text`` into the text field identified by ``locator``.</doc>
<status status="PASS" start="2026-04-21T15:16:39.204721" elapsed="0.024478"/>
</kw>
<arg>${Invalid_Password}</arg>
<status status="PASS" start="2026-04-21T15:16:38.932564" elapsed="0.296635"/>
</kw>
<kw name="Cliquer sur le bouton Login" owner="login_page">
<kw name="Strong" owner="base_page">
<kw name="Set Variable" owner="BuiltIn">
<msg time="2026-04-21T15:16:39.233565" level="INFO">${tentatives_max} = 15</msg>
<var>${tentatives_max}</var>
<arg>15</arg>
<doc>Returns the given values which can then be assigned to a variables.</doc>
<status status="PASS" start="2026-04-21T15:16:39.233565" elapsed="0.000000"/>
</kw>
<kw name="Set Variable" owner="BuiltIn">
<msg time="2026-04-21T15:16:39.233565" level="INFO">${attente} = 0.1s</msg>
<var>${attente}</var>
<arg>0.1s</arg>
<doc>Returns the given values which can then be assigned to a variables.</doc>
<status status="PASS" start="2026-04-21T15:16:39.233565" elapsed="0.000000"/>
</kw>
<kw name="Attendre Que Le DOM Soit Stable" owner="base_page">
<for flavor="IN RANGE">
<iter>
<kw name="Get Element Count" owner="SeleniumLibrary">
<msg time="2026-04-21T15:16:39.249363" level="INFO">${compte1} = 43</msg>
<var>${compte1}</var>
<arg>${locator_racine}</arg>
<doc>Returns the number of elements matching ``locator``.</doc>
<status status="PASS" start="2026-04-21T15:16:39.233565" elapsed="0.016129"/>
</kw>
<kw name="Sleep" owner="BuiltIn">
<msg time="2026-04-21T15:16:39.452332" level="INFO">Slept 200 milliseconds.</msg>
<arg>${intervalle}</arg>
<doc>Pauses the test executed for the given time.</doc>
<status status="PASS" start="2026-04-21T15:16:39.250717" elapsed="0.201615"/>
</kw>
<kw name="Get Element Count" owner="SeleniumLibrary">
<msg time="2026-04-21T15:16:39.458847" level="INFO">${compte2} = 43</msg>
<var>${compte2}</var>
<arg>${locator_racine}</arg>
<doc>Returns the number of elements matching ``locator``.</doc>
<status status="PASS" start="2026-04-21T15:16:39.452332" elapsed="0.007572"/>
</kw>
<if>
<branch type="IF" condition="${compte1} == ${compte2}">
<return>
<status status="PASS" start="2026-04-21T15:16:39.460862" elapsed="0.000000"/>
</return>
<status status="PASS" start="2026-04-21T15:16:39.459904" elapsed="0.000958"/>
</branch>
<status status="PASS" start="2026-04-21T15:16:39.459904" elapsed="0.000958"/>
</if>
<var name="${i}">0</var>
<status status="PASS" start="2026-04-21T15:16:39.233565" elapsed="0.227297"/>
</iter>
<var>${i}</var>
<value>${tentatives_max}</value>
<status status="PASS" start="2026-04-21T15:16:39.233565" elapsed="0.228334"/>
</for>
<kw name="Fail" owner="BuiltIn">
<arg>ERREUR: Le nombre d'éléments dans le DOM ne s'est pas stabilisé après ${tentatives_max} tentatives.</arg>
<doc>Fails the test with the given message and optionally alters its tags.</doc>
<status status="NOT RUN" start="2026-04-21T15:16:39.461899" elapsed="0.000967"/>
</kw>
<doc>Attend que le nombre total d'éléments dans le DOM ne change plus
entre deux intervalles, indiquant une stabilité structurelle.</doc>
<status status="PASS" start="2026-04-21T15:16:39.233565" elapsed="0.229301"/>
</kw>
<for flavor="IN RANGE">
<iter>
<try>
<branch type="TRY">
<kw name="Run Keyword" owner="BuiltIn">
<kw name="Wait Until Element Is Visible" owner="SeleniumLibrary">
<arg>@{args}</arg>
<doc>Waits until the element ``locator`` is visible.</doc>
<status status="PASS" start="2026-04-21T15:16:39.464899" elapsed="0.015525"/>
</kw>
<msg time="2026-04-21T15:16:39.480424" level="INFO">${result} = None</msg>
<var>${result}</var>
<arg>${mot_cle}</arg>
<arg>@{args}</arg>
<doc>Executes the given keyword with the given arguments.</doc>
<status status="PASS" start="2026-04-21T15:16:39.463905" elapsed="0.016519"/>
</kw>
<kw name="Log" owner="BuiltIn">
<msg time="2026-04-21T15:16:39.482545" level="INFO">Succès à la tentative 1 pour : Wait Until Element Is Visible ["xpath=//input[@id='login-button']"]</msg>
<arg>Succès à la tentative ${index + 1} pour : ${mot_cle} ${args}</arg>
<doc>Logs the given message with the given level.</doc>
<status status="PASS" start="2026-04-21T15:16:39.481425" elapsed="0.001120"/>
</kw>
<return>
<value>${result}</value>
<status status="PASS" start="2026-04-21T15:16:39.482545" elapsed="0.000000"/>
</return>
<status status="PASS" start="2026-04-21T15:16:39.463905" elapsed="0.018640"/>
</branch>
<branch type="EXCEPT" assign="${err}">
<kw name="Log To Console" owner="BuiltIn">
<arg>Échec tentative ${index + 1} pour : ${mot_cle} ${args}</arg>
<doc>Logs the given message to the console.</doc>
<status status="NOT RUN" start="2026-04-21T15:16:39.482545" elapsed="0.000000"/>
</kw>
<kw name="Log To Console" owner="BuiltIn">
<arg>Message d'exception : ${err}</arg>
<doc>Logs the given message to the console.</doc>
<status status="NOT RUN" start="2026-04-21T15:16:39.482545" elapsed="0.000000"/>
</kw>
<kw name="Sleep" owner="BuiltIn">
<arg>${attente}</arg>
<doc>Pauses the test executed for the given time.</doc>
<status status="NOT RUN" start="2026-04-21T15:16:39.482545" elapsed="0.000000"/>
</kw>
<status status="NOT RUN" start="2026-04-21T15:16:39.482545" elapsed="0.000000"/>
</branch>
<status status="PASS" start="2026-04-21T15:16:39.463905" elapsed="0.018640"/>
</try>
<var name="${index}">0</var>
<status status="PASS" start="2026-04-21T15:16:39.463905" elapsed="0.018640"/>
</iter>
<var>${index}</var>
<value>${tentatives_max}</value>
<status status="PASS" start="2026-04-21T15:16:39.462866" elapsed="0.019679"/>
</for>
<kw name="Fail" owner="BuiltIn">
<arg>Échec après ${tentatives_max} tentatives du mot-clé : ${mot_cle} ${args}. Dernière erreur: ${err}</arg>
<doc>Fails the test with the given message and optionally alters its tags.</doc>
<status status="NOT RUN" start="2026-04-21T15:16:39.482545" elapsed="0.000000"/>
</kw>
<arg>Wait Until Element Is Visible</arg>
<arg>${Btn_Login}</arg>
<doc>Exécute un mot-clé avec rerejeu automatique en cas d'exception dans la limite d'un nombre de fois en paramètre ci-dessous.
Utile pour gérer les erreurs comme StaleElementReferenceException ou autres erreurs intermittentes.</doc>
<status status="PASS" start="2026-04-21T15:16:39.233195" elapsed="0.249350"/>
</kw>
<kw name="Strong" owner="base_page">
<kw name="Set Variable" owner="BuiltIn">
<msg time="2026-04-21T15:16:39.482545" level="INFO">${tentatives_max} = 15</msg>
<var>${tentatives_max}</var>
<arg>15</arg>
<doc>Returns the given values which can then be assigned to a variables.</doc>
<status status="PASS" start="2026-04-21T15:16:39.482545" elapsed="0.000000"/>
</kw>
<kw name="Set Variable" owner="BuiltIn">
<msg time="2026-04-21T15:16:39.482545" level="INFO">${attente} = 0.1s</msg>
<var>${attente}</var>
<arg>0.1s</arg>
<doc>Returns the given values which can then be assigned to a variables.</doc>
<status status="PASS" start="2026-04-21T15:16:39.482545" elapsed="0.000000"/>
</kw>
<kw name="Attendre Que Le DOM Soit Stable" owner="base_page">
<for flavor="IN RANGE">
<iter>
<kw name="Get Element Count" owner="SeleniumLibrary">
<msg time="2026-04-21T15:16:39.499712" level="INFO">${compte1} = 43</msg>
<var>${compte1}</var>
<arg>${locator_racine}</arg>
<doc>Returns the number of elements matching ``locator``.</doc>
<status status="PASS" start="2026-04-21T15:16:39.482545" elapsed="0.018169"/>
</kw>
<kw name="Sleep" owner="BuiltIn">
<msg time="2026-04-21T15:16:39.701936" level="INFO">Slept 200 milliseconds.</msg>
<arg>${intervalle}</arg>
<doc>Pauses the test executed for the given time.</doc>
<status status="PASS" start="2026-04-21T15:16:39.500714" elapsed="0.201222"/>
</kw>
<kw name="Get Element Count" owner="SeleniumLibrary">
<msg time="2026-04-21T15:16:39.709312" level="INFO">${compte2} = 43</msg>
<var>${compte2}</var>
<arg>${locator_racine}</arg>
<doc>Returns the number of elements matching ``locator``.</doc>
<status status="PASS" start="2026-04-21T15:16:39.702950" elapsed="0.007437"/>
</kw>
<if>
<branch type="IF" condition="${compte1} == ${compte2}">
<return>
<status status="PASS" start="2026-04-21T15:16:39.711346" elapsed="0.000000"/>
</return>
<status status="PASS" start="2026-04-21T15:16:39.710387" elapsed="0.000959"/>
</branch>
<status status="PASS" start="2026-04-21T15:16:39.710387" elapsed="0.001966"/>
</if>
<var name="${i}">0</var>
<status status="PASS" start="2026-04-21T15:16:39.482545" elapsed="0.229808"/>
</iter>
<var>${i}</var>
<value>${tentatives_max}</value>
<status status="PASS" start="2026-04-21T15:16:39.482545" elapsed="0.229808"/>
</for>
<kw name="Fail" owner="BuiltIn">
<arg>ERREUR: Le nombre d'éléments dans le DOM ne s'est pas stabilisé après ${tentatives_max} tentatives.</arg>
<doc>Fails the test with the given message and optionally alters its tags.</doc>
<status status="NOT RUN" start="2026-04-21T15:16:39.712353" elapsed="0.000998"/>
</kw>
<doc>Attend que le nombre total d'éléments dans le DOM ne change plus
entre deux intervalles, indiquant une stabilité structurelle.</doc>
<status status="PASS" start="2026-04-21T15:16:39.482545" elapsed="0.230806"/>
</kw>
<for flavor="IN RANGE">
<iter>
<try>
<branch type="TRY">
<kw name="Run Keyword" owner="BuiltIn">
<kw name="Click Button" owner="SeleniumLibrary">
<msg time="2026-04-21T15:16:39.716410" level="INFO">Clicking button 'xpath=//input[@id='login-button']'.</msg>
<arg>@{args}</arg>
<doc>Clicks the button identified by ``locator``.</doc>
<status status="PASS" start="2026-04-21T15:16:39.716410" elapsed="0.116265"/>
</kw>
<msg time="2026-04-21T15:16:39.832675" level="INFO">${result} = None</msg>
<var>${result}</var>
<arg>${mot_cle}</arg>
<arg>@{args}</arg>
<doc>Executes the given keyword with the given arguments.</doc>
<status status="PASS" start="2026-04-21T15:16:39.714386" elapsed="0.118289"/>
</kw>
<kw name="Log" owner="BuiltIn">
<msg time="2026-04-21T15:16:39.832675" level="INFO">Succès à la tentative 1 pour : Click Button ["xpath=//input[@id='login-button']"]</msg>
<arg>Succès à la tentative ${index + 1} pour : ${mot_cle} ${args}</arg>
<doc>Logs the given message with the given level.</doc>
<status status="PASS" start="2026-04-21T15:16:39.832675" elapsed="0.000000"/>
</kw>
<return>
<value>${result}</value>
<status status="PASS" start="2026-04-21T15:16:39.832675" elapsed="0.000000"/>
</return>
<status status="PASS" start="2026-04-21T15:16:39.714386" elapsed="0.118289"/>
</branch>
<branch type="EXCEPT" assign="${err}">
<kw name="Log To Console" owner="BuiltIn">
<arg>Échec tentative ${index + 1} pour : ${mot_cle} ${args}</arg>
<doc>Logs the given message to the console.</doc>
<status status="NOT RUN" start="2026-04-21T15:16:39.832675" elapsed="0.000000"/>
</kw>
<kw name="Log To Console" owner="BuiltIn">
<arg>Message d'exception : ${err}</arg>
<doc>Logs the given message to the console.</doc>
<status status="NOT RUN" start="2026-04-21T15:16:39.832675" elapsed="0.000000"/>
</kw>
<kw name="Sleep" owner="BuiltIn">
<arg>${attente}</arg>
<doc>Pauses the test executed for the given time.</doc>
<status status="NOT RUN" start="2026-04-21T15:16:39.832675" elapsed="0.000000"/>
</kw>
<status status="NOT RUN" start="2026-04-21T15:16:39.832675" elapsed="0.000000"/>
</branch>
<status status="PASS" start="2026-04-21T15:16:39.714386" elapsed="0.118289"/>
</try>
<var name="${index}">0</var>
<status status="PASS" start="2026-04-21T15:16:39.714386" elapsed="0.118289"/>
</iter>
<var>${index}</var>
<value>${tentatives_max}</value>
<status status="PASS" start="2026-04-21T15:16:39.713351" elapsed="0.119324"/>
</for>
<kw name="Fail" owner="BuiltIn">
<arg>Échec après ${tentatives_max} tentatives du mot-clé : ${mot_cle} ${args}. Dernière erreur: ${err}</arg>
<doc>Fails the test with the given message and optionally alters its tags.</doc>
<status status="NOT RUN" start="2026-04-21T15:16:39.832675" elapsed="0.000000"/>
</kw>
<arg>Click Button</arg>
<arg>${Btn_Login}</arg>
<doc>Exécute un mot-clé avec rerejeu automatique en cas d'exception dans la limite d'un nombre de fois en paramètre ci-dessous.
Utile pour gérer les erreurs comme StaleElementReferenceException ou autres erreurs intermittentes.</doc>
<status status="PASS" start="2026-04-21T15:16:39.482545" elapsed="0.350130"/>
</kw>
<status status="PASS" start="2026-04-21T15:16:39.230193" elapsed="0.602482"/>
</kw>
<kw name="Strong" owner="base_page">
<kw name="Set Variable" owner="BuiltIn">
<msg time="2026-04-21T15:16:39.832675" level="INFO">${tentatives_max} = 15</msg>
<var>${tentatives_max}</var>
<arg>15</arg>
<doc>Returns the given values which can then be assigned to a variables.</doc>
<status status="PASS" start="2026-04-21T15:16:39.832675" elapsed="0.000000"/>
</kw>
<kw name="Set Variable" owner="BuiltIn">
<msg time="2026-04-21T15:16:39.832675" level="INFO">${attente} = 0.1s</msg>
<var>${attente}</var>
<arg>0.1s</arg>
<doc>Returns the given values which can then be assigned to a variables.</doc>
<status status="PASS" start="2026-04-21T15:16:39.832675" elapsed="0.015623"/>
</kw>
<kw name="Attendre Que Le DOM Soit Stable" owner="base_page">
<for flavor="IN RANGE">
<iter>
<kw name="Get Element Count" owner="SeleniumLibrary">
<msg time="2026-04-21T15:16:39.870173" level="INFO">${compte1} = 52</msg>
<var>${compte1}</var>
<arg>${locator_racine}</arg>
<doc>Returns the number of elements matching ``locator``.</doc>
<status status="PASS" start="2026-04-21T15:16:39.852737" elapsed="0.018458"/>
</kw>
<kw name="Sleep" owner="BuiltIn">
<msg time="2026-04-21T15:16:40.072483" level="INFO">Slept 200 milliseconds.</msg>
<arg>${intervalle}</arg>
<doc>Pauses the test executed for the given time.</doc>
<status status="PASS" start="2026-04-21T15:16:39.871195" elapsed="0.201288"/>
</kw>
<kw name="Get Element Count" owner="SeleniumLibrary">
<msg time="2026-04-21T15:16:40.080818" level="INFO">${compte2} = 52</msg>
<var>${compte2}</var>
<arg>${locator_racine}</arg>
<doc>Returns the number of elements matching ``locator``.</doc>
<status status="PASS" start="2026-04-21T15:16:40.072483" elapsed="0.008335"/>
</kw>
<if>
<branch type="IF" condition="${compte1} == ${compte2}">
<return>
<status status="PASS" start="2026-04-21T15:16:40.081817" elapsed="0.000819"/>
</return>
<status status="PASS" start="2026-04-21T15:16:40.080818" elapsed="0.001818"/>
</branch>
<status status="PASS" start="2026-04-21T15:16:40.080818" elapsed="0.001818"/>
</if>
<var name="${i}">0</var>
<status status="PASS" start="2026-04-21T15:16:39.852737" elapsed="0.229899"/>
</iter>
<var>${i}</var>
<value>${tentatives_max}</value>
<status status="PASS" start="2026-04-21T15:16:39.850737" elapsed="0.231899"/>
</for>
<kw name="Fail" owner="BuiltIn">
<arg>ERREUR: Le nombre d'éléments dans le DOM ne s'est pas stabilisé après ${tentatives_max} tentatives.</arg>
<doc>Fails the test with the given message and optionally alters its tags.</doc>
<status status="NOT RUN" start="2026-04-21T15:16:40.082636" elapsed="0.000000"/>
</kw>
<doc>Attend que le nombre total d'éléments dans le DOM ne change plus
entre deux intervalles, indiquant une stabilité structurelle.</doc>
<status status="PASS" start="2026-04-21T15:16:39.849735" elapsed="0.232901"/>
</kw>
<for flavor="IN RANGE">
<iter>
<try>
<branch type="TRY">
<kw name="Run Keyword" owner="BuiltIn">
<kw name="Page Should Not Contain" owner="SeleniumLibrary">
<msg time="2026-04-21T15:16:40.099523" level="INFO">Current page does not contain text 'Produits'.</msg>
<arg>@{args}</arg>
<doc>Verifies the current page does not contain ``text``.</doc>
<status status="PASS" start="2026-04-21T15:16:40.082636" elapsed="0.017476"/>
</kw>
<msg time="2026-04-21T15:16:40.101117" level="INFO">${result} = None</msg>
<var>${result}</var>
<arg>${mot_cle}</arg>
<arg>@{args}</arg>
<doc>Executes the given keyword with the given arguments.</doc>
<status status="PASS" start="2026-04-21T15:16:40.082636" elapsed="0.019480"/>
</kw>
<kw name="Log" owner="BuiltIn">
<msg time="2026-04-21T15:16:40.104117" level="INFO">Succès à la tentative 1 pour : Page Should Not Contain ['Produits']</msg>
<arg>Succès à la tentative ${index + 1} pour : ${mot_cle} ${args}</arg>
<doc>Logs the given message with the given level.</doc>
<status status="PASS" start="2026-04-21T15:16:40.103117" elapsed="0.002005"/>
</kw>
<return>
<value>${result}</value>
<status status="PASS" start="2026-04-21T15:16:40.105122" elapsed="0.001006"/>
</return>
<status status="PASS" start="2026-04-21T15:16:40.082636" elapsed="0.023492"/>
</branch>
<branch type="EXCEPT" assign="${err}">
<kw name="Log To Console" owner="BuiltIn">
<arg>Échec tentative ${index + 1} pour : ${mot_cle} ${args}</arg>
<doc>Logs the given message to the console.</doc>
<status status="NOT RUN" start="2026-04-21T15:16:40.107123" elapsed="0.000993"/>
</kw>
<kw name="Log To Console" owner="BuiltIn">
<arg>Message d'exception : ${err}</arg>
<doc>Logs the given message to the console.</doc>
<status status="NOT RUN" start="2026-04-21T15:16:40.108116" elapsed="0.001004"/>
</kw>
<kw name="Sleep" owner="BuiltIn">
<arg>${attente}</arg>
<doc>Pauses the test executed for the given time.</doc>
<status status="NOT RUN" start="2026-04-21T15:16:40.109120" elapsed="0.000997"/>
</kw>
<status status="NOT RUN" start="2026-04-21T15:16:40.106128" elapsed="0.003989"/>
</branch>
<status status="PASS" start="2026-04-21T15:16:40.082636" elapsed="0.027481"/>
</try>
<var name="${index}">0</var>
<status status="PASS" start="2026-04-21T15:16:40.082636" elapsed="0.027481"/>
</iter>
<var>${index}</var>
<value>${tentatives_max}</value>
<status status="PASS" start="2026-04-21T15:16:40.082636" elapsed="0.028483"/>
</for>
<kw name="Fail" owner="BuiltIn">
<arg>Échec après ${tentatives_max} tentatives du mot-clé : ${mot_cle} ${args}. Dernière erreur: ${err}</arg>
<doc>Fails the test with the given message and optionally alters its tags.</doc>
<status status="NOT RUN" start="2026-04-21T15:16:40.111119" elapsed="0.000000"/>
</kw>
<arg>Page Should Not Contain</arg>
<arg>Produits</arg>
<doc>Exécute un mot-clé avec rerejeu automatique en cas d'exception dans la limite d'un nombre de fois en paramètre ci-dessous.
Utile pour gérer les erreurs comme StaleElementReferenceException ou autres erreurs intermittentes.</doc>
<status status="PASS" start="2026-04-21T15:16:39.832675" elapsed="0.279439"/>
</kw>
<kw name="Capture Page Screenshot" owner="SeleniumLibrary">
<msg time="2026-04-21T15:16:40.155367" level="INFO" html="true">&lt;/td&gt;&lt;/tr&gt;&lt;tr&gt;&lt;td colspan="3"&gt;&lt;a href="selenium-screenshot-5.png"&gt;&lt;img src="selenium-screenshot-5.png" width="800px"&gt;&lt;/a&gt;</msg>
<doc>Takes a screenshot of the current page and embeds it into a log file.</doc>
<status status="PASS" start="2026-04-21T15:16:40.112114" elapsed="0.044248"/>
</kw>
<kw name="Fermer tout les navigateurs" owner="base_page" type="TEARDOWN">
<kw name="Close All Browsers" owner="SeleniumLibrary">
<doc>Closes all open browsers and resets the browser cache.</doc>
<status status="PASS" start="2026-04-21T15:16:40.158289" elapsed="3.562218"/>
</kw>
<status status="PASS" start="2026-04-21T15:16:40.157367" elapsed="3.564138"/>
</kw>
<doc>ce cas de test permet de vérifier qu'on ne peut pas se connecter au site par
un username et mot de passe invalides</doc>
<tag>login</tag>
<status status="PASS" start="2026-04-21T15:16:29.705141" elapsed="14.016844"/>
</test>
<status status="PASS" start="2026-04-21T15:16:14.884881" elapsed="28.844686"/>
</suite>
<status status="PASS" start="2026-04-21T15:16:14.861281" elapsed="28.889140"/>
</suite>
<status status="PASS" start="2026-04-21T15:16:14.806653" elapsed="28.959464"/>
</suite>
<statistics>
<total>
<stat pass="2" fail="0" skip="0">All Tests</stat>
</total>
<tag>
<stat pass="2" fail="0" skip="0">login</stat>
</tag>
<suite>
<stat name="Rob1" id="s1" pass="2" fail="0" skip="0">Rob1</stat>
<stat name="Tests" id="s1-s1" pass="2" fail="0" skip="0">Rob1.Tests</stat>
<stat name="Login test" id="s1-s1-s1" pass="2" fail="0" skip="0">Rob1.Tests.Login test</stat>
</suite>
</statistics>
<errors>
</errors>
</robot>
